{"C:\\Codes\\React\\Legal-Substance\\WEBSYS2_Group5\\Backend\\src\\auth\\auth-controller.ts": {"path":"C:\\Codes\\React\\Legal-Substance\\WEBSYS2_Group5\\Backend\\src\\auth\\auth-controller.ts","statementMap":{"0":{"start":{"line":2,"column":0},"end":{"line":2,"column":44}},"1":{"start":{"line":3,"column":0},"end":{"line":3,"column":46}},"2":{"start":{"line":6,"column":0},"end":{"line":6,"column":30}},"3":{"start":{"line":17,"column":4},"end":{"line":36,"column":6}},"4":{"start":{"line":40,"column":23},"end":{"line":40,"column":25}},"5":{"start":{"line":41,"column":19},"end":{"line":41,"column":20}},"6":{"start":{"line":43,"column":4},"end":{"line":129,"column":5}},"7":{"start":{"line":44,"column":6},"end":{"line":128,"column":7}},"8":{"start":{"line":45,"column":28},"end":{"line":45,"column":49}},"9":{"start":{"line":46,"column":23},"end":{"line":46,"column":44}},"10":{"start":{"line":48,"column":8},"end":{"line":53,"column":9}},"11":{"start":{"line":49,"column":10},"end":{"line":52,"column":13}},"12":{"start":{"line":55,"column":21},"end":{"line":55,"column":29}},"13":{"start":{"line":57,"column":8},"end":{"line":64,"column":9}},"14":{"start":{"line":58,"column":32},"end":{"line":58,"column":83}},"15":{"start":{"line":58,"column":70},"end":{"line":58,"column":82}},"16":{"start":{"line":59,"column":10},"end":{"line":63,"column":11}},"17":{"start":{"line":60,"column":12},"end":{"line":62,"column":15}},"18":{"start":{"line":66,"column":70},"end":{"line":66,"column":74}},"19":{"start":{"line":66,"column":65},"end":{"line":66,"column":70}},"20":{"start":{"line":68,"column":31},"end":{"line":68,"column":69}},"21":{"start":{"line":69,"column":22},"end":{"line":72,"column":null}},"22":{"start":{"line":75,"column":21},"end":{"line":75,"column":56}},"23":{"start":{"line":77,"column":25},"end":{"line":77,"column":38}},"24":{"start":{"line":78,"column":47},"end":{"line":78,"column":55}},"25":{"start":{"line":78,"column":42},"end":{"line":78,"column":47}},"26":{"start":{"line":80,"column":8},"end":{"line":82,"column":11}},"27":{"start":{"line":84,"column":8},"end":{"line":102,"column":9}},"28":{"start":{"line":86,"column":10},"end":{"line":86,"column":21}},"29":{"start":{"line":88,"column":31},"end":{"line":88,"column":64}},"30":{"start":{"line":90,"column":10},"end":{"line":93,"column":31}},"31":{"start":{"line":91,"column":12},"end":{"line":91,"column":74}},"32":{"start":{"line":92,"column":12},"end":{"line":92,"column":21}},"33":{"start":{"line":95,"column":10},"end":{"line":100,"column":11}},"34":{"start":{"line":96,"column":12},"end":{"line":99,"column":15}},"35":{"start":{"line":101,"column":10},"end":{"line":101,"column":19}},"36":{"start":{"line":104,"column":8},"end":{"line":122,"column":9}},"37":{"start":{"line":105,"column":22},"end":{"line":105,"column":26}},"38":{"start":{"line":107,"column":10},"end":{"line":114,"column":11}},"39":{"start":{"line":108,"column":12},"end":{"line":108,"column":49}},"40":{"start":{"line":109,"column":17},"end":{"line":114,"column":11}},"41":{"start":{"line":110,"column":12},"end":{"line":110,"column":41}},"42":{"start":{"line":111,"column":17},"end":{"line":114,"column":11}},"43":{"start":{"line":112,"column":26},"end":{"line":112,"column":72}},"44":{"start":{"line":113,"column":12},"end":{"line":113,"column":40}},"45":{"start":{"line":113,"column":23},"end":{"line":113,"column":40}},"46":{"start":{"line":116,"column":10},"end":{"line":120,"column":11}},"47":{"start":{"line":117,"column":12},"end":{"line":117,"column":80}},"48":{"start":{"line":118,"column":17},"end":{"line":120,"column":11}},"49":{"start":{"line":119,"column":12},"end":{"line":119,"column":77}},"50":{"start":{"line":121,"column":10},"end":{"line":121,"column":87}},"51":{"start":{"line":124,"column":8},"end":{"line":127,"column":11}},"52":{"start":{"line":15,"column":0},"end":{"line":15,"column":13}},"53":{"start":{"line":132,"column":9},"end":{"line":134,"column":null}},"54":{"start":{"line":132,"column":66},"end":{"line":134,"column":null}},"55":{"start":{"line":133,"column":4},"end":{"line":133,"column":61}},"56":{"start":{"line":136,"column":9},"end":{"line":138,"column":null}},"57":{"start":{"line":136,"column":64},"end":{"line":138,"column":null}},"58":{"start":{"line":137,"column":4},"end":{"line":137,"column":59}},"59":{"start":{"line":140,"column":9},"end":{"line":142,"column":null}},"60":{"start":{"line":140,"column":66},"end":{"line":142,"column":null}},"61":{"start":{"line":141,"column":4},"end":{"line":141,"column":61}},"62":{"start":{"line":144,"column":9},"end":{"line":176,"column":null}},"63":{"start":{"line":146,"column":2},"end":{"line":148,"column":3}},"64":{"start":{"line":147,"column":4},"end":{"line":147,"column":70}},"65":{"start":{"line":150,"column":2},"end":{"line":175,"column":21}},"66":{"start":{"line":151,"column":4},"end":{"line":153,"column":5}},"67":{"start":{"line":152,"column":6},"end":{"line":152,"column":87}},"68":{"start":{"line":155,"column":4},"end":{"line":157,"column":5}},"69":{"start":{"line":156,"column":6},"end":{"line":156,"column":87}},"70":{"start":{"line":160,"column":4},"end":{"line":174,"column":7}},"71":{"start":{"line":161,"column":6},"end":{"line":163,"column":7}},"72":{"start":{"line":162,"column":8},"end":{"line":162,"column":100}},"73":{"start":{"line":165,"column":6},"end":{"line":173,"column":9}},"74":{"start":{"line":178,"column":9},"end":{"line":193,"column":null}},"75":{"start":{"line":178,"column":60},"end":{"line":193,"column":null}},"76":{"start":{"line":179,"column":4},"end":{"line":192,"column":7}},"77":{"start":{"line":180,"column":6},"end":{"line":182,"column":7}},"78":{"start":{"line":181,"column":8},"end":{"line":181,"column":90}},"79":{"start":{"line":184,"column":6},"end":{"line":191,"column":9}},"80":{"start":{"line":185,"column":8},"end":{"line":187,"column":9}},"81":{"start":{"line":186,"column":10},"end":{"line":186,"column":106}},"82":{"start":{"line":189,"column":8},"end":{"line":189,"column":39}},"83":{"start":{"line":190,"column":8},"end":{"line":190,"column":70}},"84":{"start":{"line":195,"column":9},"end":{"line":216,"column":null}},"85":{"start":{"line":195,"column":64},"end":{"line":216,"column":null}},"86":{"start":{"line":196,"column":4},"end":{"line":215,"column":5}},"87":{"start":{"line":197,"column":6},"end":{"line":199,"column":7}},"88":{"start":{"line":198,"column":8},"end":{"line":198,"column":70}},"89":{"start":{"line":201,"column":26},"end":{"line":201,"column":47}},"90":{"start":{"line":202,"column":21},"end":{"line":202,"column":47}},"91":{"start":{"line":204,"column":19},"end":{"line":206,"column":8}},"92":{"start":{"line":208,"column":6},"end":{"line":210,"column":7}},"93":{"start":{"line":209,"column":8},"end":{"line":209,"column":67}},"94":{"start":{"line":212,"column":6},"end":{"line":212,"column":44}},"95":{"start":{"line":214,"column":6},"end":{"line":214,"column":95}}},"fnMap":{"0":{"name":"(anonymous_9)","decl":{"start":{"line":16,"column":10},"end":{"line":16,"column":16}},"loc":{"start":{"line":16,"column":31},"end":{"line":37,"column":3}}},"1":{"name":"(anonymous_10)","decl":{"start":{"line":39,"column":10},"end":{"line":39,"column":16}},"loc":{"start":{"line":39,"column":81},"end":{"line":130,"column":null}}},"2":{"name":"(anonymous_12)","decl":{"start":{"line":58,"column":61},"end":{"line":58,"column":66}},"loc":{"start":{"line":58,"column":70},"end":{"line":58,"column":82}}},"3":{"name":"(anonymous_13)","decl":{"start":{"line":132,"column":28},"end":{"line":132,"column":35}},"loc":{"start":{"line":132,"column":66},"end":{"line":134,"column":null}}},"4":{"name":"(anonymous_14)","decl":{"start":{"line":132,"column":66},"end":{"line":132,"column":null}},"loc":{"start":{"line":132,"column":66},"end":{"line":134,"column":3}}},"5":{"name":"(anonymous_15)","decl":{"start":{"line":136,"column":26},"end":{"line":136,"column":33}},"loc":{"start":{"line":136,"column":64},"end":{"line":138,"column":null}}},"6":{"name":"(anonymous_16)","decl":{"start":{"line":136,"column":64},"end":{"line":136,"column":null}},"loc":{"start":{"line":136,"column":64},"end":{"line":138,"column":3}}},"7":{"name":"(anonymous_17)","decl":{"start":{"line":140,"column":28},"end":{"line":140,"column":35}},"loc":{"start":{"line":140,"column":66},"end":{"line":142,"column":null}}},"8":{"name":"(anonymous_18)","decl":{"start":{"line":140,"column":66},"end":{"line":140,"column":null}},"loc":{"start":{"line":140,"column":66},"end":{"line":142,"column":3}}},"9":{"name":"(anonymous_19)","decl":{"start":{"line":144,"column":17},"end":{"line":144,"column":18}},"loc":{"start":{"line":144,"column":69},"end":{"line":176,"column":1}}},"10":{"name":"(anonymous_20)","decl":{"start":{"line":150,"column":33},"end":{"line":150,"column":34}},"loc":{"start":{"line":150,"column":68},"end":{"line":175,"column":3}}},"11":{"name":"(anonymous_21)","decl":{"start":{"line":160,"column":20},"end":{"line":160,"column":21}},"loc":{"start":{"line":160,"column":33},"end":{"line":174,"column":5}}},"12":{"name":"(anonymous_22)","decl":{"start":{"line":178,"column":18},"end":{"line":178,"column":25}},"loc":{"start":{"line":178,"column":60},"end":{"line":193,"column":null}}},"13":{"name":"(anonymous_23)","decl":{"start":{"line":178,"column":60},"end":{"line":178,"column":null}},"loc":{"start":{"line":178,"column":60},"end":{"line":193,"column":3}}},"14":{"name":"(anonymous_24)","decl":{"start":{"line":179,"column":15},"end":{"line":179,"column":16}},"loc":{"start":{"line":179,"column":23},"end":{"line":192,"column":5}}},"15":{"name":"(anonymous_25)","decl":{"start":{"line":184,"column":26},"end":{"line":184,"column":27}},"loc":{"start":{"line":184,"column":41},"end":{"line":191,"column":7}}},"16":{"name":"(anonymous_26)","decl":{"start":{"line":195,"column":22},"end":{"line":195,"column":29}},"loc":{"start":{"line":195,"column":64},"end":{"line":216,"column":null}}},"17":{"name":"(anonymous_27)","decl":{"start":{"line":195,"column":64},"end":{"line":195,"column":null}},"loc":{"start":{"line":195,"column":64},"end":{"line":216,"column":3}}}},"branchMap":{"0":{"loc":{"start":{"line":48,"column":8},"end":{"line":53,"column":9}},"type":"if","locations":[{"start":{"line":48,"column":8},"end":{"line":53,"column":9}},{"start":{},"end":{}}]},"1":{"loc":{"start":{"line":48,"column":12},"end":{"line":48,"column":36}},"type":"binary-expr","locations":[{"start":{"line":48,"column":12},"end":{"line":48,"column":19}},{"start":{"line":48,"column":23},"end":{"line":48,"column":36}}]},"2":{"loc":{"start":{"line":57,"column":8},"end":{"line":64,"column":9}},"type":"if","locations":[{"start":{"line":57,"column":8},"end":{"line":64,"column":9}},{"start":{},"end":{}}]},"3":{"loc":{"start":{"line":59,"column":10},"end":{"line":63,"column":11}},"type":"if","locations":[{"start":{"line":59,"column":10},"end":{"line":63,"column":11}},{"start":{},"end":{}}]},"4":{"loc":{"start":{"line":84,"column":8},"end":{"line":102,"column":9}},"type":"if","locations":[{"start":{"line":84,"column":8},"end":{"line":102,"column":9}},{"start":{},"end":{}}]},"5":{"loc":{"start":{"line":84,"column":12},"end":{"line":85,"column":96}},"type":"binary-expr","locations":[{"start":{"line":84,"column":13},"end":{"line":84,"column":35}},{"start":{"line":84,"column":39},"end":{"line":84,"column":69}},{"start":{"line":85,"column":13},"end":{"line":85,"column":48}},{"start":{"line":85,"column":52},"end":{"line":85,"column":95}}]},"6":{"loc":{"start":{"line":84,"column":39},"end":{"line":84,"column":57}},"type":"cond-expr","locations":[{"start":{"line":84,"column":51},"end":{"line":84,"column":53}},{"start":{"line":84,"column":51},"end":{"line":84,"column":57}}]},"7":{"loc":{"start":{"line":84,"column":39},"end":{"line":84,"column":53}},"type":"binary-expr","locations":[{"start":{"line":84,"column":39},"end":{"line":84,"column":53}},{"start":{"line":84,"column":51},"end":{"line":84,"column":53}}]},"8":{"loc":{"start":{"line":85,"column":13},"end":{"line":85,"column":48}},"type":"cond-expr","locations":[{"start":{"line":85,"column":29},"end":{"line":85,"column":31}},{"start":{"line":85,"column":29},"end":{"line":85,"column":48}}]},"9":{"loc":{"start":{"line":85,"column":13},"end":{"line":85,"column":31}},"type":"binary-expr","locations":[{"start":{"line":85,"column":13},"end":{"line":85,"column":31}},{"start":{"line":85,"column":29},"end":{"line":85,"column":31}}]},"10":{"loc":{"start":{"line":85,"column":52},"end":{"line":85,"column":95}},"type":"cond-expr","locations":[{"start":{"line":85,"column":76},"end":{"line":85,"column":78}},{"start":{"line":85,"column":76},"end":{"line":85,"column":95}}]},"11":{"loc":{"start":{"line":85,"column":52},"end":{"line":85,"column":78}},"type":"binary-expr","locations":[{"start":{"line":85,"column":52},"end":{"line":85,"column":78}},{"start":{"line":85,"column":76},"end":{"line":85,"column":78}}]},"12":{"loc":{"start":{"line":85,"column":52},"end":{"line":85,"column":76}},"type":"cond-expr","locations":[{"start":{"line":85,"column":64},"end":{"line":85,"column":66}},{"start":{"line":85,"column":64},"end":{"line":85,"column":76}}]},"13":{"loc":{"start":{"line":85,"column":52},"end":{"line":85,"column":66}},"type":"binary-expr","locations":[{"start":{"line":85,"column":52},"end":{"line":85,"column":66}},{"start":{"line":85,"column":64},"end":{"line":85,"column":66}}]},"14":{"loc":{"start":{"line":95,"column":10},"end":{"line":100,"column":11}},"type":"if","locations":[{"start":{"line":95,"column":10},"end":{"line":100,"column":11}},{"start":{},"end":{}}]},"15":{"loc":{"start":{"line":104,"column":8},"end":{"line":122,"column":9}},"type":"if","locations":[{"start":{"line":104,"column":8},"end":{"line":122,"column":9}},{"start":{},"end":{}}]},"16":{"loc":{"start":{"line":107,"column":10},"end":{"line":114,"column":11}},"type":"if","locations":[{"start":{"line":107,"column":10},"end":{"line":114,"column":11}},{"start":{"line":109,"column":17},"end":{"line":114,"column":11}}]},"17":{"loc":{"start":{"line":109,"column":17},"end":{"line":114,"column":11}},"type":"if","locations":[{"start":{"line":109,"column":17},"end":{"line":114,"column":11}},{"start":{"line":111,"column":17},"end":{"line":114,"column":11}}]},"18":{"loc":{"start":{"line":109,"column":21},"end":{"line":109,"column":60}},"type":"binary-expr","locations":[{"start":{"line":109,"column":21},"end":{"line":109,"column":33}},{"start":{"line":109,"column":37},"end":{"line":109,"column":60}}]},"19":{"loc":{"start":{"line":111,"column":17},"end":{"line":114,"column":11}},"type":"if","locations":[{"start":{"line":111,"column":17},"end":{"line":114,"column":11}},{"start":{},"end":{}}]},"20":{"loc":{"start":{"line":111,"column":21},"end":{"line":111,"column":45}},"type":"cond-expr","locations":[{"start":{"line":111,"column":33},"end":{"line":111,"column":35}},{"start":{"line":111,"column":33},"end":{"line":111,"column":45}}]},"21":{"loc":{"start":{"line":111,"column":21},"end":{"line":111,"column":35}},"type":"binary-expr","locations":[{"start":{"line":111,"column":21},"end":{"line":111,"column":35}},{"start":{"line":111,"column":33},"end":{"line":111,"column":35}}]},"22":{"loc":{"start":{"line":113,"column":12},"end":{"line":113,"column":40}},"type":"if","locations":[{"start":{"line":113,"column":12},"end":{"line":113,"column":40}},{"start":{},"end":{}}]},"23":{"loc":{"start":{"line":116,"column":10},"end":{"line":120,"column":11}},"type":"if","locations":[{"start":{"line":116,"column":10},"end":{"line":120,"column":11}},{"start":{"line":118,"column":17},"end":{"line":120,"column":11}}]},"24":{"loc":{"start":{"line":118,"column":17},"end":{"line":120,"column":11}},"type":"if","locations":[{"start":{"line":118,"column":17},"end":{"line":120,"column":11}},{"start":{},"end":{}}]},"25":{"loc":{"start":{"line":146,"column":2},"end":{"line":148,"column":3}},"type":"if","locations":[{"start":{"line":146,"column":2},"end":{"line":148,"column":3}},{"start":{},"end":{}}]},"26":{"loc":{"start":{"line":151,"column":4},"end":{"line":153,"column":5}},"type":"if","locations":[{"start":{"line":151,"column":4},"end":{"line":153,"column":5}},{"start":{},"end":{}}]},"27":{"loc":{"start":{"line":155,"column":4},"end":{"line":157,"column":5}},"type":"if","locations":[{"start":{"line":155,"column":4},"end":{"line":157,"column":5}},{"start":{},"end":{}}]},"28":{"loc":{"start":{"line":156,"column":45},"end":{"line":156,"column":83}},"type":"binary-expr","locations":[{"start":{"line":156,"column":45},"end":{"line":156,"column":58}},{"start":{"line":156,"column":62},"end":{"line":156,"column":83}}]},"29":{"loc":{"start":{"line":156,"column":45},"end":{"line":156,"column":58}},"type":"cond-expr","locations":[{"start":{"line":156,"column":49},"end":{"line":156,"column":51}},{"start":{"line":156,"column":45},"end":{"line":156,"column":58}}]},"30":{"loc":{"start":{"line":156,"column":45},"end":{"line":156,"column":51}},"type":"binary-expr","locations":[{"start":{"line":156,"column":45},"end":{"line":156,"column":51}},{"start":{"line":156,"column":45},"end":{"line":156,"column":51}}]},"31":{"loc":{"start":{"line":161,"column":6},"end":{"line":163,"column":7}},"type":"if","locations":[{"start":{"line":161,"column":6},"end":{"line":163,"column":7}},{"start":{},"end":{}}]},"32":{"loc":{"start":{"line":180,"column":6},"end":{"line":182,"column":7}},"type":"if","locations":[{"start":{"line":180,"column":6},"end":{"line":182,"column":7}},{"start":{},"end":{}}]},"33":{"loc":{"start":{"line":185,"column":8},"end":{"line":187,"column":9}},"type":"if","locations":[{"start":{"line":185,"column":8},"end":{"line":187,"column":9}},{"start":{},"end":{}}]},"34":{"loc":{"start":{"line":197,"column":6},"end":{"line":199,"column":7}},"type":"if","locations":[{"start":{"line":197,"column":6},"end":{"line":199,"column":7}},{"start":{},"end":{}}]},"35":{"loc":{"start":{"line":208,"column":6},"end":{"line":210,"column":7}},"type":"if","locations":[{"start":{"line":208,"column":6},"end":{"line":210,"column":7}},{"start":{},"end":{}}]}},"s":{"0":1,"1":1,"2":1,"3":4,"4":3,"5":3,"6":3,"7":3,"8":3,"9":3,"10":3,"11":0,"12":3,"13":3,"14":3,"15":10,"16":3,"17":0,"18":3,"19":3,"20":3,"21":3,"22":3,"23":3,"24":3,"25":3,"26":3,"27":0,"28":0,"29":0,"30":0,"31":0,"32":0,"33":0,"34":0,"35":0,"36":0,"37":0,"38":0,"39":0,"40":0,"41":0,"42":0,"43":0,"44":0,"45":0,"46":0,"47":0,"48":0,"49":0,"50":0,"51":0,"52":1,"53":1,"54":1,"55":1,"56":1,"57":1,"58":1,"59":1,"60":1,"61":1,"62":1,"63":1,"64":0,"65":1,"66":1,"67":0,"68":1,"69":0,"70":1,"71":1,"72":0,"73":1,"74":1,"75":1,"76":1,"77":1,"78":0,"79":1,"80":1,"81":0,"82":1,"83":1,"84":1,"85":1,"86":1,"87":1,"88":0,"89":1,"90":1,"91":1,"92":1,"93":0,"94":1,"95":0},"f":{"0":4,"1":3,"2":10,"3":1,"4":1,"5":1,"6":1,"7":1,"8":1,"9":1,"10":1,"11":1,"12":1,"13":1,"14":1,"15":1,"16":1,"17":1},"b":{"0":[0,3],"1":[3,3],"2":[3,0],"3":[0,3],"4":[0,0],"5":[0,0,0,0],"6":[0,0],"7":[0,0],"8":[0,0],"9":[0,0],"10":[0,0],"11":[0,0],"12":[0,0],"13":[0,0],"14":[0,0],"15":[0,0],"16":[0,0],"17":[0,0],"18":[0,0],"19":[0,0],"20":[0,0],"21":[0,0],"22":[0,0],"23":[0,0],"24":[0,0],"25":[0,1],"26":[0,1],"27":[0,1],"28":[0,0],"29":[0,0],"30":[0,0],"31":[0,1],"32":[0,1],"33":[0,1],"34":[0,1],"35":[0,1]}}
,"C:\\Codes\\React\\Legal-Substance\\WEBSYS2_Group5\\Backend\\src\\auth\\auth-middleware.ts": {"path":"C:\\Codes\\React\\Legal-Substance\\WEBSYS2_Group5\\Backend\\src\\auth\\auth-middleware.ts","statementMap":{"0":{"start":{"line":25,"column":28},"end":{"line":41,"column":1}},"1":{"start":{"line":26,"column":2},"end":{"line":40,"column":4}},"2":{"start":{"line":28,"column":4},"end":{"line":30,"column":5}},"3":{"start":{"line":29,"column":6},"end":{"line":29,"column":78}},"4":{"start":{"line":32,"column":17},"end":{"line":32,"column":41}},"5":{"start":{"line":35,"column":4},"end":{"line":37,"column":5}},"6":{"start":{"line":36,"column":6},"end":{"line":36,"column":83}},"7":{"start":{"line":39,"column":4},"end":{"line":39,"column":11}},"8":{"start":{"line":25,"column":13},"end":{"line":25,"column":28}}},"fnMap":{"0":{"name":"(anonymous_0)","decl":{"start":{"line":25,"column":28},"end":{"line":25,"column":29}},"loc":{"start":{"line":25,"column":60},"end":{"line":41,"column":1}}},"1":{"name":"(anonymous_1)","decl":{"start":{"line":26,"column":9},"end":{"line":26,"column":10}},"loc":{"start":{"line":26,"column":61},"end":{"line":40,"column":3}}}},"branchMap":{"0":{"loc":{"start":{"line":28,"column":4},"end":{"line":30,"column":5}},"type":"if","locations":[{"start":{"line":28,"column":4},"end":{"line":30,"column":5}},{"start":{},"end":{}}]},"1":{"loc":{"start":{"line":35,"column":4},"end":{"line":37,"column":5}},"type":"if","locations":[{"start":{"line":35,"column":4},"end":{"line":37,"column":5}},{"start":{},"end":{}}]},"2":{"loc":{"start":{"line":35,"column":8},"end":{"line":35,"column":65}},"type":"binary-expr","locations":[{"start":{"line":35,"column":8},"end":{"line":35,"column":24}},{"start":{"line":35,"column":28},"end":{"line":35,"column":65}}]}},"s":{"0":1,"1":2,"2":3,"3":1,"4":2,"5":2,"6":0,"7":2,"8":1},"f":{"0":2,"1":3},"b":{"0":[1,2],"1":[0,2],"2":[2,0]}}
,"C:\\Codes\\React\\Legal-Substance\\WEBSYS2_Group5\\Backend\\src\\auth\\auth-routes.ts": {"path":"C:\\Codes\\React\\Legal-Substance\\WEBSYS2_Group5\\Backend\\src\\auth\\auth-routes.ts","statementMap":{"0":{"start":{"line":1,"column":0},"end":{"line":1,"column":33}},"1":{"start":{"line":2,"column":0},"end":{"line":2,"column":51}},"2":{"start":{"line":3,"column":0},"end":{"line":3,"column":49}},"3":{"start":{"line":5,"column":15},"end":{"line":5,"column":23}},"4":{"start":{"line":8,"column":0},"end":{"line":8,"column":67}},"5":{"start":{"line":9,"column":0},"end":{"line":9,"column":63}},"6":{"start":{"line":10,"column":0},"end":{"line":10,"column":67}},"7":{"start":{"line":13,"column":0},"end":{"line":13,"column":44}},"8":{"start":{"line":16,"column":0},"end":{"line":16,"column":62}},"9":{"start":{"line":19,"column":0},"end":{"line":19,"column":66}},"10":{"start":{"line":21,"column":0},"end":{"line":21,"column":22}}},"fnMap":{},"branchMap":{},"s":{"0":1,"1":1,"2":1,"3":1,"4":1,"5":1,"6":1,"7":1,"8":1,"9":1,"10":1},"f":{},"b":{}}
,"C:\\Codes\\React\\Legal-Substance\\WEBSYS2_Group5\\Backend\\src\\customers\\customers-controller.ts": {"path":"C:\\Codes\\React\\Legal-Substance\\WEBSYS2_Group5\\Backend\\src\\customers\\customers-controller.ts","statementMap":{"0":{"start":{"line":3,"column":0},"end":{"line":3,"column":46}},"1":{"start":{"line":5,"column":0},"end":{"line":5,"column":30}},"2":{"start":{"line":9,"column":4},"end":{"line":27,"column":5}},"3":{"start":{"line":10,"column":21},"end":{"line":10,"column":31}},"4":{"start":{"line":12,"column":6},"end":{"line":14,"column":7}},"5":{"start":{"line":13,"column":8},"end":{"line":13,"column":81}},"6":{"start":{"line":16,"column":23},"end":{"line":18,"column":8}},"7":{"start":{"line":20,"column":6},"end":{"line":22,"column":7}},"8":{"start":{"line":21,"column":8},"end":{"line":21,"column":71}},"9":{"start":{"line":24,"column":6},"end":{"line":24,"column":48}},"10":{"start":{"line":26,"column":6},"end":{"line":26,"column":96}},"11":{"start":{"line":31,"column":4},"end":{"line":65,"column":5}},"12":{"start":{"line":32,"column":21},"end":{"line":32,"column":31}},"13":{"start":{"line":33,"column":41},"end":{"line":33,"column":49}},"14":{"start":{"line":33,"column":22},"end":{"line":33,"column":27}},"15":{"start":{"line":33,"column":36},"end":{"line":33,"column":41}},"16":{"start":{"line":35,"column":6},"end":{"line":37,"column":7}},"17":{"start":{"line":36,"column":8},"end":{"line":36,"column":81}},"18":{"start":{"line":39,"column":23},"end":{"line":39,"column":53}},"19":{"start":{"line":41,"column":6},"end":{"line":43,"column":7}},"20":{"start":{"line":42,"column":8},"end":{"line":42,"column":71}},"21":{"start":{"line":45,"column":22},"end":{"line":45,"column":46}},"22":{"start":{"line":46,"column":6},"end":{"line":48,"column":7}},"23":{"start":{"line":47,"column":8},"end":{"line":47,"column":59}},"24":{"start":{"line":50,"column":6},"end":{"line":50,"column":40}},"25":{"start":{"line":52,"column":30},"end":{"line":54,"column":8}},"26":{"start":{"line":56,"column":6},"end":{"line":59,"column":9}},"27":{"start":{"line":61,"column":6},"end":{"line":63,"column":7}},"28":{"start":{"line":62,"column":8},"end":{"line":62,"column":85}},"29":{"start":{"line":64,"column":6},"end":{"line":64,"column":96}},"30":{"start":{"line":69,"column":4},"end":{"line":87,"column":5}},"31":{"start":{"line":70,"column":21},"end":{"line":70,"column":31}},"32":{"start":{"line":72,"column":6},"end":{"line":74,"column":7}},"33":{"start":{"line":73,"column":8},"end":{"line":73,"column":81}},"34":{"start":{"line":76,"column":23},"end":{"line":76,"column":53}},"35":{"start":{"line":78,"column":6},"end":{"line":80,"column":7}},"36":{"start":{"line":79,"column":8},"end":{"line":79,"column":71}},"37":{"start":{"line":82,"column":6},"end":{"line":82,"column":31}},"38":{"start":{"line":84,"column":6},"end":{"line":84,"column":88}},"39":{"start":{"line":86,"column":6},"end":{"line":86,"column":96}},"40":{"start":{"line":91,"column":4},"end":{"line":121,"column":5}},"41":{"start":{"line":92,"column":21},"end":{"line":92,"column":31}},"42":{"start":{"line":94,"column":6},"end":{"line":96,"column":7}},"43":{"start":{"line":95,"column":8},"end":{"line":95,"column":66}},"44":{"start":{"line":98,"column":21},"end":{"line":116,"column":8}},"45":{"start":{"line":118,"column":6},"end":{"line":118,"column":46}},"46":{"start":{"line":120,"column":6},"end":{"line":120,"column":94}},"47":{"start":{"line":7,"column":0},"end":{"line":7,"column":13}}},"fnMap":{"0":{"name":"(anonymous_9)","decl":{"start":{"line":8,"column":8},"end":{"line":8,"column":15}},"loc":{"start":{"line":8,"column":47},"end":{"line":28,"column":null}}},"1":{"name":"(anonymous_11)","decl":{"start":{"line":30,"column":8},"end":{"line":30,"column":14}},"loc":{"start":{"line":30,"column":46},"end":{"line":66,"column":null}}},"2":{"name":"(anonymous_13)","decl":{"start":{"line":68,"column":8},"end":{"line":68,"column":14}},"loc":{"start":{"line":68,"column":46},"end":{"line":88,"column":null}}},"3":{"name":"(anonymous_15)","decl":{"start":{"line":90,"column":8},"end":{"line":90,"column":17}},"loc":{"start":{"line":90,"column":49},"end":{"line":122,"column":null}}}},"branchMap":{"0":{"loc":{"start":{"line":12,"column":6},"end":{"line":14,"column":7}},"type":"if","locations":[{"start":{"line":12,"column":6},"end":{"line":14,"column":7}},{"start":{},"end":{}}]},"1":{"loc":{"start":{"line":12,"column":10},"end":{"line":12,"column":83}},"type":"binary-expr","locations":[{"start":{"line":12,"column":10},"end":{"line":12,"column":19}},{"start":{"line":12,"column":23},"end":{"line":12,"column":51}},{"start":{"line":12,"column":55},"end":{"line":12,"column":83}}]},"2":{"loc":{"start":{"line":20,"column":6},"end":{"line":22,"column":7}},"type":"if","locations":[{"start":{"line":20,"column":6},"end":{"line":22,"column":7}},{"start":{},"end":{}}]},"3":{"loc":{"start":{"line":35,"column":6},"end":{"line":37,"column":7}},"type":"if","locations":[{"start":{"line":35,"column":6},"end":{"line":37,"column":7}},{"start":{},"end":{}}]},"4":{"loc":{"start":{"line":35,"column":10},"end":{"line":35,"column":83}},"type":"binary-expr","locations":[{"start":{"line":35,"column":10},"end":{"line":35,"column":19}},{"start":{"line":35,"column":23},"end":{"line":35,"column":51}},{"start":{"line":35,"column":55},"end":{"line":35,"column":83}}]},"5":{"loc":{"start":{"line":41,"column":6},"end":{"line":43,"column":7}},"type":"if","locations":[{"start":{"line":41,"column":6},"end":{"line":43,"column":7}},{"start":{},"end":{}}]},"6":{"loc":{"start":{"line":46,"column":6},"end":{"line":48,"column":7}},"type":"if","locations":[{"start":{"line":46,"column":6},"end":{"line":48,"column":7}},{"start":{},"end":{}}]},"7":{"loc":{"start":{"line":61,"column":6},"end":{"line":63,"column":7}},"type":"if","locations":[{"start":{"line":61,"column":6},"end":{"line":63,"column":7}},{"start":{},"end":{}}]},"8":{"loc":{"start":{"line":72,"column":6},"end":{"line":74,"column":7}},"type":"if","locations":[{"start":{"line":72,"column":6},"end":{"line":74,"column":7}},{"start":{},"end":{}}]},"9":{"loc":{"start":{"line":72,"column":10},"end":{"line":72,"column":83}},"type":"binary-expr","locations":[{"start":{"line":72,"column":10},"end":{"line":72,"column":19}},{"start":{"line":72,"column":23},"end":{"line":72,"column":51}},{"start":{"line":72,"column":55},"end":{"line":72,"column":83}}]},"10":{"loc":{"start":{"line":78,"column":6},"end":{"line":80,"column":7}},"type":"if","locations":[{"start":{"line":78,"column":6},"end":{"line":80,"column":7}},{"start":{},"end":{}}]},"11":{"loc":{"start":{"line":94,"column":6},"end":{"line":96,"column":7}},"type":"if","locations":[{"start":{"line":94,"column":6},"end":{"line":96,"column":7}},{"start":{},"end":{}}]},"12":{"loc":{"start":{"line":94,"column":10},"end":{"line":94,"column":83}},"type":"binary-expr","locations":[{"start":{"line":94,"column":10},"end":{"line":94,"column":19}},{"start":{"line":94,"column":23},"end":{"line":94,"column":51}},{"start":{"line":94,"column":55},"end":{"line":94,"column":83}}]}},"s":{"0":1,"1":1,"2":2,"3":2,"4":2,"5":1,"6":1,"7":1,"8":0,"9":1,"10":0,"11":2,"12":2,"13":2,"14":2,"15":2,"16":2,"17":0,"18":2,"19":2,"20":0,"21":2,"22":2,"23":1,"24":2,"25":2,"26":2,"27":0,"28":0,"29":0,"30":1,"31":1,"32":1,"33":0,"34":1,"35":1,"36":0,"37":1,"38":1,"39":0,"40":2,"41":2,"42":2,"43":0,"44":2,"45":2,"46":0,"47":1},"f":{"0":2,"1":2,"2":1,"3":2},"b":{"0":[1,1],"1":[2,2,2],"2":[0,1],"3":[0,2],"4":[2,2,2],"5":[0,2],"6":[1,1],"7":[0,0],"8":[0,1],"9":[1,1,1],"10":[0,1],"11":[0,2],"12":[2,2,2]}}
,"C:\\Codes\\React\\Legal-Substance\\WEBSYS2_Group5\\Backend\\src\\customers\\customers-routes.ts": {"path":"C:\\Codes\\React\\Legal-Substance\\WEBSYS2_Group5\\Backend\\src\\customers\\customers-routes.ts","statementMap":{"0":{"start":{"line":1,"column":0},"end":{"line":1,"column":33}},"1":{"start":{"line":2,"column":0},"end":{"line":2,"column":60}},"2":{"start":{"line":3,"column":0},"end":{"line":3,"column":55}},"3":{"start":{"line":5,"column":15},"end":{"line":5,"column":23}},"4":{"start":{"line":6,"column":27},"end":{"line":6,"column":51}},"5":{"start":{"line":8,"column":0},"end":{"line":8,"column":105}},"6":{"start":{"line":8,"column":66},"end":{"line":8,"column":104}},"7":{"start":{"line":8,"column":67},"end":{"line":8,"column":104}},"8":{"start":{"line":9,"column":0},"end":{"line":9,"column":104}},"9":{"start":{"line":9,"column":66},"end":{"line":9,"column":103}},"10":{"start":{"line":9,"column":67},"end":{"line":9,"column":103}},"11":{"start":{"line":10,"column":0},"end":{"line":10,"column":106}},"12":{"start":{"line":10,"column":68},"end":{"line":10,"column":105}},"13":{"start":{"line":10,"column":69},"end":{"line":10,"column":105}},"14":{"start":{"line":11,"column":0},"end":{"line":11,"column":113}},"15":{"start":{"line":11,"column":72},"end":{"line":11,"column":112}},"16":{"start":{"line":11,"column":73},"end":{"line":11,"column":112}},"17":{"start":{"line":13,"column":0},"end":{"line":13,"column":22}}},"fnMap":{"0":{"name":"(anonymous_7)","decl":{"start":{"line":8,"column":47},"end":{"line":8,"column":54}},"loc":{"start":{"line":8,"column":66},"end":{"line":8,"column":104}}},"1":{"name":"(anonymous_8)","decl":{"start":{"line":8,"column":66},"end":{"line":8,"column":67}},"loc":{"start":{"line":8,"column":66},"end":{"line":8,"column":104}}},"2":{"name":"(anonymous_9)","decl":{"start":{"line":9,"column":47},"end":{"line":9,"column":54}},"loc":{"start":{"line":9,"column":66},"end":{"line":9,"column":103}}},"3":{"name":"(anonymous_10)","decl":{"start":{"line":9,"column":66},"end":{"line":9,"column":67}},"loc":{"start":{"line":9,"column":66},"end":{"line":9,"column":103}}},"4":{"name":"(anonymous_11)","decl":{"start":{"line":10,"column":50},"end":{"line":10,"column":56}},"loc":{"start":{"line":10,"column":68},"end":{"line":10,"column":105}}},"5":{"name":"(anonymous_12)","decl":{"start":{"line":10,"column":68},"end":{"line":10,"column":69}},"loc":{"start":{"line":10,"column":68},"end":{"line":10,"column":105}}},"6":{"name":"(anonymous_13)","decl":{"start":{"line":11,"column":53},"end":{"line":11,"column":60}},"loc":{"start":{"line":11,"column":72},"end":{"line":11,"column":112}}},"7":{"name":"(anonymous_14)","decl":{"start":{"line":11,"column":72},"end":{"line":11,"column":73}},"loc":{"start":{"line":11,"column":72},"end":{"line":11,"column":112}}}},"branchMap":{},"s":{"0":1,"1":1,"2":1,"3":1,"4":1,"5":1,"6":2,"7":2,"8":1,"9":2,"10":2,"11":1,"12":1,"13":1,"14":1,"15":2,"16":2,"17":1},"f":{"0":2,"1":2,"2":2,"3":2,"4":1,"5":1,"6":2,"7":2},"b":{}}
,"C:\\Codes\\React\\Legal-Substance\\WEBSYS2_Group5\\Backend\\src\\dealers\\dealers-controller.ts": {"path":"C:\\Codes\\React\\Legal-Substance\\WEBSYS2_Group5\\Backend\\src\\dealers\\dealers-controller.ts","statementMap":{"0":{"start":{"line":3,"column":0},"end":{"line":3,"column":46}},"1":{"start":{"line":4,"column":0},"end":{"line":4,"column":63}},"2":{"start":{"line":6,"column":0},"end":{"line":6,"column":30}},"3":{"start":{"line":10,"column":4},"end":{"line":28,"column":5}},"4":{"start":{"line":11,"column":21},"end":{"line":11,"column":31}},"5":{"start":{"line":13,"column":6},"end":{"line":15,"column":7}},"6":{"start":{"line":14,"column":8},"end":{"line":14,"column":81}},"7":{"start":{"line":17,"column":21},"end":{"line":19,"column":8}},"8":{"start":{"line":21,"column":6},"end":{"line":23,"column":7}},"9":{"start":{"line":22,"column":8},"end":{"line":22,"column":69}},"10":{"start":{"line":25,"column":6},"end":{"line":25,"column":46}},"11":{"start":{"line":27,"column":6},"end":{"line":27,"column":94}},"12":{"start":{"line":32,"column":4},"end":{"line":66,"column":5}},"13":{"start":{"line":33,"column":21},"end":{"line":33,"column":31}},"14":{"start":{"line":34,"column":41},"end":{"line":34,"column":49}},"15":{"start":{"line":34,"column":22},"end":{"line":34,"column":27}},"16":{"start":{"line":34,"column":36},"end":{"line":34,"column":41}},"17":{"start":{"line":36,"column":6},"end":{"line":38,"column":7}},"18":{"start":{"line":37,"column":8},"end":{"line":37,"column":81}},"19":{"start":{"line":40,"column":21},"end":{"line":40,"column":49}},"20":{"start":{"line":42,"column":6},"end":{"line":44,"column":7}},"21":{"start":{"line":43,"column":8},"end":{"line":43,"column":69}},"22":{"start":{"line":46,"column":22},"end":{"line":46,"column":46}},"23":{"start":{"line":47,"column":6},"end":{"line":49,"column":7}},"24":{"start":{"line":48,"column":8},"end":{"line":48,"column":59}},"25":{"start":{"line":51,"column":6},"end":{"line":51,"column":38}},"26":{"start":{"line":53,"column":28},"end":{"line":55,"column":8}},"27":{"start":{"line":57,"column":6},"end":{"line":60,"column":9}},"28":{"start":{"line":62,"column":6},"end":{"line":64,"column":7}},"29":{"start":{"line":63,"column":8},"end":{"line":63,"column":85}},"30":{"start":{"line":65,"column":6},"end":{"line":65,"column":94}},"31":{"start":{"line":70,"column":4},"end":{"line":88,"column":5}},"32":{"start":{"line":71,"column":21},"end":{"line":71,"column":31}},"33":{"start":{"line":73,"column":6},"end":{"line":75,"column":7}},"34":{"start":{"line":74,"column":8},"end":{"line":74,"column":81}},"35":{"start":{"line":77,"column":21},"end":{"line":77,"column":49}},"36":{"start":{"line":79,"column":6},"end":{"line":81,"column":7}},"37":{"start":{"line":80,"column":8},"end":{"line":80,"column":69}},"38":{"start":{"line":83,"column":6},"end":{"line":83,"column":29}},"39":{"start":{"line":85,"column":6},"end":{"line":85,"column":86}},"40":{"start":{"line":87,"column":6},"end":{"line":87,"column":94}},"41":{"start":{"line":92,"column":4},"end":{"line":127,"column":5}},"42":{"start":{"line":93,"column":21},"end":{"line":93,"column":31}},"43":{"start":{"line":95,"column":6},"end":{"line":97,"column":7}},"44":{"start":{"line":96,"column":8},"end":{"line":96,"column":89}},"45":{"start":{"line":99,"column":6},"end":{"line":101,"column":7}},"46":{"start":{"line":100,"column":8},"end":{"line":100,"column":76}},"47":{"start":{"line":103,"column":24},"end":{"line":110,"column":8}},"48":{"start":{"line":112,"column":34},"end":{"line":122,"column":8}},"49":{"start":{"line":113,"column":25},"end":{"line":113,"column":38}},"50":{"start":{"line":114,"column":8},"end":{"line":119,"column":null}},"51":{"start":{"line":124,"column":6},"end":{"line":124,"column":70}},"52":{"start":{"line":126,"column":6},"end":{"line":126,"column":97}},"53":{"start":{"line":131,"column":4},"end":{"line":168,"column":5}},"54":{"start":{"line":132,"column":21},"end":{"line":132,"column":31}},"55":{"start":{"line":134,"column":6},"end":{"line":136,"column":7}},"56":{"start":{"line":135,"column":8},"end":{"line":135,"column":86}},"57":{"start":{"line":138,"column":21},"end":{"line":149,"column":8}},"58":{"start":{"line":151,"column":31},"end":{"line":163,"column":8}},"59":{"start":{"line":152,"column":26},"end":{"line":152,"column":40}},"60":{"start":{"line":153,"column":8},"end":{"line":161,"column":null}},"61":{"start":{"line":155,"column":53},"end":{"line":160,"column":null}},"62":{"start":{"line":165,"column":6},"end":{"line":165,"column":64}},"63":{"start":{"line":167,"column":6},"end":{"line":167,"column":94}},"64":{"start":{"line":172,"column":4},"end":{"line":202,"column":5}},"65":{"start":{"line":173,"column":21},"end":{"line":173,"column":31}},"66":{"start":{"line":175,"column":6},"end":{"line":177,"column":7}},"67":{"start":{"line":176,"column":8},"end":{"line":176,"column":95}},"68":{"start":{"line":179,"column":29},"end":{"line":186,"column":8}},"69":{"start":{"line":188,"column":39},"end":{"line":197,"column":8}},"70":{"start":{"line":189,"column":23},"end":{"line":189,"column":34}},"71":{"start":{"line":190,"column":8},"end":{"line":195,"column":null}},"72":{"start":{"line":199,"column":6},"end":{"line":199,"column":80}},"73":{"start":{"line":201,"column":6},"end":{"line":201,"column":103}},"74":{"start":{"line":8,"column":0},"end":{"line":8,"column":13}}},"fnMap":{"0":{"name":"(anonymous_9)","decl":{"start":{"line":9,"column":8},"end":{"line":9,"column":15}},"loc":{"start":{"line":9,"column":47},"end":{"line":29,"column":null}}},"1":{"name":"(anonymous_11)","decl":{"start":{"line":31,"column":8},"end":{"line":31,"column":14}},"loc":{"start":{"line":31,"column":46},"end":{"line":67,"column":null}}},"2":{"name":"(anonymous_13)","decl":{"start":{"line":69,"column":8},"end":{"line":69,"column":14}},"loc":{"start":{"line":69,"column":46},"end":{"line":89,"column":null}}},"3":{"name":"(anonymous_15)","decl":{"start":{"line":91,"column":8},"end":{"line":91,"column":20}},"loc":{"start":{"line":91,"column":52},"end":{"line":128,"column":null}}},"4":{"name":"(anonymous_17)","decl":{"start":{"line":112,"column":48},"end":{"line":112,"column":49}},"loc":{"start":{"line":112,"column":62},"end":{"line":122,"column":7}}},"5":{"name":"(anonymous_18)","decl":{"start":{"line":130,"column":8},"end":{"line":130,"column":17}},"loc":{"start":{"line":130,"column":49},"end":{"line":169,"column":null}}},"6":{"name":"(anonymous_20)","decl":{"start":{"line":151,"column":42},"end":{"line":151,"column":43}},"loc":{"start":{"line":151,"column":57},"end":{"line":163,"column":7}}},"7":{"name":"(anonymous_21)","decl":{"start":{"line":155,"column":38},"end":{"line":155,"column":39}},"loc":{"start":{"line":155,"column":53},"end":{"line":160,"column":null}}},"8":{"name":"(anonymous_22)","decl":{"start":{"line":171,"column":8},"end":{"line":171,"column":25}},"loc":{"start":{"line":171,"column":57},"end":{"line":203,"column":null}}},"9":{"name":"(anonymous_24)","decl":{"start":{"line":188,"column":58},"end":{"line":188,"column":59}},"loc":{"start":{"line":188,"column":70},"end":{"line":197,"column":7}}}},"branchMap":{"0":{"loc":{"start":{"line":13,"column":6},"end":{"line":15,"column":7}},"type":"if","locations":[{"start":{"line":13,"column":6},"end":{"line":15,"column":7}},{"start":{},"end":{}}]},"1":{"loc":{"start":{"line":13,"column":10},"end":{"line":13,"column":81}},"type":"binary-expr","locations":[{"start":{"line":13,"column":10},"end":{"line":13,"column":19}},{"start":{"line":13,"column":23},"end":{"line":13,"column":49}},{"start":{"line":13,"column":53},"end":{"line":13,"column":81}}]},"2":{"loc":{"start":{"line":21,"column":6},"end":{"line":23,"column":7}},"type":"if","locations":[{"start":{"line":21,"column":6},"end":{"line":23,"column":7}},{"start":{},"end":{}}]},"3":{"loc":{"start":{"line":36,"column":6},"end":{"line":38,"column":7}},"type":"if","locations":[{"start":{"line":36,"column":6},"end":{"line":38,"column":7}},{"start":{},"end":{}}]},"4":{"loc":{"start":{"line":36,"column":10},"end":{"line":36,"column":81}},"type":"binary-expr","locations":[{"start":{"line":36,"column":10},"end":{"line":36,"column":19}},{"start":{"line":36,"column":23},"end":{"line":36,"column":49}},{"start":{"line":36,"column":53},"end":{"line":36,"column":81}}]},"5":{"loc":{"start":{"line":42,"column":6},"end":{"line":44,"column":7}},"type":"if","locations":[{"start":{"line":42,"column":6},"end":{"line":44,"column":7}},{"start":{},"end":{}}]},"6":{"loc":{"start":{"line":47,"column":6},"end":{"line":49,"column":7}},"type":"if","locations":[{"start":{"line":47,"column":6},"end":{"line":49,"column":7}},{"start":{},"end":{}}]},"7":{"loc":{"start":{"line":62,"column":6},"end":{"line":64,"column":7}},"type":"if","locations":[{"start":{"line":62,"column":6},"end":{"line":64,"column":7}},{"start":{},"end":{}}]},"8":{"loc":{"start":{"line":73,"column":6},"end":{"line":75,"column":7}},"type":"if","locations":[{"start":{"line":73,"column":6},"end":{"line":75,"column":7}},{"start":{},"end":{}}]},"9":{"loc":{"start":{"line":73,"column":10},"end":{"line":73,"column":81}},"type":"binary-expr","locations":[{"start":{"line":73,"column":10},"end":{"line":73,"column":19}},{"start":{"line":73,"column":23},"end":{"line":73,"column":49}},{"start":{"line":73,"column":53},"end":{"line":73,"column":81}}]},"10":{"loc":{"start":{"line":79,"column":6},"end":{"line":81,"column":7}},"type":"if","locations":[{"start":{"line":79,"column":6},"end":{"line":81,"column":7}},{"start":{},"end":{}}]},"11":{"loc":{"start":{"line":95,"column":6},"end":{"line":97,"column":7}},"type":"if","locations":[{"start":{"line":95,"column":6},"end":{"line":97,"column":7}},{"start":{},"end":{}}]},"12":{"loc":{"start":{"line":95,"column":10},"end":{"line":95,"column":70}},"type":"binary-expr","locations":[{"start":{"line":95,"column":10},"end":{"line":95,"column":37}},{"start":{"line":95,"column":41},"end":{"line":95,"column":70}}]},"13":{"loc":{"start":{"line":95,"column":10},"end":{"line":95,"column":24}},"type":"cond-expr","locations":[{"start":{"line":95,"column":18},"end":{"line":95,"column":20}},{"start":{"line":95,"column":18},"end":{"line":95,"column":24}}]},"14":{"loc":{"start":{"line":95,"column":10},"end":{"line":95,"column":20}},"type":"binary-expr","locations":[{"start":{"line":95,"column":10},"end":{"line":95,"column":20}},{"start":{"line":95,"column":18},"end":{"line":95,"column":20}}]},"15":{"loc":{"start":{"line":95,"column":41},"end":{"line":95,"column":53}},"type":"cond-expr","locations":[{"start":{"line":95,"column":49},"end":{"line":95,"column":51}},{"start":{"line":95,"column":49},"end":{"line":95,"column":53}}]},"16":{"loc":{"start":{"line":95,"column":41},"end":{"line":95,"column":51}},"type":"binary-expr","locations":[{"start":{"line":95,"column":41},"end":{"line":95,"column":51}},{"start":{"line":95,"column":49},"end":{"line":95,"column":51}}]},"17":{"loc":{"start":{"line":99,"column":6},"end":{"line":101,"column":7}},"type":"if","locations":[{"start":{"line":99,"column":6},"end":{"line":101,"column":7}},{"start":{},"end":{}}]},"18":{"loc":{"start":{"line":134,"column":6},"end":{"line":136,"column":7}},"type":"if","locations":[{"start":{"line":134,"column":6},"end":{"line":136,"column":7}},{"start":{},"end":{}}]},"19":{"loc":{"start":{"line":134,"column":10},"end":{"line":134,"column":22}},"type":"cond-expr","locations":[{"start":{"line":134,"column":18},"end":{"line":134,"column":20}},{"start":{"line":134,"column":18},"end":{"line":134,"column":22}}]},"20":{"loc":{"start":{"line":134,"column":10},"end":{"line":134,"column":20}},"type":"binary-expr","locations":[{"start":{"line":134,"column":10},"end":{"line":134,"column":20}},{"start":{"line":134,"column":18},"end":{"line":134,"column":20}}]},"21":{"loc":{"start":{"line":155,"column":17},"end":{"line":161,"column":13}},"type":"cond-expr","locations":[{"start":{"line":155,"column":32},"end":{"line":155,"column":34}},{"start":{"line":155,"column":32},"end":{"line":161,"column":13}}]},"22":{"loc":{"start":{"line":155,"column":17},"end":{"line":155,"column":34}},"type":"binary-expr","locations":[{"start":{"line":155,"column":17},"end":{"line":155,"column":34}},{"start":{"line":155,"column":32},"end":{"line":155,"column":34}}]},"23":{"loc":{"start":{"line":157,"column":23},"end":{"line":160,"column":20}},"type":"cond-expr","locations":[{"start":{"line":157,"column":39},"end":{"line":159,"column":null}},{"start":{"line":160,"column":16},"end":{"line":160,"column":20}}]},"24":{"loc":{"start":{"line":175,"column":6},"end":{"line":177,"column":7}},"type":"if","locations":[{"start":{"line":175,"column":6},"end":{"line":177,"column":7}},{"start":{},"end":{}}]},"25":{"loc":{"start":{"line":175,"column":10},"end":{"line":175,"column":22}},"type":"cond-expr","locations":[{"start":{"line":175,"column":18},"end":{"line":175,"column":20}},{"start":{"line":175,"column":18},"end":{"line":175,"column":22}}]},"26":{"loc":{"start":{"line":175,"column":10},"end":{"line":175,"column":20}},"type":"binary-expr","locations":[{"start":{"line":175,"column":10},"end":{"line":175,"column":20}},{"start":{"line":175,"column":18},"end":{"line":175,"column":20}}]},"27":{"loc":{"start":{"line":192,"column":21},"end":{"line":195,"column":18}},"type":"cond-expr","locations":[{"start":{"line":192,"column":39},"end":{"line":194,"column":null}},{"start":{"line":195,"column":14},"end":{"line":195,"column":18}}]}},"s":{"0":1,"1":1,"2":1,"3":3,"4":3,"5":3,"6":1,"7":2,"8":1,"9":0,"10":1,"11":1,"12":2,"13":2,"14":2,"15":2,"16":2,"17":2,"18":0,"19":2,"20":2,"21":0,"22":2,"23":2,"24":1,"25":2,"26":2,"27":2,"28":0,"29":0,"30":0,"31":2,"32":2,"33":2,"34":0,"35":2,"36":2,"37":1,"38":1,"39":1,"40":0,"41":3,"42":3,"43":3,"44":1,"45":2,"46":0,"47":2,"48":2,"49":1,"50":0,"51":1,"52":1,"53":2,"54":2,"55":2,"56":1,"57":1,"58":1,"59":1,"60":0,"61":0,"62":0,"63":1,"64":2,"65":2,"66":2,"67":0,"68":2,"69":2,"70":1,"71":0,"72":1,"73":1,"74":1},"f":{"0":3,"1":2,"2":2,"3":3,"4":1,"5":2,"6":1,"7":0,"8":2,"9":1},"b":{"0":[1,2],"1":[3,3,3],"2":[0,1],"3":[0,2],"4":[2,2,2],"5":[0,2],"6":[1,1],"7":[0,0],"8":[0,2],"9":[2,2,2],"10":[1,1],"11":[1,2],"12":[3,3],"13":[0,3],"14":[3,3],"15":[0,3],"16":[3,3],"17":[0,2],"18":[1,1],"19":[0,2],"20":[2,2],"21":[0,0],"22":[0,0],"23":[0,0],"24":[0,2],"25":[0,2],"26":[2,2],"27":[0,0]}}
,"C:\\Codes\\React\\Legal-Substance\\WEBSYS2_Group5\\Backend\\src\\dealers\\dealers-routes.ts": {"path":"C:\\Codes\\React\\Legal-Substance\\WEBSYS2_Group5\\Backend\\src\\dealers\\dealers-routes.ts","statementMap":{"0":{"start":{"line":1,"column":0},"end":{"line":1,"column":33}},"1":{"start":{"line":2,"column":0},"end":{"line":2,"column":56}},"2":{"start":{"line":3,"column":0},"end":{"line":3,"column":55}},"3":{"start":{"line":5,"column":15},"end":{"line":5,"column":23}},"4":{"start":{"line":6,"column":25},"end":{"line":6,"column":47}},"5":{"start":{"line":8,"column":0},"end":{"line":8,"column":95}},"6":{"start":{"line":8,"column":59},"end":{"line":8,"column":93}},"7":{"start":{"line":9,"column":0},"end":{"line":9,"column":94}},"8":{"start":{"line":9,"column":59},"end":{"line":9,"column":92}},"9":{"start":{"line":10,"column":0},"end":{"line":10,"column":97}},"10":{"start":{"line":10,"column":62},"end":{"line":10,"column":95}},"11":{"start":{"line":11,"column":0},"end":{"line":11,"column":110}},"12":{"start":{"line":11,"column":69},"end":{"line":11,"column":108}},"13":{"start":{"line":12,"column":0},"end":{"line":12,"column":104}},"14":{"start":{"line":12,"column":66},"end":{"line":12,"column":102}},"15":{"start":{"line":13,"column":0},"end":{"line":13,"column":121}},"16":{"start":{"line":13,"column":75},"end":{"line":13,"column":119}},"17":{"start":{"line":15,"column":0},"end":{"line":15,"column":22}}},"fnMap":{"0":{"name":"(anonymous_0)","decl":{"start":{"line":8,"column":45},"end":{"line":8,"column":46}},"loc":{"start":{"line":8,"column":59},"end":{"line":8,"column":93}}},"1":{"name":"(anonymous_1)","decl":{"start":{"line":9,"column":45},"end":{"line":9,"column":46}},"loc":{"start":{"line":9,"column":59},"end":{"line":9,"column":92}}},"2":{"name":"(anonymous_2)","decl":{"start":{"line":10,"column":48},"end":{"line":10,"column":49}},"loc":{"start":{"line":10,"column":62},"end":{"line":10,"column":95}}},"3":{"name":"(anonymous_3)","decl":{"start":{"line":11,"column":55},"end":{"line":11,"column":56}},"loc":{"start":{"line":11,"column":69},"end":{"line":11,"column":108}}},"4":{"name":"(anonymous_4)","decl":{"start":{"line":12,"column":52},"end":{"line":12,"column":53}},"loc":{"start":{"line":12,"column":66},"end":{"line":12,"column":102}}},"5":{"name":"(anonymous_5)","decl":{"start":{"line":13,"column":61},"end":{"line":13,"column":62}},"loc":{"start":{"line":13,"column":75},"end":{"line":13,"column":119}}}},"branchMap":{},"s":{"0":1,"1":1,"2":1,"3":1,"4":1,"5":1,"6":3,"7":1,"8":2,"9":1,"10":2,"11":1,"12":3,"13":1,"14":2,"15":1,"16":2,"17":1},"f":{"0":3,"1":2,"2":2,"3":3,"4":2,"5":2},"b":{}}
,"C:\\Codes\\React\\Legal-Substance\\WEBSYS2_Group5\\Backend\\src\\file-upload\\images-controller.ts": {"path":"C:\\Codes\\React\\Legal-Substance\\WEBSYS2_Group5\\Backend\\src\\file-upload\\images-controller.ts","statementMap":{"0":{"start":{"line":3,"column":0},"end":{"line":3,"column":84}},"1":{"start":{"line":4,"column":0},"end":{"line":4,"column":20}},"2":{"start":{"line":6,"column":0},"end":{"line":6,"column":30}},"3":{"start":{"line":8,"column":0},"end":{"line":8,"column":13}},"4":{"start":{"line":9,"column":9},"end":{"line":48,"column":4}},"5":{"start":{"line":9,"column":74},"end":{"line":48,"column":4}},"6":{"start":{"line":10,"column":4},"end":{"line":47,"column":5}},"7":{"start":{"line":11,"column":6},"end":{"line":14,"column":7}},"8":{"start":{"line":12,"column":8},"end":{"line":12,"column":51}},"9":{"start":{"line":12,"column":22},"end":{"line":12,"column":51}},"10":{"start":{"line":13,"column":8},"end":{"line":13,"column":95}},"11":{"start":{"line":16,"column":30},"end":{"line":16,"column":40}},"12":{"start":{"line":18,"column":6},"end":{"line":20,"column":7}},"13":{"start":{"line":19,"column":8},"end":{"line":19,"column":75}},"14":{"start":{"line":22,"column":24},"end":{"line":22,"column":64}},"15":{"start":{"line":24,"column":6},"end":{"line":27,"column":7}},"16":{"start":{"line":25,"column":8},"end":{"line":25,"column":37}},"17":{"start":{"line":26,"column":8},"end":{"line":26,"column":72}},"18":{"start":{"line":29,"column":6},"end":{"line":32,"column":7}},"19":{"start":{"line":30,"column":8},"end":{"line":30,"column":37}},"20":{"start":{"line":31,"column":8},"end":{"line":31,"column":103}},"21":{"start":{"line":34,"column":23},"end":{"line":34,"column":89}},"22":{"start":{"line":36,"column":6},"end":{"line":40,"column":9}},"23":{"start":{"line":42,"column":6},"end":{"line":42,"column":49}},"24":{"start":{"line":42,"column":20},"end":{"line":42,"column":49}},"25":{"start":{"line":43,"column":6},"end":{"line":46,"column":9}},"26":{"start":{"line":50,"column":9},"end":{"line":89,"column":4}},"27":{"start":{"line":50,"column":74},"end":{"line":89,"column":4}},"28":{"start":{"line":51,"column":4},"end":{"line":88,"column":5}},"29":{"start":{"line":52,"column":6},"end":{"line":55,"column":7}},"30":{"start":{"line":53,"column":8},"end":{"line":53,"column":51}},"31":{"start":{"line":53,"column":22},"end":{"line":53,"column":51}},"32":{"start":{"line":54,"column":8},"end":{"line":54,"column":93}},"33":{"start":{"line":57,"column":30},"end":{"line":57,"column":40}},"34":{"start":{"line":59,"column":6},"end":{"line":61,"column":7}},"35":{"start":{"line":60,"column":8},"end":{"line":60,"column":75}},"36":{"start":{"line":63,"column":24},"end":{"line":63,"column":64}},"37":{"start":{"line":65,"column":6},"end":{"line":68,"column":7}},"38":{"start":{"line":66,"column":8},"end":{"line":66,"column":37}},"39":{"start":{"line":67,"column":8},"end":{"line":67,"column":72}},"40":{"start":{"line":70,"column":6},"end":{"line":73,"column":7}},"41":{"start":{"line":71,"column":8},"end":{"line":71,"column":37}},"42":{"start":{"line":72,"column":8},"end":{"line":72,"column":100}},"43":{"start":{"line":75,"column":23},"end":{"line":75,"column":89}},"44":{"start":{"line":77,"column":6},"end":{"line":81,"column":9}},"45":{"start":{"line":83,"column":6},"end":{"line":83,"column":49}},"46":{"start":{"line":83,"column":20},"end":{"line":83,"column":49}},"47":{"start":{"line":84,"column":6},"end":{"line":87,"column":9}},"48":{"start":{"line":91,"column":9},"end":{"line":121,"column":4}},"49":{"start":{"line":91,"column":74},"end":{"line":121,"column":4}},"50":{"start":{"line":92,"column":4},"end":{"line":120,"column":5}},"51":{"start":{"line":93,"column":6},"end":{"line":95,"column":7}},"52":{"start":{"line":94,"column":8},"end":{"line":94,"column":95}},"53":{"start":{"line":97,"column":30},"end":{"line":97,"column":40}},"54":{"start":{"line":99,"column":24},"end":{"line":99,"column":64}},"55":{"start":{"line":101,"column":6},"end":{"line":103,"column":7}},"56":{"start":{"line":102,"column":8},"end":{"line":102,"column":72}},"57":{"start":{"line":105,"column":6},"end":{"line":107,"column":7}},"58":{"start":{"line":106,"column":8},"end":{"line":106,"column":103}},"59":{"start":{"line":109,"column":6},"end":{"line":109,"column":58}},"60":{"start":{"line":111,"column":6},"end":{"line":114,"column":9}},"61":{"start":{"line":116,"column":6},"end":{"line":119,"column":9}},"62":{"start":{"line":123,"column":9},"end":{"line":153,"column":4}},"63":{"start":{"line":123,"column":74},"end":{"line":153,"column":4}},"64":{"start":{"line":124,"column":4},"end":{"line":152,"column":5}},"65":{"start":{"line":125,"column":6},"end":{"line":127,"column":7}},"66":{"start":{"line":126,"column":8},"end":{"line":126,"column":93}},"67":{"start":{"line":129,"column":30},"end":{"line":129,"column":40}},"68":{"start":{"line":131,"column":24},"end":{"line":131,"column":64}},"69":{"start":{"line":133,"column":6},"end":{"line":135,"column":7}},"70":{"start":{"line":134,"column":8},"end":{"line":134,"column":72}},"71":{"start":{"line":137,"column":6},"end":{"line":139,"column":7}},"72":{"start":{"line":138,"column":8},"end":{"line":138,"column":100}},"73":{"start":{"line":141,"column":6},"end":{"line":141,"column":58}},"74":{"start":{"line":143,"column":6},"end":{"line":146,"column":9}},"75":{"start":{"line":148,"column":6},"end":{"line":151,"column":9}},"76":{"start":{"line":155,"column":9},"end":{"line":181,"column":4}},"77":{"start":{"line":155,"column":65},"end":{"line":181,"column":4}},"78":{"start":{"line":156,"column":4},"end":{"line":180,"column":5}},"79":{"start":{"line":157,"column":27},"end":{"line":157,"column":37}},"80":{"start":{"line":159,"column":25},"end":{"line":159,"column":85}},"81":{"start":{"line":160,"column":6},"end":{"line":162,"column":7}},"82":{"start":{"line":161,"column":8},"end":{"line":161,"column":65}},"83":{"start":{"line":164,"column":23},"end":{"line":164,"column":61}},"84":{"start":{"line":166,"column":6},"end":{"line":168,"column":7}},"85":{"start":{"line":167,"column":8},"end":{"line":167,"column":68}},"86":{"start":{"line":170,"column":6},"end":{"line":174,"column":9}},"87":{"start":{"line":176,"column":6},"end":{"line":179,"column":9}}},"fnMap":{"0":{"name":"(anonymous_8)","decl":{"start":{"line":9,"column":32},"end":{"line":9,"column":39}},"loc":{"start":{"line":9,"column":74},"end":{"line":48,"column":4}}},"1":{"name":"(anonymous_9)","decl":{"start":{"line":9,"column":74},"end":{"line":9,"column":null}},"loc":{"start":{"line":9,"column":74},"end":{"line":48,"column":3}}},"2":{"name":"(anonymous_10)","decl":{"start":{"line":50,"column":32},"end":{"line":50,"column":39}},"loc":{"start":{"line":50,"column":74},"end":{"line":89,"column":4}}},"3":{"name":"(anonymous_11)","decl":{"start":{"line":50,"column":74},"end":{"line":50,"column":null}},"loc":{"start":{"line":50,"column":74},"end":{"line":89,"column":3}}},"4":{"name":"(anonymous_12)","decl":{"start":{"line":91,"column":32},"end":{"line":91,"column":39}},"loc":{"start":{"line":91,"column":74},"end":{"line":121,"column":4}}},"5":{"name":"(anonymous_13)","decl":{"start":{"line":91,"column":74},"end":{"line":91,"column":null}},"loc":{"start":{"line":91,"column":74},"end":{"line":121,"column":3}}},"6":{"name":"(anonymous_14)","decl":{"start":{"line":123,"column":32},"end":{"line":123,"column":39}},"loc":{"start":{"line":123,"column":74},"end":{"line":153,"column":4}}},"7":{"name":"(anonymous_15)","decl":{"start":{"line":123,"column":74},"end":{"line":123,"column":null}},"loc":{"start":{"line":123,"column":74},"end":{"line":153,"column":3}}},"8":{"name":"(anonymous_16)","decl":{"start":{"line":155,"column":23},"end":{"line":155,"column":30}},"loc":{"start":{"line":155,"column":65},"end":{"line":181,"column":4}}},"9":{"name":"(anonymous_17)","decl":{"start":{"line":155,"column":65},"end":{"line":155,"column":null}},"loc":{"start":{"line":155,"column":65},"end":{"line":181,"column":3}}}},"branchMap":{"0":{"loc":{"start":{"line":11,"column":6},"end":{"line":14,"column":7}},"type":"if","locations":[{"start":{"line":11,"column":6},"end":{"line":14,"column":7}},{"start":{},"end":{}}]},"1":{"loc":{"start":{"line":11,"column":10},"end":{"line":11,"column":51}},"type":"binary-expr","locations":[{"start":{"line":11,"column":10},"end":{"line":11,"column":19}},{"start":{"line":11,"column":23},"end":{"line":11,"column":51}}]},"2":{"loc":{"start":{"line":12,"column":8},"end":{"line":12,"column":51}},"type":"if","locations":[{"start":{"line":12,"column":8},"end":{"line":12,"column":51}},{"start":{},"end":{}}]},"3":{"loc":{"start":{"line":18,"column":6},"end":{"line":20,"column":7}},"type":"if","locations":[{"start":{"line":18,"column":6},"end":{"line":20,"column":7}},{"start":{},"end":{}}]},"4":{"loc":{"start":{"line":24,"column":6},"end":{"line":27,"column":7}},"type":"if","locations":[{"start":{"line":24,"column":6},"end":{"line":27,"column":7}},{"start":{},"end":{}}]},"5":{"loc":{"start":{"line":29,"column":6},"end":{"line":32,"column":7}},"type":"if","locations":[{"start":{"line":29,"column":6},"end":{"line":32,"column":7}},{"start":{},"end":{}}]},"6":{"loc":{"start":{"line":42,"column":6},"end":{"line":42,"column":49}},"type":"if","locations":[{"start":{"line":42,"column":6},"end":{"line":42,"column":49}},{"start":{},"end":{}}]},"7":{"loc":{"start":{"line":52,"column":6},"end":{"line":55,"column":7}},"type":"if","locations":[{"start":{"line":52,"column":6},"end":{"line":55,"column":7}},{"start":{},"end":{}}]},"8":{"loc":{"start":{"line":52,"column":10},"end":{"line":52,"column":49}},"type":"binary-expr","locations":[{"start":{"line":52,"column":10},"end":{"line":52,"column":19}},{"start":{"line":52,"column":23},"end":{"line":52,"column":49}}]},"9":{"loc":{"start":{"line":53,"column":8},"end":{"line":53,"column":51}},"type":"if","locations":[{"start":{"line":53,"column":8},"end":{"line":53,"column":51}},{"start":{},"end":{}}]},"10":{"loc":{"start":{"line":59,"column":6},"end":{"line":61,"column":7}},"type":"if","locations":[{"start":{"line":59,"column":6},"end":{"line":61,"column":7}},{"start":{},"end":{}}]},"11":{"loc":{"start":{"line":65,"column":6},"end":{"line":68,"column":7}},"type":"if","locations":[{"start":{"line":65,"column":6},"end":{"line":68,"column":7}},{"start":{},"end":{}}]},"12":{"loc":{"start":{"line":70,"column":6},"end":{"line":73,"column":7}},"type":"if","locations":[{"start":{"line":70,"column":6},"end":{"line":73,"column":7}},{"start":{},"end":{}}]},"13":{"loc":{"start":{"line":83,"column":6},"end":{"line":83,"column":49}},"type":"if","locations":[{"start":{"line":83,"column":6},"end":{"line":83,"column":49}},{"start":{},"end":{}}]},"14":{"loc":{"start":{"line":93,"column":6},"end":{"line":95,"column":7}},"type":"if","locations":[{"start":{"line":93,"column":6},"end":{"line":95,"column":7}},{"start":{},"end":{}}]},"15":{"loc":{"start":{"line":93,"column":10},"end":{"line":93,"column":51}},"type":"binary-expr","locations":[{"start":{"line":93,"column":10},"end":{"line":93,"column":19}},{"start":{"line":93,"column":23},"end":{"line":93,"column":51}}]},"16":{"loc":{"start":{"line":101,"column":6},"end":{"line":103,"column":7}},"type":"if","locations":[{"start":{"line":101,"column":6},"end":{"line":103,"column":7}},{"start":{},"end":{}}]},"17":{"loc":{"start":{"line":105,"column":6},"end":{"line":107,"column":7}},"type":"if","locations":[{"start":{"line":105,"column":6},"end":{"line":107,"column":7}},{"start":{},"end":{}}]},"18":{"loc":{"start":{"line":125,"column":6},"end":{"line":127,"column":7}},"type":"if","locations":[{"start":{"line":125,"column":6},"end":{"line":127,"column":7}},{"start":{},"end":{}}]},"19":{"loc":{"start":{"line":125,"column":10},"end":{"line":125,"column":49}},"type":"binary-expr","locations":[{"start":{"line":125,"column":10},"end":{"line":125,"column":19}},{"start":{"line":125,"column":23},"end":{"line":125,"column":49}}]},"20":{"loc":{"start":{"line":133,"column":6},"end":{"line":135,"column":7}},"type":"if","locations":[{"start":{"line":133,"column":6},"end":{"line":135,"column":7}},{"start":{},"end":{}}]},"21":{"loc":{"start":{"line":137,"column":6},"end":{"line":139,"column":7}},"type":"if","locations":[{"start":{"line":137,"column":6},"end":{"line":139,"column":7}},{"start":{},"end":{}}]},"22":{"loc":{"start":{"line":160,"column":6},"end":{"line":162,"column":7}},"type":"if","locations":[{"start":{"line":160,"column":6},"end":{"line":162,"column":7}},{"start":{},"end":{}}]},"23":{"loc":{"start":{"line":166,"column":6},"end":{"line":168,"column":7}},"type":"if","locations":[{"start":{"line":166,"column":6},"end":{"line":168,"column":7}},{"start":{},"end":{}}]}},"s":{"0":1,"1":1,"2":1,"3":1,"4":1,"5":6,"6":6,"7":6,"8":0,"9":0,"10":0,"11":6,"12":6,"13":0,"14":6,"15":4,"16":1,"17":1,"18":3,"19":1,"20":1,"21":2,"22":2,"23":2,"24":2,"25":2,"26":1,"27":1,"28":1,"29":1,"30":0,"31":0,"32":0,"33":1,"34":1,"35":0,"36":1,"37":1,"38":0,"39":0,"40":1,"41":0,"42":0,"43":1,"44":1,"45":0,"46":0,"47":0,"48":1,"49":3,"50":3,"51":3,"52":0,"53":3,"54":3,"55":2,"56":0,"57":2,"58":1,"59":1,"60":1,"61":1,"62":1,"63":2,"64":2,"65":2,"66":0,"67":2,"68":2,"69":2,"70":0,"71":2,"72":0,"73":2,"74":2,"75":0,"76":1,"77":7,"78":7,"79":7,"80":7,"81":7,"82":1,"83":6,"84":5,"85":1,"86":4,"87":1},"f":{"0":6,"1":6,"2":1,"3":1,"4":3,"5":3,"6":2,"7":2,"8":7,"9":7},"b":{"0":[0,6],"1":[6,6],"2":[0,0],"3":[0,6],"4":[1,3],"5":[1,2],"6":[2,0],"7":[0,1],"8":[1,1],"9":[0,0],"10":[0,1],"11":[0,1],"12":[0,1],"13":[0,0],"14":[0,3],"15":[3,3],"16":[0,2],"17":[1,1],"18":[0,2],"19":[2,2],"20":[0,2],"21":[0,2],"22":[1,6],"23":[1,4]}}
,"C:\\Codes\\React\\Legal-Substance\\WEBSYS2_Group5\\Backend\\src\\file-upload\\images-routes.ts": {"path":"C:\\Codes\\React\\Legal-Substance\\WEBSYS2_Group5\\Backend\\src\\file-upload\\images-routes.ts","statementMap":{"0":{"start":{"line":1,"column":0},"end":{"line":1,"column":33}},"1":{"start":{"line":2,"column":0},"end":{"line":2,"column":54}},"2":{"start":{"line":3,"column":0},"end":{"line":3,"column":55}},"3":{"start":{"line":4,"column":0},"end":{"line":4,"column":45}},"4":{"start":{"line":6,"column":15},"end":{"line":6,"column":23}},"5":{"start":{"line":8,"column":0},"end":{"line":8,"column":153}},"6":{"start":{"line":8,"column":105},"end":{"line":8,"column":151}},"7":{"start":{"line":9,"column":0},"end":{"line":9,"column":151}},"8":{"start":{"line":9,"column":103},"end":{"line":9,"column":149}},"9":{"start":{"line":10,"column":0},"end":{"line":10,"column":131}},"10":{"start":{"line":10,"column":83},"end":{"line":10,"column":129}},"11":{"start":{"line":11,"column":0},"end":{"line":11,"column":129}},"12":{"start":{"line":11,"column":81},"end":{"line":11,"column":127}},"13":{"start":{"line":12,"column":0},"end":{"line":12,"column":94}},"14":{"start":{"line":12,"column":55},"end":{"line":12,"column":92}},"15":{"start":{"line":14,"column":0},"end":{"line":14,"column":22}}},"fnMap":{"0":{"name":"(anonymous_0)","decl":{"start":{"line":8,"column":91},"end":{"line":8,"column":92}},"loc":{"start":{"line":8,"column":105},"end":{"line":8,"column":151}}},"1":{"name":"(anonymous_1)","decl":{"start":{"line":9,"column":89},"end":{"line":9,"column":90}},"loc":{"start":{"line":9,"column":103},"end":{"line":9,"column":149}}},"2":{"name":"(anonymous_2)","decl":{"start":{"line":10,"column":69},"end":{"line":10,"column":70}},"loc":{"start":{"line":10,"column":83},"end":{"line":10,"column":129}}},"3":{"name":"(anonymous_3)","decl":{"start":{"line":11,"column":67},"end":{"line":11,"column":68}},"loc":{"start":{"line":11,"column":81},"end":{"line":11,"column":127}}},"4":{"name":"(anonymous_4)","decl":{"start":{"line":12,"column":41},"end":{"line":12,"column":42}},"loc":{"start":{"line":12,"column":55},"end":{"line":12,"column":92}}}},"branchMap":{},"s":{"0":1,"1":1,"2":1,"3":1,"4":1,"5":1,"6":6,"7":1,"8":1,"9":1,"10":3,"11":1,"12":2,"13":1,"14":7,"15":1},"f":{"0":6,"1":1,"2":3,"3":2,"4":7},"b":{}}
,"C:\\Codes\\React\\Legal-Substance\\WEBSYS2_Group5\\Backend\\src\\file-upload\\upload-middleware.ts": {"path":"C:\\Codes\\React\\Legal-Substance\\WEBSYS2_Group5\\Backend\\src\\file-upload\\upload-middleware.ts","statementMap":{"0":{"start":{"line":1,"column":0},"end":{"line":1,"column":28}},"1":{"start":{"line":2,"column":0},"end":{"line":2,"column":24}},"2":{"start":{"line":3,"column":0},"end":{"line":3,"column":20}},"3":{"start":{"line":5,"column":25},"end":{"line":20,"column":1}},"4":{"start":{"line":6,"column":15},"end":{"line":12,"column":4}},"5":{"start":{"line":14,"column":2},"end":{"line":19,"column":5}},"6":{"start":{"line":15,"column":4},"end":{"line":18,"column":5}},"7":{"start":{"line":16,"column":6},"end":{"line":16,"column":45}},"8":{"start":{"line":17,"column":6},"end":{"line":17,"column":47}},"9":{"start":{"line":22,"column":0},"end":{"line":22,"column":19}},"10":{"start":{"line":24,"column":24},"end":{"line":34,"column":1}},"11":{"start":{"line":25,"column":23},"end":{"line":25,"column":46}},"12":{"start":{"line":26,"column":18},"end":{"line":26,"column":82}},"13":{"start":{"line":27,"column":19},"end":{"line":27,"column":51}},"14":{"start":{"line":29,"column":2},"end":{"line":33,"column":3}},"15":{"start":{"line":30,"column":4},"end":{"line":30,"column":19}},"16":{"start":{"line":32,"column":4},"end":{"line":32,"column":78}},"17":{"start":{"line":36,"column":16},"end":{"line":44,"column":2}},"18":{"start":{"line":38,"column":4},"end":{"line":38,"column":57}},"19":{"start":{"line":41,"column":25},"end":{"line":41,"column":75}},"20":{"start":{"line":42,"column":4},"end":{"line":42,"column":71}},"21":{"start":{"line":46,"column":16},"end":{"line":46,"column":58}},"22":{"start":{"line":47,"column":0},"end":{"line":49,"column":1}},"23":{"start":{"line":48,"column":2},"end":{"line":48,"column":45}},"24":{"start":{"line":51,"column":13},"end":{"line":57,"column":3}},"25":{"start":{"line":59,"column":31},"end":{"line":75,"column":1}},"26":{"start":{"line":64,"column":14},"end":{"line":64,"column":36}},"27":{"start":{"line":65,"column":19},"end":{"line":65,"column":40}},"28":{"start":{"line":66,"column":18},"end":{"line":66,"column":144}},"29":{"start":{"line":67,"column":19},"end":{"line":67,"column":47}},"30":{"start":{"line":69,"column":2},"end":{"line":69,"column":28}},"31":{"start":{"line":71,"column":2},"end":{"line":71,"column":36}},"32":{"start":{"line":72,"column":2},"end":{"line":72,"column":42}},"33":{"start":{"line":74,"column":2},"end":{"line":74,"column":121}},"34":{"start":{"line":59,"column":13},"end":{"line":59,"column":31}},"35":{"start":{"line":77,"column":31},"end":{"line":96,"column":1}},"36":{"start":{"line":81,"column":18},"end":{"line":81,"column":103}},"37":{"start":{"line":82,"column":14},"end":{"line":82,"column":62}},"38":{"start":{"line":84,"column":2},"end":{"line":84,"column":34}},"39":{"start":{"line":84,"column":27},"end":{"line":84,"column":34}},"40":{"start":{"line":86,"column":16},"end":{"line":86,"column":35}},"41":{"start":{"line":87,"column":18},"end":{"line":87,"column":49}},"42":{"start":{"line":89,"column":2},"end":{"line":95,"column":5}},"43":{"start":{"line":90,"column":4},"end":{"line":94,"column":5}},"44":{"start":{"line":91,"column":23},"end":{"line":91,"column":43}},"45":{"start":{"line":92,"column":6},"end":{"line":92,"column":30}},"46":{"start":{"line":93,"column":6},"end":{"line":93,"column":44}},"47":{"start":{"line":77,"column":13},"end":{"line":77,"column":31}},"48":{"start":{"line":98,"column":27},"end":{"line":113,"column":1}},"49":{"start":{"line":102,"column":18},"end":{"line":102,"column":103}},"50":{"start":{"line":103,"column":14},"end":{"line":103,"column":62}},"51":{"start":{"line":105,"column":2},"end":{"line":105,"column":39}},"52":{"start":{"line":105,"column":27},"end":{"line":105,"column":39}},"53":{"start":{"line":107,"column":16},"end":{"line":107,"column":35}},"54":{"start":{"line":108,"column":18},"end":{"line":108,"column":49}},"55":{"start":{"line":110,"column":20},"end":{"line":110,"column":58}},"56":{"start":{"line":110,"column":39},"end":{"line":110,"column":57}},"57":{"start":{"line":112,"column":2},"end":{"line":112,"column":63}},"58":{"start":{"line":98,"column":13},"end":{"line":98,"column":27}},"59":{"start":{"line":115,"column":27},"end":{"line":120,"column":1}},"60":{"start":{"line":119,"column":2},"end":{"line":119,"column":40}},"61":{"start":{"line":115,"column":13},"end":{"line":115,"column":27}}},"fnMap":{"0":{"name":"(anonymous_1)","decl":{"start":{"line":5,"column":25},"end":{"line":5,"column":28}},"loc":{"start":{"line":5,"column":30},"end":{"line":20,"column":1}}},"1":{"name":"(anonymous_2)","decl":{"start":{"line":14,"column":15},"end":{"line":14,"column":18}},"loc":{"start":{"line":14,"column":21},"end":{"line":19,"column":3}}},"2":{"name":"(anonymous_3)","decl":{"start":{"line":24,"column":24},"end":{"line":24,"column":25}},"loc":{"start":{"line":24,"column":95},"end":{"line":34,"column":1}}},"3":{"name":"(anonymous_4)","decl":{"start":{"line":37,"column":15},"end":{"line":37,"column":16}},"loc":{"start":{"line":37,"column":33},"end":{"line":39,"column":3}}},"4":{"name":"(anonymous_5)","decl":{"start":{"line":40,"column":12},"end":{"line":40,"column":13}},"loc":{"start":{"line":40,"column":30},"end":{"line":43,"column":3}}},"5":{"name":"(anonymous_6)","decl":{"start":{"line":59,"column":31},"end":{"line":59,"column":null}},"loc":{"start":{"line":63,"column":12},"end":{"line":75,"column":1}}},"6":{"name":"(anonymous_7)","decl":{"start":{"line":77,"column":31},"end":{"line":77,"column":null}},"loc":{"start":{"line":80,"column":4},"end":{"line":96,"column":1}}},"7":{"name":"(anonymous_8)","decl":{"start":{"line":89,"column":16},"end":{"line":89,"column":20}},"loc":{"start":{"line":89,"column":23},"end":{"line":95,"column":3}}},"8":{"name":"(anonymous_9)","decl":{"start":{"line":98,"column":27},"end":{"line":98,"column":null}},"loc":{"start":{"line":101,"column":19},"end":{"line":113,"column":1}}},"9":{"name":"(anonymous_10)","decl":{"start":{"line":110,"column":31},"end":{"line":110,"column":35}},"loc":{"start":{"line":110,"column":39},"end":{"line":110,"column":57}}},"10":{"name":"(anonymous_11)","decl":{"start":{"line":115,"column":27},"end":{"line":115,"column":null}},"loc":{"start":{"line":118,"column":13},"end":{"line":120,"column":1}}}},"branchMap":{"0":{"loc":{"start":{"line":15,"column":4},"end":{"line":18,"column":5}},"type":"if","locations":[{"start":{"line":15,"column":4},"end":{"line":18,"column":5}},{"start":{},"end":{}}]},"1":{"loc":{"start":{"line":29,"column":2},"end":{"line":33,"column":3}},"type":"if","locations":[{"start":{"line":29,"column":2},"end":{"line":33,"column":3}},{"start":{"line":31,"column":9},"end":{"line":33,"column":3}}]},"2":{"loc":{"start":{"line":29,"column":6},"end":{"line":29,"column":25}},"type":"binary-expr","locations":[{"start":{"line":29,"column":6},"end":{"line":29,"column":13}},{"start":{"line":29,"column":17},"end":{"line":29,"column":25}}]},"3":{"loc":{"start":{"line":47,"column":0},"end":{"line":49,"column":1}},"type":"if","locations":[{"start":{"line":47,"column":0},"end":{"line":49,"column":1}},{"start":{},"end":{}}]},"4":{"loc":{"start":{"line":66,"column":56},"end":{"line":66,"column":141}},"type":"cond-expr","locations":[{"start":{"line":66,"column":79},"end":{"line":66,"column":91}},{"start":{"line":66,"column":94},"end":{"line":66,"column":141}}]},"5":{"loc":{"start":{"line":66,"column":94},"end":{"line":66,"column":141}},"type":"cond-expr","locations":[{"start":{"line":66,"column":117},"end":{"line":66,"column":128}},{"start":{"line":66,"column":131},"end":{"line":66,"column":141}}]},"6":{"loc":{"start":{"line":74,"column":21},"end":{"line":74,"column":106}},"type":"cond-expr","locations":[{"start":{"line":74,"column":44},"end":{"line":74,"column":56}},{"start":{"line":74,"column":59},"end":{"line":74,"column":106}}]},"7":{"loc":{"start":{"line":74,"column":59},"end":{"line":74,"column":106}},"type":"cond-expr","locations":[{"start":{"line":74,"column":82},"end":{"line":74,"column":93}},{"start":{"line":74,"column":96},"end":{"line":74,"column":106}}]},"8":{"loc":{"start":{"line":81,"column":18},"end":{"line":81,"column":103}},"type":"cond-expr","locations":[{"start":{"line":81,"column":41},"end":{"line":81,"column":53}},{"start":{"line":81,"column":56},"end":{"line":81,"column":103}}]},"9":{"loc":{"start":{"line":81,"column":56},"end":{"line":81,"column":103}},"type":"cond-expr","locations":[{"start":{"line":81,"column":79},"end":{"line":81,"column":90}},{"start":{"line":81,"column":93},"end":{"line":81,"column":103}}]},"10":{"loc":{"start":{"line":84,"column":2},"end":{"line":84,"column":34}},"type":"if","locations":[{"start":{"line":84,"column":2},"end":{"line":84,"column":34}},{"start":{},"end":{}}]},"11":{"loc":{"start":{"line":90,"column":4},"end":{"line":94,"column":5}},"type":"if","locations":[{"start":{"line":90,"column":4},"end":{"line":94,"column":5}},{"start":{},"end":{}}]},"12":{"loc":{"start":{"line":102,"column":18},"end":{"line":102,"column":103}},"type":"cond-expr","locations":[{"start":{"line":102,"column":41},"end":{"line":102,"column":53}},{"start":{"line":102,"column":56},"end":{"line":102,"column":103}}]},"13":{"loc":{"start":{"line":102,"column":56},"end":{"line":102,"column":103}},"type":"cond-expr","locations":[{"start":{"line":102,"column":79},"end":{"line":102,"column":90}},{"start":{"line":102,"column":93},"end":{"line":102,"column":103}}]},"14":{"loc":{"start":{"line":105,"column":2},"end":{"line":105,"column":39}},"type":"if","locations":[{"start":{"line":105,"column":2},"end":{"line":105,"column":39}},{"start":{},"end":{}}]},"15":{"loc":{"start":{"line":112,"column":9},"end":{"line":112,"column":62}},"type":"cond-expr","locations":[{"start":{"line":112,"column":21},"end":{"line":112,"column":55}},{"start":{"line":112,"column":58},"end":{"line":112,"column":62}}]}},"s":{"0":1,"1":1,"2":1,"3":1,"4":1,"5":1,"6":5,"7":0,"8":0,"9":1,"10":1,"11":0,"12":0,"13":0,"14":0,"15":0,"16":0,"17":1,"18":0,"19":0,"20":0,"21":1,"22":1,"23":0,"24":1,"25":1,"26":0,"27":0,"28":0,"29":0,"30":0,"31":0,"32":0,"33":0,"34":1,"35":1,"36":0,"37":0,"38":0,"39":0,"40":0,"41":0,"42":0,"43":0,"44":0,"45":0,"46":0,"47":1,"48":1,"49":0,"50":0,"51":0,"52":0,"53":0,"54":0,"55":0,"56":0,"57":0,"58":1,"59":1,"60":0,"61":1},"f":{"0":1,"1":5,"2":0,"3":0,"4":0,"5":0,"6":0,"7":0,"8":0,"9":0,"10":0},"b":{"0":[0,5],"1":[0,0],"2":[0,0],"3":[0,1],"4":[0,0],"5":[0,0],"6":[0,0],"7":[0,0],"8":[0,0],"9":[0,0],"10":[0,0],"11":[0,0],"12":[0,0],"13":[0,0],"14":[0,0],"15":[0,0]}}
,"C:\\Codes\\React\\Legal-Substance\\WEBSYS2_Group5\\Backend\\src\\inventory\\inventory-controller.ts": {"path":"C:\\Codes\\React\\Legal-Substance\\WEBSYS2_Group5\\Backend\\src\\inventory\\inventory-controller.ts","statementMap":{"0":{"start":{"line":3,"column":0},"end":{"line":3,"column":80}},"1":{"start":{"line":5,"column":0},"end":{"line":5,"column":30}},"2":{"start":{"line":7,"column":0},"end":{"line":7,"column":13}},"3":{"start":{"line":8,"column":9},"end":{"line":83,"column":4}},"4":{"start":{"line":8,"column":60},"end":{"line":83,"column":4}},"5":{"start":{"line":9,"column":23},"end":{"line":9,"column":25}},"6":{"start":{"line":10,"column":19},"end":{"line":10,"column":20}},"7":{"start":{"line":12,"column":4},"end":{"line":82,"column":5}},"8":{"start":{"line":13,"column":6},"end":{"line":81,"column":7}},"9":{"start":{"line":14,"column":8},"end":{"line":16,"column":9}},"10":{"start":{"line":15,"column":10},"end":{"line":15,"column":94}},"11":{"start":{"line":18,"column":57},"end":{"line":18,"column":65}},"12":{"start":{"line":20,"column":8},"end":{"line":26,"column":9}},"13":{"start":{"line":21,"column":10},"end":{"line":25,"column":11}},"14":{"start":{"line":22,"column":12},"end":{"line":24,"column":15}},"15":{"start":{"line":28,"column":34},"end":{"line":33,"column":10}},"16":{"start":{"line":35,"column":8},"end":{"line":39,"column":9}},"17":{"start":{"line":36,"column":10},"end":{"line":38,"column":13}},"18":{"start":{"line":41,"column":26},"end":{"line":46,"column":10}},"19":{"start":{"line":48,"column":37},"end":{"line":58,"column":10}},"20":{"start":{"line":60,"column":8},"end":{"line":63,"column":11}},"21":{"start":{"line":65,"column":8},"end":{"line":79,"column":9}},"22":{"start":{"line":67,"column":10},"end":{"line":67,"column":21}},"23":{"start":{"line":68,"column":10},"end":{"line":71,"column":31}},"24":{"start":{"line":69,"column":12},"end":{"line":69,"column":87}},"25":{"start":{"line":70,"column":12},"end":{"line":70,"column":21}},"26":{"start":{"line":72,"column":10},"end":{"line":77,"column":11}},"27":{"start":{"line":73,"column":12},"end":{"line":76,"column":15}},"28":{"start":{"line":78,"column":10},"end":{"line":78,"column":19}},"29":{"start":{"line":80,"column":8},"end":{"line":80,"column":104}},"30":{"start":{"line":85,"column":9},"end":{"line":120,"column":4}},"31":{"start":{"line":85,"column":60},"end":{"line":120,"column":4}},"32":{"start":{"line":86,"column":4},"end":{"line":119,"column":5}},"33":{"start":{"line":87,"column":24},"end":{"line":102,"column":8}},"34":{"start":{"line":104,"column":34},"end":{"line":114,"column":8}},"35":{"start":{"line":105,"column":25},"end":{"line":105,"column":38}},"36":{"start":{"line":106,"column":8},"end":{"line":111,"column":null}},"37":{"start":{"line":116,"column":6},"end":{"line":116,"column":70}},"38":{"start":{"line":118,"column":6},"end":{"line":118,"column":97}},"39":{"start":{"line":122,"column":9},"end":{"line":161,"column":4}},"40":{"start":{"line":122,"column":61},"end":{"line":161,"column":4}},"41":{"start":{"line":123,"column":4},"end":{"line":160,"column":5}},"42":{"start":{"line":124,"column":21},"end":{"line":124,"column":31}},"43":{"start":{"line":126,"column":24},"end":{"line":141,"column":8}},"44":{"start":{"line":143,"column":6},"end":{"line":145,"column":7}},"45":{"start":{"line":144,"column":8},"end":{"line":144,"column":77}},"46":{"start":{"line":147,"column":28},"end":{"line":147,"column":46}},"47":{"start":{"line":148,"column":30},"end":{"line":153,"column":null}},"48":{"start":{"line":157,"column":6},"end":{"line":157,"column":69}},"49":{"start":{"line":159,"column":6},"end":{"line":159,"column":102}},"50":{"start":{"line":163,"column":9},"end":{"line":198,"column":4}},"51":{"start":{"line":163,"column":60},"end":{"line":198,"colum
[...]
,"C:\\Codes\\React\\Legal-Substance\\WEBSYS2_Group5\\Backend\\src\\shipments\\shipments-routes.ts": {"path":"C:\\Codes\\React\\Legal-Substance\\WEBSYS2_Group5\\Backend\\src\\shipments\\shipments-routes.ts","statementMap":{"0":{"start":{"line":1,"column":0},"end":{"line":1,"column":33}},"1":{"start":{"line":2,"column":0},"end":{"line":2,"column":60}},"2":{"start":{"line":3,"column":0},"end":{"line":3,"column":55}},"3":{"start":{"line":5,"column":15},"end":{"line":5,"column":23}},"4":{"start":{"line":7,"column":0},"end":{"line":7,"column":94}},"5":{"start":{"line":7,"column":57},"end":{"line":7,"column":92}},"6":{"start":{"line":8,"column":0},"end":{"line":8,"column":83}},"7":{"start":{"line":8,"column":46},"end":{"line":8,"column":81}},"8":{"start":{"line":9,"column":0},"end":{"line":9,"column":87}},"9":{"start":{"line":9,"column":49},"end":{"line":9,"column":85}},"10":{"start":{"line":10,"column":0},"end":{"line":10,"column":103}},"11":{"start":{"line":10,"column":60},"end":{"line":10,"column":101}},"12":{"start":{"line":11,"column":0},"end":{"line":11,"column":96}},"13":{"start":{"line":11,"column":59},"end":{"line":11,"column":94}},"14":{"start":{"line":12,"column":0},"end":{"line":12,"column":99}},"15":{"start":{"line":12,"column":62},"end":{"line":12,"column":97}},"16":{"start":{"line":14,"column":0},"end":{"line":14,"column":22}}},"fnMap":{"0":{"name":"(anonymous_0)","decl":{"start":{"line":7,"column":43},"end":{"line":7,"column":44}},"loc":{"start":{"line":7,"column":57},"end":{"line":7,"column":92}}},"1":{"name":"(anonymous_1)","decl":{"start":{"line":8,"column":32},"end":{"line":8,"column":33}},"loc":{"start":{"line":8,"column":46},"end":{"line":8,"column":81}}},"2":{"name":"(anonymous_2)","decl":{"start":{"line":9,"column":35},"end":{"line":9,"column":36}},"loc":{"start":{"line":9,"column":49},"end":{"line":9,"column":85}}},"3":{"name":"(anonymous_3)","decl":{"start":{"line":10,"column":46},"end":{"line":10,"column":47}},"loc":{"start":{"line":10,"column":60},"end":{"line":10,"column":101}}},"4":{"name":"(anonymous_4)","decl":{"start":{"line":11,"column":45},"end":{"line":11,"column":46}},"loc":{"start":{"line":11,"column":59},"end":{"line":11,"column":94}}},"5":{"name":"(anonymous_5)","decl":{"start":{"line":12,"column":48},"end":{"line":12,"column":49}},"loc":{"start":{"line":12,"column":62},"end":{"line":12,"column":97}}}},"branchMap":{},"s":{"0":1,"1":1,"2":1,"3":1,"4":1,"5":9,"6":1,"7":1,"8":1,"9":4,"10":1,"11":2,"12":1,"13":3,"14":1,"15":2,"16":1},"f":{"0":9,"1":1,"2":4,"3":2,"4":3,"5":2},"b":{}}
,"C:\\Codes\\React\\Legal-Substance\\WEBSYS2_Group5\\Backend\\src\\substance\\substances-controller.ts": {"path":"C:\\Codes\\React\\Legal-Substance\\WEBSYS2_Group5\\Backend\\src\\substance\\substances-controller.ts","statementMap":{"0":{"start":{"line":3,"column":0},"end":{"line":3,"column":80}},"1":{"start":{"line":5,"column":0},"end":{"line":5,"column":30}},"2":{"start":{"line":7,"column":0},"end":{"line":7,"column":13}},"3":{"start":{"line":8,"column":9},"end":{"line":60,"column":4}},"4":{"start":{"line":8,"column":60},"end":{"line":60,"column":4}},"5":{"start":{"line":9,"column":23},"end":{"line":9,"column":25}},"6":{"start":{"line":10,"column":19},"end":{"line":10,"column":20}},"7":{"start":{"line":12,"column":4},"end":{"line":59,"column":5}},"8":{"start":{"line":13,"column":6},"end":{"line":58,"column":7}},"9":{"start":{"line":14,"column":8},"end":{"line":16,"column":9}},"10":{"start":{"line":15,"column":10},"end":{"line":15,"column":91}},"11":{"start":{"line":18,"column":86},"end":{"line":18,"column":94}},"12":{"start":{"line":20,"column":8},"end":{"line":26,"column":9}},"13":{"start":{"line":21,"column":10},"end":{"line":25,"column":11}},"14":{"start":{"line":22,"column":12},"end":{"line":24,"column":15}},"15":{"start":{"line":28,"column":26},"end":{"line":35,"column":10}},"16":{"start":{"line":37,"column":8},"end":{"line":40,"column":11}},"17":{"start":{"line":42,"column":8},"end":{"line":56,"column":9}},"18":{"start":{"line":44,"column":10},"end":{"line":44,"column":21}},"19":{"start":{"line":45,"column":10},"end":{"line":48,"column":31}},"20":{"start":{"line":46,"column":12},"end":{"line":46,"column":86}},"21":{"start":{"line":47,"column":12},"end":{"line":47,"column":21}},"22":{"start":{"line":49,"column":10},"end":{"line":54,"column":11}},"23":{"start":{"line":50,"column":12},"end":{"line":53,"column":15}},"24":{"start":{"line":55,"column":10},"end":{"line":55,"column":19}},"25":{"start":{"line":57,"column":8},"end":{"line":57,"column":99}},"26":{"start":{"line":62,"column":9},"end":{"line":84,"column":4}},"27":{"start":{"line":62,"column":60},"end":{"line":84,"column":4}},"28":{"start":{"line":63,"column":4},"end":{"line":83,"column":5}},"29":{"start":{"line":64,"column":25},"end":{"line":70,"column":8}},"30":{"start":{"line":72,"column":35},"end":{"line":78,"column":8}},"31":{"start":{"line":73,"column":30},"end":{"line":73,"column":48}},"32":{"start":{"line":74,"column":8},"end":{"line":76,"column":null}},"33":{"start":{"line":80,"column":6},"end":{"line":80,"column":72}},"34":{"start":{"line":82,"column":6},"end":{"line":82,"column":98}},"35":{"start":{"line":86,"column":9},"end":{"line":112,"column":4}},"36":{"start":{"line":86,"column":61},"end":{"line":112,"column":4}},"37":{"start":{"line":87,"column":4},"end":{"line":111,"column":5}},"38":{"start":{"line":88,"column":21},"end":{"line":88,"column":31}},"39":{"start":{"line":90,"column":24},"end":{"line":96,"column":8}},"40":{"start":{"line":98,"column":6},"end":{"line":100,"column":7}},"41":{"start":{"line":99,"column":8},"end":{"line":99,"column":72}},"42":{"start":{"line":102,"column":28},"end":{"line":102,"column":46}},"43":{"start":{"line":103,"column":30},"end":{"line":105,"column":null}},"44":{"start":{"line":108,"column":6},"end":{"line":108,"column":69}},"45":{"start":{"line":110,"column":6},"end":{"line":110,"column":97}},"46":{"start":{"line":114,"column":9},"end":{"line":137,"column":4}},"47":{"start":{"line":114,"column":60},"end":{"line":137,"column":4}},"48":{"start":{"line":115,"column":4},"end":{"line":136,"column":5}},"49":{"start":{"line":116,"column":21},"end":{"line":116,"column":31}},"50":{"start":{"line":118,"column":24},"end":{"line":118,"column":55}},"51":{"start":{"line":120,"column":6},"end":{"line":122,"column":7}},"52":{"start":{"line":121,"column":8},"end":{"line":121,"column":72}},"53":{"start":{"line":124,"column":6},"end":{"line":126,"column":7}},"54":{"start":{"line":125,"column":8},"end":{"line":125,"column":93}},"55":{"start":{"line":128,"column":6},"end":{"line":128,"column":39}},"56":{"start":{"line":130,"column":6},"end":{"line":133,"column":9}},"57":{"start":{"line":135,"column":6},"end":{"line":135,"column":97}},"58":{"start":{"line":139,"column":9},"end":{"line":159,"column":4}},"59":{"start":{"line":139,"column":60},"end":{"line":159,"column":4}},"60":{"start":{"line":140,"column":4},"end":{"line":158,"column":5}},"61":{"start":{"line":141,"column":21},"end":{"line":141,"column":31}},"62":{"start":{"line":142,"column":24},"end":{"line":142,"column":55}},"63":{"start":{"line":144,"column":6},"end":{"line":146,"column":7}},"64":{"start":{"line":145,"column":8},"end":{"line":145,"column":72}},"65":{"start":{"line":148,"column":6},"end":{"line":150,"column":7}},"66":{"start":{"line":149,"column":8},"end":{"line":149,"column":93}},"67":{"start":{"line":152,"column":6},"end":{"line":152,"column":49}},"68":{"start":{"line":153,"column":6},"end":{"line":153,"column":32}},"69":{"start":{"line":155,"column":6},"end":{"line":155,"column":81}},"70":{"start":{"line":157,"column":6},"end":{"line":157,"column":97}}},"fnMap":{"0":{"name":"(anonymous_8)","decl":{"start":{"line":8,"column":18},"end":{"line":8,"column":25}},"loc":{"start":{"line":8,"column":60},"end":{"line":60,"column":4}}},"1":{"name":"(anonymous_9)","decl":{"start":{"line":8,"column":60},"end":{"line":8,"column":null}},"loc":{"start":{"line":8,"column":60},"end":{"line":60,"column":3}}},"2":{"name":"(anonymous_10)","decl":{"start":{"line":62,"column":18},"end":{"line":62,"column":25}},"loc":{"start":{"line":62,"column":60},"end":{"line":84,"column":4}}},"3":{"name":"(anonymous_11)","decl":{"start":{"line":62,"column":60},"end":{"line":62,"column":null}},"loc":{"start":{"line":62,"column":60},"end":{"line":84,"column":3}}},"4":{"name":"(anonymous_12)","decl":{"start":{"line":72,"column":50},"end":{"line":72,"column":51}},"loc":{"start":{"line":72,"column":69},"end":{"line":78,"column":7}}},"5":{"name":"(anonymous_13)","decl":{"start":{"line":86,"column":19},"end":{"line":86,"column":26}},"loc":{"start":{"line":86,"column":61},"end":{"line":112,"column":4}}},"6":{"name":"(anonymous_14)","decl":{"start":{"line":86,"column":61},"end":{"line":86,"column":null}},"loc":{"start":{"line":86,"column":61},"end":{"line":112,"column":3}}},"7":{"name":"(anonymous_15)","decl":{"start":{"line":114,"column":18},"end":{"line":114,"column":25}},"loc":{"start":{"line":114,"column":60},"end":{"line":137,"column":4}}},"8":{"name":"(anonymous_16)","decl":{"start":{"line":114,"column":60},"end":{"line":114,"column":null}},"loc":{"start":{"line":114,"column":60},"end":{"line":137,"column":3}}},"9":{"name":"(anonymous_17)","decl":{"start":{"line":139,"column":18},"end":{"line":139,"column":25}},"loc":{"start":{"line":139,"column":60},"end":{"line":159,"column":4}}},"10":{"name":"(anonymous_18)","decl":{"start":{"line":139,"column":60},"end":{"line":139,"column":null}},"loc":{"start":{"line":139,"column":60},"end":{"line":159,"column":3}}}},"branchMap":{"0":{"loc":{"start":{"line":14,"column":8},"end":{"line":16,"column":9}},"type":"if","locations":[{"start":{"line":14,"column":8},"end":{"line":16,"column":9}},{"start":{},"end":{}}]},"1":{"loc":{"start":{"line":14,"column":12},"end":{"line":14,"column":53}},"type":"binary-expr","locations":[{"start":{"line":14,"column":12},"end":{"line":14,"column":21}},{"start":{"line":14,"column":25},"end":{"line":14,"column":53}}]},"2":{"loc":{"start":{"line":20,"column":8},"end":{"line":26,"column":9}},"type":"if","locations":[{"start":{"line":20,"column":8},"end":{"line":26,"column":9}},{"start":{},"end":{}}]},"3":{"loc":{"start":{"line":21,"column":10},"end":{"line":25,"column":11}},"type":"if","locations":[{"start":{"line":21,"column":10},"end":{"line":25,"column":11}},{"start":{},"end":{}}]},"4":{"loc":{"start":{"line":21,"column":14},"end":{"line":21,"column":58}},"type":"binary-expr","locations":[{"start":{"line":21,"column":14},"end":{"line":21,"column":28}},{"start":{"line":21,"column":32},"end":{"line":21,"column":41}},{"start":{"line":21,"column":45},"end":{"line":21,"column":58}}]},"5":{"loc":{"start":{"line":34,"column":25},"end":{"line":34,"column":43}},"type":"binary-expr","locations":[{"start":{"line":34,"column":25},"end":{"line":34,"column":38}},{"start":{"line":34,"column":42},"end":{"line":34,"column":43}}]},"6":{"loc":{"start":{"line":42,"column":8},"end":{"line":56,"column":9}},"type":"if","locations":[{"start":{"line":42,"column":8},"end":{"line":56,"column":9}},{"start":{},"end":{}}]},"7":{"loc":{"start":{"line":42,"column":12},"end":{"line":43,"column":96}},"type":"binary-expr","locations":[{"start":{"line":42,"column":13},"end":{"line":42,"column":35}},{"start":{"line":42,"column":39},"end":{"line":42,"column":69}},{"start":{"line":43,"column":13},"end":{"line":43,"column":48}},{"start":{"line":43,"column":52},"end":{"line":43,"column":95}}]},"8":{"loc":{"start":{"line":42,"column":39},"end":{"line":42,"column":57}},"type":"cond-expr","locations":[{"start":{"line":42,"column":51},"end":{"line":42,"column":53}},{"start":{"line":42,"column":51},"end":{"line":42,"column":57}}]},"9":{"loc":{"start":{"line":42,"column":39},"end":{"line":42,"column":53}},"type":"binary-expr","locations":[{"start":{"line":42,"column":39},"end":{"line":42,"column":53}},{"start":{"line":42,"column":51},"end":{"line":42,"column":53}}]},"10":{"loc":{"start":{"line":43,"column":13},"end":{"line":43,"column":48}},"type":"cond-expr","locations":[{"start":{"line":43,"column":29},"end":{"line":43,"column":31}},{"start":{"line":43,"column":29},"end":{"line":43,"column":48}}]},"11":{"loc":{"start":{"line":43,"column":13},"end":{"line":43,"column":31}},"type":"binary-expr","locations":[{"start":{"line":43,"column":13},"end":{"line":43,"column":31}},{"start":{"line":43,"column":29},"end":{"line":43,"column":31}}]},"12":{"loc":{"start":{"line":43,"column":52},"end":{"line":43,"column":95}},"type":"cond-expr","locations":[{"start":{"line":43,"column":76},"end":{"line":43,"column":78}},{"start":{"line":43,"column":76},"end":{"line":43,"column":95}}]},"13":{"loc":{"start":{"line":43,"column":52},"end":{"line":43,"column":78}},"type":"binary-expr","locations":[{"start":{"line":43,"column":52},"end":{"line":43,"column":78}},{"start":{"line":43,"column":76},"end":{"line":43,"column":78}}]},"14":{"loc":{"start":{"line":43,"column":52},"end":{"line":43,"column":76}},"type":"cond-expr","locations":[{"start":{"line":43,"column":64},"end":{"line":43,"column":66}},{"start":{"line":43,"column":64},"end":{"line":43,"column":76}}]},"15":{"loc":{"start":{"line":43,"column":52},"end":{"line":43,"column":66}},"type":"binary-expr","locations":[{"start":{"line":43,"column":52},"end":{"line":43,"column":66}},{"start":{"line":43,"column":64},"end":{"line":43,"column":66}}]},"16":{"loc":{"start":{"line":49,"column":10},"end":{"line":54,"column":11}},"type":"if","locations":[{"start":{"line":49,"column":10},"end":{"line":54,"column":11}},{"start":{},"end":{}}]},"17":{"loc":{"start":{"line":98,"column":6},"end":{"line":100,"column":7}},"type":"if","locations":[{"start":{"line":98,"column":6},"end":{"line":100,"column":7}},{"start":{},"end":{}}]},"18":{"loc":{"start":{"line":120,"column":6},"end":{"line":122,"column":7}},"type":"if","locations":[{"start":{"line":120,"column":6},"end":{"line":122,"column":7}},{"start":{},"end":{}}]},"19":{"loc":{"start":{"line":124,"column":6},"end":{"line":126,"column":7}},"type":"if","locations":[{"start":{"line":124,"column":6},"end":{"line":126,"column":7}},{"start":{},"end":{}}]},"20":{"loc":{"start":{"line":124,"column":10},"end":{"line":124,"column":80}},"type":"binary-expr","locations":[{"start":{"line":124,"column":10},"end":{"line":124,"column":39}},{"start":{"line":124,"column":43},"end":{"line":124,"column":80}}]},"21":{"loc":{"start":{"line":124,"column":10},"end":{"line":124,"column":24}},"type":"cond-expr","locations":[{"start":{"line":124,"column":18},"end":{"line":124,"column":20}},{"start":{"line":124,"column":18},"end":{"line":124,"column":24}}]},"22":{"loc":{"start":{"line":124,"column":10},"end":{"line":124,"column":20}},"type":"binary-expr","locations":[{"start":{"line":124,"column":10},"end":{"line":124,"column":20}},{"start":{"line":124,"column":18},"end":{"line":124,"column":20}}]},"23":{"loc":{"start":{"line":144,"column":6},"end":{"line":146,"column":7}},"type":"if","locations":[{"start":{"line":144,"column":6},"end":{"line":146,"column":7}},{"start":{},"end":{}}]},"24":{"loc":{"start":{"line":148,"column":6},"end":{"line":150,"column":7}},"type":"if","locations":[{"start":{"line":148,"column":6},"end":{"line":150,"column":7}},{"start":{},"end":{}}]},"25":{"loc":{"start":{"line":148,"column":10},"end":{"line":148,"column":80}},"type":"binary-expr","locations":[{"start":{"line":148,"column":10},"end":{"line":148,"column":39}},{"start":{"line":148,"column":43},"end":{"line":148,"column":80}}]},"26":{"loc":{"start":{"line":148,"column":10},"end":{"line":148,"column":24}},"type":"cond-expr","locations":[{"start":{"line":148,"column":18},"end":{"line":148,"column":20}},{"start":{"line":148,"column":18},"end":{"line":148,"column":24}}]},"27":{"loc":{"start":{"line":148,"column":10},"end":{"line":148,"column":20}},"type":"binary-expr","locations":[{"start":{"line":148,"column":10},"end":{"line":148,"column":20}},{"start":{"line":148,"column":18},"end":{"line":148,"column":20}}]}},"s":{"0":1,"1":1,"2":1,"3":1,"4":6,"5":6,"6":6,"7":6,"8":26,"9":26,"10":0,"11":26,"12":26,"13":6,"14":1,"15":25,"16":3,"17":22,"18":21,"19":21,"20":21,"21":21,"22":0,"23":0,"24":0,"25":1,"26":1,"27":3,"28":3,"29":3,"30":2,"31":1,"32":1,"33":2,"34":1,"35":1,"36":4,"37":4,"38":4,"39":4,"40":3,"41":1,"42":2,"43":2,"44":2,"45":1,"46":1,"47":4,"48":4,"49":4,"50":4,"51":4,"52":1,"53":3,"54":1,"55":2,"56":1,"57":1,"58":1,"59":4,"60":4,"61":4,"62":4,"63":4,"64":1,"65":3,"66":1,"67":2,"68":2,"69":1,"70":1},"f":{"0":6,"1":6,"2":3,"3":3,"4":1,"5":4,"6":4,"7":4,"8":4,"9":4,"10":4},"b":{"0":[0,26],"1":[26,26],"2":[6,20],"3":[1,5],"4":[6,5,5],"5":[25,24],"6":[21,1],"7":[22,1,21,0],"8":[1,0],"9":[1,1],"10":[0,21],"11":[21,21],"12":[0,0],"13":[0,0],"14":[0,0],"15":[0,0],"16":[0,0],"17":[1,2],"18":[1,3],"19":[1,2],"20":[3,3],"21":[0,3],"22":[3,3],"23":[1,3],"24":[1,2],"25":[3,3],"26":[0,3],"27":[3,3]}}
,"C:\\Codes\\React\\Legal-Substance\\WEBSYS2_Group5\\Backend\\src\\substance\\substances-routes.ts": {"path":"C:\\Codes\\React\\Legal-Substance\\WEBSYS2_Group5\\Backend\\src\\substance\\substances-routes.ts","statementMap":{"0":{"start":{"line":1,"column":0},"end":{"line":1,"column":33}},"1":{"start":{"line":2,"column":0},"end":{"line":2,"column":62}},"2":{"start":{"line":3,"column":0},"end":{"line":3,"column":55}},"3":{"start":{"line":5,"column":15},"end":{"line":5,"column":23}},"4":{"start":{"line":7,"column":0},"end":{"line":7,"column":97}},"5":{"start":{"line":7,"column":59},"end":{"line":7,"column":95}},"6":{"start":{"line":8,"column":0},"end":{"line":8,"column":84}},"7":{"start":{"line":8,"column":46},"end":{"line":8,"column":82}},"8":{"start":{"line":9,"column":0},"end":{"line":9,"column":88}},"9":{"start":{"line":9,"column":49},"end":{"line":9,"column":86}},"10":{"start":{"line":10,"column":0},"end":{"line":10,"column":99}},"11":{"start":{"line":10,"column":61},"end":{"line":10,"column":97}},"12":{"start":{"line":11,"column":0},"end":{"line":11,"column":102}},"13":{"start":{"line":11,"column":64},"end":{"line":11,"column":100}},"14":{"start":{"line":13,"column":0},"end":{"line":13,"column":22}}},"fnMap":{"0":{"name":"(anonymous_0)","decl":{"start":{"line":7,"column":45},"end":{"line":7,"column":46}},"loc":{"start":{"line":7,"column":59},"end":{"line":7,"column":95}}},"1":{"name":"(anonymous_1)","decl":{"start":{"line":8,"column":32},"end":{"line":8,"column":33}},"loc":{"start":{"line":8,"column":46},"end":{"line":8,"column":82}}},"2":{"name":"(anonymous_2)","decl":{"start":{"line":9,"column":35},"end":{"line":9,"column":36}},"loc":{"start":{"line":9,"column":49},"end":{"line":9,"column":86}}},"3":{"name":"(anonymous_3)","decl":{"start":{"line":10,"column":47},"end":{"line":10,"column":48}},"loc":{"start":{"line":10,"column":61},"end":{"line":10,"column":97}}},"4":{"name":"(anonymous_4)","decl":{"start":{"line":11,"column":50},"end":{"line":11,"column":51}},"loc":{"start":{"line":11,"column":64},"end":{"line":11,"column":100}}}},"branchMap":{},"s":{"0":1,"1":1,"2":1,"3":1,"4":1,"5":6,"6":1,"7":3,"8":1,"9":4,"10":1,"11":4,"12":1,"13":4,"14":1},"f":{"0":6,"1":3,"2":4,"3":4,"4":4},"b":{}}
}
