{"C:\\Codes\\React\\Legal-Substance\\WEBSYS2_Group5\\Backend\\models\\customer.js": {"path":"C:\\Codes\\React\\Legal-Substance\\WEBSYS2_Group5\\Backend\\models\\customer.js","statementMap":{"0":{"start":{"line":2,"column":18},"end":{"line":2,"column":38}},"1":{"start":{"line":4,"column":0},"end":{"line":52,"column":2}},"2":{"start":{"line":7,"column":6},"end":{"line":10,"column":9}},"3":{"start":{"line":14,"column":2},"end":{"line":49,"column":5}},"4":{"start":{"line":51,"column":2},"end":{"line":51,"column":18}}},"fnMap":{"0":{"name":"(anonymous_0)","decl":{"start":{"line":4,"column":17},"end":{"line":4,"column":18}},"loc":{"start":{"line":4,"column":43},"end":{"line":52,"column":1}},"line":4},"1":{"name":"(anonymous_1)","decl":{"start":{"line":6,"column":4},"end":{"line":6,"column":5}},"loc":{"start":{"line":6,"column":29},"end":{"line":11,"column":5}},"line":6}},"branchMap":{},"s":{"0":1,"1":1,"2":1,"3":1,"4":1},"f":{"0":1,"1":1},"b":{},"inputSourceMap":null,"_coverageSchema":"1a1c01bbd47fc00a2c39e90264f33305004495a9","hash":"a308d139636f0cdb15917e95bc8d2f059ab84427"}
,"C:\\Codes\\React\\Legal-Substance\\WEBSYS2_Group5\\Backend\\models\\dealer.js": {"path":"C:\\Codes\\React\\Legal-Substance\\WEBSYS2_Group5\\Backend\\models\\dealer.js","statementMap":{"0":{"start":{"line":2,"column":18},"end":{"line":2,"column":38}},"1":{"start":{"line":4,"column":0},"end":{"line":68,"column":2}},"2":{"start":{"line":7,"column":6},"end":{"line":10,"column":9}},"3":{"start":{"line":11,"column":6},"end":{"line":14,"column":9}},"4":{"start":{"line":15,"column":6},"end":{"line":18,"column":9}},"5":{"start":{"line":22,"column":2},"end":{"line":65,"column":5}},"6":{"start":{"line":67,"column":2},"end":{"line":67,"column":16}}},"fnMap":{"0":{"name":"(anonymous_0)","decl":{"start":{"line":4,"column":17},"end":{"line":4,"column":18}},"loc":{"start":{"line":4,"column":43},"end":{"line":68,"column":1}},"line":4},"1":{"name":"(anonymous_1)","decl":{"start":{"line":6,"column":4},"end":{"line":6,"column":5}},"loc":{"start":{"line":6,"column":29},"end":{"line":19,"column":5}},"line":6}},"branchMap":{},"s":{"0":1,"1":1,"2":1,"3":1,"4":1,"5":1,"6":1},"f":{"0":1,"1":1},"b":{},"inputSourceMap":null,"_coverageSchema":"1a1c01bbd47fc00a2c39e90264f33305004495a9","hash":"3e9bd768cbd4cfd2fc9f848f6afe2021c9c3193c"}
,"C:\\Codes\\React\\Legal-Substance\\WEBSYS2_Group5\\Backend\\models\\index.js": {"path":"C:\\Codes\\React\\Legal-Substance\\WEBSYS2_Group5\\Backend\\models\\index.js","statementMap":{"0":{"start":{"line":3,"column":11},"end":{"line":3,"column":24}},"1":{"start":{"line":4,"column":13},"end":{"line":4,"column":28}},"2":{"start":{"line":5,"column":18},"end":{"line":5,"column":38}},"3":{"start":{"line":6,"column":16},"end":{"line":6,"column":34}},"4":{"start":{"line":7,"column":17},"end":{"line":7,"column":42}},"5":{"start":{"line":8,"column":12},"end":{"line":8,"column":49}},"6":{"start":{"line":9,"column":15},"end":{"line":9,"column":65}},"7":{"start":{"line":10,"column":11},"end":{"line":10,"column":13}},"8":{"start":{"line":13,"column":0},"end":{"line":17,"column":1}},"9":{"start":{"line":14,"column":2},"end":{"line":14,"column":74}},"10":{"start":{"line":16,"column":2},"end":{"line":16,"column":87}},"11":{"start":{"line":19,"column":0},"end":{"line":32,"column":5}},"12":{"start":{"line":22,"column":4},"end":{"line":27,"column":6}},"13":{"start":{"line":30,"column":18},"end":{"line":30,"column":85}},"14":{"start":{"line":31,"column":4},"end":{"line":31,"column":27}},"15":{"start":{"line":34,"column":0},"end":{"line":38,"column":3}},"16":{"start":{"line":35,"column":2},"end":{"line":37,"column":3}},"17":{"start":{"line":36,"column":4},"end":{"line":36,"column":32}},"18":{"start":{"line":40,"column":0},"end":{"line":40,"column":25}},"19":{"start":{"line":41,"column":0},"end":{"line":41,"column":25}},"20":{"start":{"line":43,"column":0},"end":{"line":43,"column":20}}},"fnMap":{"0":{"name":"(anonymous_0)","decl":{"start":{"line":21,"column":10},"end":{"line":21,"column":11}},"loc":{"start":{"line":21,"column":18},"end":{"line":28,"column":3}},"line":21},"1":{"name":"(anonymous_1)","decl":{"start":{"line":29,"column":11},"end":{"line":29,"column":12}},"loc":{"start":{"line":29,"column":19},"end":{"line":32,"column":3}},"line":29},"2":{"name":"(anonymous_2)","decl":{"start":{"line":34,"column":24},"end":{"line":34,"column":25}},"loc":{"start":{"line":34,"column":37},"end":{"line":38,"column":1}},"line":34}},"branchMap":{"0":{"loc":{"start":{"line":8,"column":12},"end":{"line":8,"column":49}},"type":"binary-expr","locations":[{"start":{"line":8,"column":12},"end":{"line":8,"column":32}},{"start":{"line":8,"column":36},"end":{"line":8,"column":49}}],"line":8},"1":{"loc":{"start":{"line":13,"column":0},"end":{"line":17,"column":1}},"type":"if","locations":[{"start":{"line":13,"column":0},"end":{"line":17,"column":1}},{"start":{"line":15,"column":7},"end":{"line":17,"column":1}}],"line":13},"2":{"loc":{"start":{"line":23,"column":6},"end":{"line":26,"column":37}},"type":"binary-expr","locations":[{"start":{"line":23,"column":6},"end":{"line":23,"column":29}},{"start":{"line":24,"column":6},"end":{"line":24,"column":23}},{"start":{"line":25,"column":6},"end":{"line":25,"column":30}},{"start":{"line":26,"column":6},"end":{"line":26,"column":37}}],"line":23},"3":{"loc":{"start":{"line":35,"column":2},"end":{"line":37,"column":3}},"type":"if","locations":[{"start":{"line":35,"column":2},"end":{"line":37,"column":3}},{"start":{},"end":{}}],"line":35}},"s":{"0":1,"1":1,"2":1,"3":1,"4":1,"5":1,"6":1,"7":1,"8":1,"9":0,"10":1,"11":1,"12":11,"13":10,"14":10,"15":1,"16":10,"17":10,"18":1,"19":1,"20":1},"f":{"0":11,"1":10,"2":10},"b":{"0":[1,0],"1":[0,1],"2":[11,11,10,10],"3":[10,0]},"inputSourceMap":null,"_coverageSchema":"1a1c01bbd47fc00a2c39e90264f33305004495a9","hash":"52e875b1461b626b429092e173448cb8807e1e7d"}
,"C:\\Codes\\React\\Legal-Substance\\WEBSYS2_Group5\\Backend\\models\\inventory.js": {"path":"C:\\Codes\\React\\Legal-Substance\\WEBSYS2_Group5\\Backend\\models\\inventory.js","statementMap":{"0":{"start":{"line":2,"column":18},"end":{"line":2,"column":38}},"1":{"start":{"line":4,"column":0},"end":{"line":50,"column":2}},"2":{"start":{"line":7,"column":6},"end":{"line":10,"column":9}},"3":{"start":{"line":11,"column":6},"end":{"line":14,"column":9}},"4":{"start":{"line":18,"column":2},"end":{"line":47,"column":5}},"5":{"start":{"line":49,"column":2},"end":{"line":49,"column":19}}},"fnMap":{"0":{"name":"(anonymous_0)","decl":{"start":{"line":4,"column":17},"end":{"line":4,"column":18}},"loc":{"start":{"line":4,"column":43},"end":{"line":50,"column":1}},"line":4},"1":{"name":"(anonymous_1)","decl":{"start":{"line":6,"column":4},"end":{"line":6,"column":5}},"loc":{"start":{"line":6,"column":29},"end":{"line":15,"column":5}},"line":6}},"branchMap":{},"s":{"0":1,"1":1,"2":1,"3":1,"4":1,"5":1},"f":{"0":1,"1":1},"b":{},"inputSourceMap":null,"_coverageSchema":"1a1c01bbd47fc00a2c39e90264f33305004495a9","hash":"a0a697d584b07b7886e04f99d31f84b470a5b85f"}
,"C:\\Codes\\React\\Legal-Substance\\WEBSYS2_Group5\\Backend\\models\\order.js": {"path":"C:\\Codes\\React\\Legal-Substance\\WEBSYS2_Group5\\Backend\\models\\order.js","statementMap":{"0":{"start":{"line":2,"column":18},"end":{"line":2,"column":38}},"1":{"start":{"line":4,"column":0},"end":{"line":80,"column":2}},"2":{"start":{"line":7,"column":6},"end":{"line":10,"column":9}},"3":{"start":{"line":11,"column":6},"end":{"line":14,"column":9}},"4":{"start":{"line":15,"column":6},"end":{"line":18,"column":9}},"5":{"start":{"line":19,"column":6},"end":{"line":22,"column":9}},"6":{"start":{"line":26,"column":2},"end":{"line":77,"column":5}},"7":{"start":{"line":79,"column":2},"end":{"line":79,"column":15}}},"fnMap":{"0":{"name":"(anonymous_0)","decl":{"start":{"line":4,"column":17},"end":{"line":4,"column":18}},"loc":{"start":{"line":4,"column":43},"end":{"line":80,"column":1}},"line":4},"1":{"name":"(anonymous_1)","decl":{"start":{"line":6,"column":4},"end":{"line":6,"column":5}},"loc":{"start":{"line":6,"column":29},"end":{"line":23,"column":5}},"line":6}},"branchMap":{},"s":{"0":1,"1":1,"2":1,"3":1,"4":1,"5":1,"6":1,"7":1},"f":{"0":1,"1":1},"b":{},"inputSourceMap":null,"_coverageSchema":"1a1c01bbd47fc00a2c39e90264f33305004495a9","hash":"a5ec2652f7229887ecd2eda9cf4221e35803934f"}
,"C:\\Codes\\React\\Legal-Substance\\WEBSYS2_Group5\\Backend\\models\\orders_item.js": {"path":"C:\\Codes\\React\\Legal-Substance\\WEBSYS2_Group5\\Backend\\models\\orders_item.js","statementMap":{"0":{"start":{"line":2,"column":18},"end":{"line":2,"column":38}},"1":{"start":{"line":4,"column":0},"end":{"line":55,"column":2}},"2":{"start":{"line":7,"column":6},"end":{"line":10,"column":9}},"3":{"start":{"line":11,"column":6},"end":{"line":14,"column":9}},"4":{"start":{"line":18,"column":2},"end":{"line":52,"column":5}},"5":{"start":{"line":54,"column":2},"end":{"line":54,"column":19}}},"fnMap":{"0":{"name":"(anonymous_0)","decl":{"start":{"line":4,"column":17},"end":{"line":4,"column":18}},"loc":{"start":{"line":4,"column":43},"end":{"line":55,"column":1}},"line":4},"1":{"name":"(anonymous_1)","decl":{"start":{"line":6,"column":4},"end":{"line":6,"column":5}},"loc":{"start":{"line":6,"column":29},"end":{"line":15,"column":5}},"line":6}},"branchMap":{},"s":{"0":1,"1":1,"2":1,"3":1,"4":1,"5":1},"f":{"0":1,"1":1},"b":{},"inputSourceMap":null,"_coverageSchema":"1a1c01bbd47fc00a2c39e90264f33305004495a9","hash":"4801eed9f4997b2a653274ca39abb743e3f8e068"}
,"C:\\Codes\\React\\Legal-Substance\\WEBSYS2_Group5\\Backend\\models\\provider.js": {"path":"C:\\Codes\\React\\Legal-Substance\\WEBSYS2_Group5\\Backend\\models\\provider.js","statementMap":{"0":{"start":{"line":2,"column":18},"end":{"line":2,"column":38}},"1":{"start":{"line":4,"column":0},"end":{"line":61,"column":2}},"2":{"start":{"line":7,"column":6},"end":{"line":10,"column":9}},"3":{"start":{"line":11,"column":6},"end":{"line":14,"column":9}},"4":{"start":{"line":15,"column":6},"end":{"line":18,"column":9}},"5":{"start":{"line":22,"column":2},"end":{"line":58,"column":5}},"6":{"start":{"line":60,"column":2},"end":{"line":60,"column":18}}},"fnMap":{"0":{"name":"(anonymous_0)","decl":{"start":{"line":4,"column":17},"end":{"line":4,"column":18}},"loc":{"start":{"line":4,"column":43},"end":{"line":61,"column":1}},"line":4},"1":{"name":"(anonymous_1)","decl":{"start":{"line":6,"column":4},"end":{"line":6,"column":5}},"loc":{"start":{"line":6,"column":29},"end":{"line":19,"column":5}},"line":6}},"branchMap":{},"s":{"0":1,"1":1,"2":1,"3":1,"4":1,"5":1,"6":1},"f":{"0":1,"1":1},"b":{},"inputSourceMap":null,"_coverageSchema":"1a1c01bbd47fc00a2c39e90264f33305004495a9","hash":"0eebf61eff3791c82e9e9ee303de6d3dbd64e17d"}
,"C:\\Codes\\React\\Legal-Substance\\WEBSYS2_Group5\\Backend\\models\\provider_transport.js": {"path":"C:\\Codes\\React\\Legal-Substance\\WEBSYS2_Group5\\Backend\\models\\provider_transport.js","statementMap":{"0":{"start":{"line":2,"column":18},"end":{"line":2,"column":38}},"1":{"start":{"line":4,"column":0},"end":{"line":48,"column":2}},"2":{"start":{"line":7,"column":6},"end":{"line":10,"column":9}},"3":{"start":{"line":11,"column":6},"end":{"line":14,"column":9}},"4":{"start":{"line":18,"column":2},"end":{"line":45,"column":5}},"5":{"start":{"line":47,"column":2},"end":{"line":47,"column":27}}},"fnMap":{"0":{"name":"(anonymous_0)","decl":{"start":{"line":4,"column":17},"end":{"line":4,"column":18}},"loc":{"start":{"line":4,"column":43},"end":{"line":48,"column":1}},"line":4},"1":{"name":"(anonymous_1)","decl":{"start":{"line":6,"column":4},"end":{"line":6,"column":5}},"loc":{"start":{"line":6,"column":29},"end":{"line":15,"column":5}},"line":6}},"branchMap":{},"s":{"0":1,"1":1,"2":1,"3":1,"4":1,"5":1},"f":{"0":1,"1":1},"b":{},"inputSourceMap":null,"_coverageSchema":"1a1c01bbd47fc00a2c39e90264f33305004495a9","hash":"3ac85760ae80b9e1b864711cb75d4672560c034e"}
,"C:\\Codes\\React\\Legal-Substance\\WEBSYS2_Group5\\Backend\\models\\purchase_order.js": {"path":"C:\\Codes\\React\\Legal-Substance\\WEBSYS2_Group5\\Backend\\models\\purchase_order.js","statementMap":{"0":{"start":{"line":2,"column":18},"end":{"line":2,"column":38}},"1":{"start":{"line":4,"column":0},"end":{"line":88,"column":2}},"2":{"start":{"line":7,"column":6},"end":{"line":10,"column":9}},"3":{"start":{"line":11,"column":6},"end":{"line":14,"column":9}},"4":{"start":{"line":15,"column":6},"end":{"line":18,"column":9}},"5":{"start":{"line":19,"column":6},"end":{"line":22,"column":9}},"6":{"start":{"line":26,"column":2},"end":{"line":85,"column":5}},"7":{"start":{"line":87,"column":2},"end":{"line":87,"column":23}}},"fnMap":{"0":{"name":"(anonymous_0)","decl":{"start":{"line":4,"column":17},"end":{"line":4,"column":18}},"loc":{"start":{"line":4,"column":43},"end":{"line":88,"column":1}},"line":4},"1":{"name":"(anonymous_1)","decl":{"start":{"line":6,"column":4},"end":{"line":6,"column":5}},"loc":{"start":{"line":6,"column":29},"end":{"line":23,"column":5}},"line":6}},"branchMap":{},"s":{"0":1,"1":1,"2":1,"3":1,"4":1,"5":1,"6":1,"7":1},"f":{"0":1,"1":1},"b":{},"inputSourceMap":null,"_coverageSchema":"1a1c01bbd47fc00a2c39e90264f33305004495a9","hash":"6441df57c03c085c6756150e01684302e371496a"}
,"C:\\Codes\\React\\Legal-Substance\\WEBSYS2_Group5\\Backend\\models\\shipment.js": {"path":"C:\\Codes\\React\\Legal-Substance\\WEBSYS2_Group5\\Backend\\models\\shipment.js","statementMap":{"0":{"start":{"line":2,"column":18},"end":{"line":2,"column":38}},"1":{"start":{"line":4,"column":0},"end":{"line":40,"column":2}},"2":{"start":{"line":7,"column":6},"end":{"line":10,"column":9}},"3":{"start":{"line":14,"column":2},"end":{"line":37,"column":5}},"4":{"start":{"line":39,"column":2},"end":{"line":39,"column":18}}},"fnMap":{"0":{"name":"(anonymous_0)","decl":{"start":{"line":4,"column":17},"end":{"line":4,"column":18}},"loc":{"start":{"line":4,"column":43},"end":{"line":40,"column":1}},"line":4},"1":{"name":"(anonymous_1)","decl":{"start":{"line":6,"column":4},"end":{"line":6,"column":5}},"loc":{"start":{"line":6,"column":29},"end":{"line":11,"column":5}},"line":6}},"branchMap":{},"s":{"0":1,"1":1,"2":1,"3":1,"4":1},"f":{"0":1,"1":1},"b":{},"inputSourceMap":null,"_coverageSchema":"1a1c01bbd47fc00a2c39e90264f33305004495a9","hash":"670f167cb899c8892b61938f8efc7abd46ec48e4"}
,"C:\\Codes\\React\\Legal-Substance\\WEBSYS2_Group5\\Backend\\models\\substance.js": {"path":"C:\\Codes\\React\\Legal-Substance\\WEBSYS2_Group5\\Backend\\models\\substance.js","statementMap":{"0":{"start":{"line":2,"column":18},"end":{"line":2,"column":38}},"1":{"start":{"line":4,"column":0},"end":{"line":50,"column":2}},"2":{"start":{"line":7,"column":6},"end":{"line":10,"column":9}},"3":{"start":{"line":11,"column":6},"end":{"line":14,"column":9}},"4":{"start":{"line":15,"column":6},"end":{"line":18,"column":9}},"5":{"start":{"line":22,"column":2},"end":{"line":47,"column":5}},"6":{"start":{"line":49,"column":2},"end":{"line":49,"column":19}}},"fnMap":{"0":{"name":"(anonymous_0)","decl":{"start":{"line":4,"column":17},"end":{"line":4,"column":18}},"loc":{"start":{"line":4,"column":43},"end":{"line":50,"column":1}},"line":4},"1":{"name":"(anonymous_1)","decl":{"start":{"line":6,"column":4},"end":{"line":6,"column":5}},"loc":{"start":{"line":6,"column":29},"end":{"line":19,"column":5}},"line":6}},"branchMap":{},"s":{"0":1,"1":1,"2":1,"3":1,"4":1,"5":1,"6":1},"f":{"0":1,"1":1},"b":{},"inputSourceMap":null,"_coverageSchema":"1a1c01bbd47fc00a2c39e90264f33305004495a9","hash":"38b3c741bbd5ea768f2b29dc14208ce3947a9c41"}
,"C:\\Codes\\React\\Legal-Substance\\WEBSYS2_Group5\\Backend\\src\\auth\\auth-middleware.ts": {"path":"C:\\Codes\\React\\Legal-Substance\\WEBSYS2_Group5\\Backend\\src\\auth\\auth-middleware.ts","statementMap":{"0":{"start":{"line":2,"column":0},"end":{"line":2,"column":28}},"1":{"start":{"line":13,"column":17},"end":{"line":13,"column":90}},"2":{"start":{"line":15,"column":28},"end":{"line":17,"column":2}},"3":{"start":{"line":15,"column":72},"end":{"line":17,"column":2}},"4":{"start":{"line":16,"column":2},"end":{"line":16,"column":41}},"5":{"start":{"line":15,"column":13},"end":{"line":15,"column":28}},"6":{"start":{"line":19,"column":31},"end":{"line":21,"column":2}},"7":{"start":{"line":19,"column":90},"end":{"line":21,"column":2}},"8":{"start":{"line":20,"column":2},"end":{"line":20,"column":46}},"9":{"start":{"line":19,"column":13},"end":{"line":19,"column":31}},"10":{"start":{"line":23,"column":29},"end":{"line":27,"column":1}},"11":{"start":{"line":24,"column":20},"end":{"line":24,"column":78}},"12":{"start":{"line":25,"column":2},"end":{"line":25,"column":58}},"13":{"start":{"line":26,"column":2},"end":{"line":26,"column":19}},"14":{"start":{"line":23,"column":13},"end":{"line":23,"column":29}},"15":{"start":{"line":29,"column":26},"end":{"line":31,"column":1}},"16":{"start":{"line":30,"column":2},"end":{"line":30,"column":33}},"17":{"start":{"line":29,"column":13},"end":{"line":29,"column":26}},"18":{"start":{"line":33,"column":29},"end":{"line":35,"column":1}},"19":{"start":{"line":34,"column":2},"end":{"line":34,"column":29}},"20":{"start":{"line":33,"column":13},"end":{"line":33,"column":29}},"21":{"start":{"line":37,"column":28},"end":{"line":64,"column":1}},"22":{"start":{"line":38,"column":2},"end":{"line":63,"column":4}},"23":{"start":{"line":40,"column":22},"end":{"line":40,"column":44}},"24":{"start":{"line":42,"column":4},"end":{"line":44,"column":5}},"25":{"start":{"line":43,"column":6},"end":{"line":43,"column":76}},"26":{"start":{"line":46,"column":20},"end":{"line":46,"column":41}},"27":{"start":{"line":48,"column":4},"end":{"line":50,"column":5}},"28":{"start":{"line":49,"column":6},"end":{"line":49,"column":77}},"29":{"start":{"line":52,"column":4},"end":{"line":54,"column":5}},"30":{"start":{"line":53,"column":6},"end":{"line":53,"column":83}},"31":{"start":{"line":56,"column":4},"end":{"line":60,"column":6}},"32":{"start":{"line":62,"column":4},"end":{"line":62,"column":11}},"33":{"start":{"line":37,"column":13},"end":{"line":37,"column":28}}},"fnMap":{"0":{"name":"(anonymous_8)","decl":{"start":{"line":15,"column":28},"end":{"line":15,"column":35}},"loc":{"start":{"line":15,"column":72},"end":{"line":17,"column":2}}},"1":{"name":"(anonymous_9)","decl":{"start":{"line":15,"column":72},"end":{"line":15,"column":null}},"loc":{"start":{"line":15,"column":72},"end":{"line":17,"column":1}}},"2":{"name":"(anonymous_10)","decl":{"start":{"line":19,"column":31},"end":{"line":19,"column":38}},"loc":{"start":{"line":19,"column":90},"end":{"line":21,"column":2}}},"3":{"name":"(anonymous_11)","decl":{"start":{"line":19,"column":90},"end":{"line":19,"column":null}},"loc":{"start":{"line":19,"column":90},"end":{"line":21,"column":1}}},"4":{"name":"(anonymous_12)","decl":{"start":{"line":23,"column":29},"end":{"line":23,"column":30}},"loc":{"start":{"line":23,"column":92},"end":{"line":27,"column":1}}},"5":{"name":"(anonymous_13)","decl":{"start":{"line":29,"column":26},"end":{"line":29,"column":27}},"loc":{"start":{"line":29,"column":48},"end":{"line":31,"column":1}}},"6":{"name":"(anonymous_14)","decl":{"start":{"line":33,"column":29},"end":{"line":33,"column":30}},"loc":{"start":{"line":33,"column":57},"end":{"line":35,"column":1}}},"7":{"name":"(anonymous_15)","decl":{"start":{"line":37,"column":28},"end":{"line":37,"column":29}},"loc":{"start":{"line":37,"column":60},"end":{"line":64,"column":1}}},"8":{"name":"(anonymous_16)","decl":{"start":{"line":38,"column":9},"end":{"line":38,"column":10}},"loc":{"start":{"line":38,"column":65},"end":{"line":63,"column":3}}}},"branchMap":{"0":{"loc":{"start":{"line":40,"column":22},"end":{"line":40,"column":44}},"type":"cond-expr","locations":[{"start":{"line":40,"column":33},"end":{"line":40,"column":35}},{"start":{"line":40,"column":33},"end":{"line":40,"column":44}}]},"1":{"loc":{"start":{"line":40,"column":22},"end":{"line":40,"column":35}},"type":"binary-expr","locations":[{"start":{"line":40,"column":22},"end":{"line":40,"column":35}},{"start":{"line":40,"column":33},"end":{"line":40,"column":35}}]},"2":{"loc":{"start":{"line":42,"column":4},"end":{"line":44,"column":5}},"type":"if","locations":[{"start":{"line":42,"column":4},"end":{"line":44,"column":5}},{"start":{},"end":{}}]},"3":{"loc":{"start":{"line":48,"column":4},"end":{"line":50,"column":5}},"type":"if","locations":[{"start":{"line":48,"column":4},"end":{"line":50,"column":5}},{"start":{},"end":{}}]},"4":{"loc":{"start":{"line":52,"column":4},"end":{"line":54,"column":5}},"type":"if","locations":[{"start":{"line":52,"column":4},"end":{"line":54,"column":5}},{"start":{},"end":{}}]},"5":{"loc":{"start":{"line":52,"column":8},"end":{"line":52,"column":72}},"type":"binary-expr","locations":[{"start":{"line":52,"column":8},"end":{"line":52,"column":24}},{"start":{"line":52,"column":28},"end":{"line":52,"column":72}}]}},"s":{"0":1,"1":1,"2":1,"3":0,"4":0,"5":1,"6":1,"7":0,"8":0,"9":1,"10":1,"11":0,"12":0,"13":0,"14":1,"15":1,"16":0,"17":1,"18":1,"19":0,"20":1,"21":1,"22":0,"23":0,"24":0,"25":0,"26":0,"27":0,"28":0,"29":0,"30":0,"31":0,"32":0,"33":1},"f":{"0":0,"1":0,"2":0,"3":0,"4":0,"5":0,"6":0,"7":0,"8":0},"b":{"0":[0,0],"1":[0,0],"2":[0,0],"3":[0,0],"4":[0,0],"5":[0,0]}}
,"C:\\Codes\\React\\Legal-Substance\\WEBSYS2_Group5\\Backend\\src\\customers\\customers-controller.ts": {"path":"C:\\Codes\\React\\Legal-Substance\\WEBSYS2_Group5\\Backend\\src\\customers\\customers-controller.ts","statementMap":{"0":{"start":{"line":4,"column":0},"end":{"line":4,"column":55}},"1":{"start":{"line":5,"column":11},"end":{"line":5,"column":34}},"2":{"start":{"line":12,"column":4},"end":{"line":37,"column":5}},"3":{"start":{"line":13,"column":21},"end":{"line":13,"column":31}},"4":{"start":{"line":16,"column":6},"end":{"line":18,"column":7}},"5":{"start":{"line":17,"column":8},"end":{"line":17,"column":103}},"6":{"start":{"line":20,"column":23},"end":{"line":28,"column":8}},"7":{"start":{"line":30,"column":6},"end":{"line":32,"column":7}},"8":{"start":{"line":31,"column":8},"end":{"line":31,"column":71}},"9":{"start":{"line":34,"column":6},"end":{"line":34,"column":48}},"10":{"start":{"line":36,"column":6},"end":{"line":36,"column":96}},"11":{"start":{"line":42,"column":4},"end":{"line":80,"column":5}},"12":{"start":{"line":43,"column":21},"end":{"line":43,"column":31}},"13":{"start":{"line":44,"column":61},"end":{"line":44,"column":69}},"14":{"start":{"line":47,"column":6},"end":{"line":49,"column":7}},"15":{"start":{"line":48,"column":8},"end":{"line":48,"column":105}},"16":{"start":{"line":51,"column":23},"end":{"line":51,"column":53}},"17":{"start":{"line":53,"column":6},"end":{"line":55,"column":7}},"18":{"start":{"line":54,"column":8},"end":{"line":54,"column":71}},"19":{"start":{"line":57,"column":30},"end":{"line":57,"column":32}},"20":{"start":{"line":58,"column":6},"end":{"line":58,"column":51}},"21":{"start":{"line":58,"column":20},"end":{"line":58,"column":51}},"22":{"start":{"line":59,"column":6},"end":{"line":59,"column":42}},"23":{"start":{"line":59,"column":17},"end":{"line":59,"column":42}},"24":{"start":{"line":60,"column":6},"end":{"line":60,"column":48}},"25":{"start":{"line":60,"column":19},"end":{"line":60,"column":48}},"26":{"start":{"line":63,"column":6},"end":{"line":63,"column":71}},"27":{"start":{"line":63,"column":20},"end":{"line":63,"column":71}},"28":{"start":{"line":65,"column":6},"end":{"line":65,"column":40}},"29":{"start":{"line":67,"column":30},"end":{"line":69,"column":8}},"30":{"start":{"line":71,"column":6},"end":{"line":74,"column":9}},"31":{"start":{"line":76,"column":6},"end":{"line":78,"column":7}},"32":{"start":{"line":77,"column":8},"end":{"line":77,"column":85}},"33":{"start":{"line":79,"column":6},"end":{"line":79,"column":96}},"34":{"start":{"line":85,"column":4},"end":{"line":104,"column":5}},"35":{"start":{"line":86,"column":21},"end":{"line":86,"column":31}},"36":{"start":{"line":89,"column":6},"end":{"line":91,"column":7}},"37":{"start":{"line":90,"column":8},"end":{"line":90,"column":105}},"38":{"start":{"line":93,"column":23},"end":{"line":93,"column":53}},"39":{"start":{"line":95,"column":6},"end":{"line":97,"column":7}},"40":{"start":{"line":96,"column":8},"end":{"line":96,"column":71}},"41":{"start":{"line":99,"column":6},"end":{"line":99,"column":31}},"42":{"start":{"line":101,"column":6},"end":{"line":101,"column":88}},"43":{"start":{"line":103,"column":6},"end":{"line":103,"column":96}},"44":{"start":{"line":109,"column":4},"end":{"line":145,"column":5}},"45":{"start":{"line":110,"column":21},"end":{"line":110,"column":31}},"46":{"start":{"line":113,"column":6},"end":{"line":115,"column":7}},"47":{"start":{"line":114,"column":8},"end":{"line":114,"column":102}},"48":{"start":{"line":117,"column":21},"end":{"line":140,"column":8}},"49":{"start":{"line":142,"column":6},"end":{"line":142,"column":46}},"50":{"start":{"line":144,"column":6},"end":{"line":144,"column":94}},"51":{"start":{"line":7,"column":0},"end":{"line":7,"column":13}}},"fnMap":{"0":{"name":"(anonymous_7)","decl":{"start":{"line":11,"column":2},"end":{"line":11,"column":8}},"loc":{"start":{"line":11,"column":54},"end":{"line":38,"column":null}}},"1":{"name":"(anonymous_9)","decl":{"start":{"line":41,"column":2},"end":{"line":41,"column":8}},"loc":{"start":{"line":41,"column":53},"end":{"line":81,"column":null}}},"2":{"name":"(anonymous_11)","decl":{"start":{"line":84,"column":2},"end":{"line":84,"column":8}},"loc":{"start":{"line":84,"column":53},"end":{"line":105,"column":null}}},"3":{"name":"(anonymous_13)","decl":{"start":{"line":108,"column":2},"end":{"line":108,"column":8}},"loc":{"start":{"line":108,"column":56},"end":{"line":146,"column":null}}}},"branchMap":{"0":{"loc":{"start":{"line":16,"column":6},"end":{"line":18,"column":7}},"type":"if","locations":[{"start":{"line":16,"column":6},"end":{"line":18,"column":7}},{"start":{},"end":{}}]},"1":{"loc":{"start":{"line":16,"column":10},"end":{"line":16,"column":83}},"type":"binary-expr","locations":[{"start":{"line":16,"column":10},"end":{"line":16,"column":19}},{"start":{"line":16,"column":23},"end":{"line":16,"column":51}},{"start":{"line":16,"column":55},"end":{"line":16,"column":83}}]},"2":{"loc":{"start":{"line":30,"column":6},"end":{"line":32,"column":7}},"type":"if","locations":[{"start":{"line":30,"column":6},"end":{"line":32,"column":7}},{"start":{},"end":{}}]},"3":{"loc":{"start":{"line":47,"column":6},"end":{"line":49,"column":7}},"type":"if","locations":[{"start":{"line":47,"column":6},"end":{"line":49,"column":7}},{"start":{},"end":{}}]},"4":{"loc":{"start":{"line":47,"column":10},"end":{"line":47,"column":83}},"type":"binary-expr","locations":[{"start":{"line":47,"column":10},"end":{"line":47,"column":19}},{"start":{"line":47,"column":23},"end":{"line":47,"column":51}},{"start":{"line":47,"column":55},"end":{"line":47,"column":83}}]},"5":{"loc":{"start":{"line":53,"column":6},"end":{"line":55,"column":7}},"type":"if","locations":[{"start":{"line":53,"column":6},"end":{"line":55,"column":7}},{"start":{},"end":{}}]},"6":{"loc":{"start":{"line":58,"column":6},"end":{"line":58,"column":51}},"type":"if","locations":[{"start":{"line":58,"column":6},"end":{"line":58,"column":51}},{"start":{},"end":{}}]},"7":{"loc":{"start":{"line":59,"column":6},"end":{"line":59,"column":42}},"type":"if","locations":[{"start":{"line":59,"column":6},"end":{"line":59,"column":42}},{"start":{},"end":{}}]},"8":{"loc":{"start":{"line":60,"column":6},"end":{"line":60,"column":48}},"type":"if","locations":[{"start":{"line":60,"column":6},"end":{"line":60,"column":48}},{"start":{},"end":{}}]},"9":{"loc":{"start":{"line":63,"column":6},"end":{"line":63,"column":71}},"type":"if","locations":[{"start":{"line":63,"column":6},"end":{"line":63,"column":71}},{"start":{},"end":{}}]},"10":{"loc":{"start":{"line":76,"column":6},"end":{"line":78,"column":7}},"type":"if","locations":[{"start":{"line":76,"column":6},"end":{"line":78,"column":7}},{"start":{},"end":{}}]},"11":{"loc":{"start":{"line":89,"column":6},"end":{"line":91,"column":7}},"type":"if","locations":[{"start":{"line":89,"column":6},"end":{"line":91,"column":7}},{"start":{},"end":{}}]},"12":{"loc":{"start":{"line":89,"column":10},"end":{"line":89,"column":83}},"type":"binary-expr","locations":[{"start":{"line":89,"column":10},"end":{"line":89,"column":19}},{"start":{"line":89,"column":23},"end":{"line":89,"column":51}},{"start":{"line":89,"column":55},"end":{"line":89,"column":83}}]},"13":{"loc":{"start":{"line":95,"column":6},"end":{"line":97,"column":7}},"type":"if","locations":[{"start":{"line":95,"column":6},"end":{"line":97,"column":7}},{"start":{},"end":{}}]},"14":{"loc":{"start":{"line":113,"column":6},"end":{"line":115,"column":7}},"type":"if","locations":[{"start":{"line":113,"column":6},"end":{"line":115,"column":7}},{"start":{},"end":{}}]},"15":{"loc":{"start":{"line":113,"column":10},"end":{"line":113,"column":83}},"type":"binary-expr","locations":[{"start":{"line":113,"column":10},"end":{"line":113,"column":19}},{"start":{"line":113,"column":23},"end":{"line":113,"column":51}},{"start":{"line":113,"column":55},"end":{"line":113,"column":83}}]}},"s":{"0":1,"1":1,"2":3,"3":3,"4":3,"5":1,"6":2,"7":2,"8":1,"9":1,"10":0,"11":2,"12":2,"13":2,"14":2,"15":1,"16":1,"17":1,"18":0,"19":1,"20":1,"21":1,"22":1,"23":0,"24":1,"25":0,"26":1,"27":0,"28":1,"29":1,"30":1,"31":0,"32":0,"33":0,"34":2,"35":2,"36":2,"37":1,"38":1,"39":1,"40":0,"41":1,"42":1,"43":0,"44":2,"45":2,"46":2,"47":1,"48":1,"49":1,"50":0,"51":1},"f":{"0":3,"1":2,"2":2,"3":2},"b":{"0":[1,2],"1":[3,3,3],"2":[1,1],"3":[1,1],"4":[2,2,2],"5":[0,1],"6":[1,0],"7":[0,1],"8":[0,1],"9":[0,1],"10":[0,0],"11":[1,1],"12":[2,2,2],"13":[0,1],"14":[1,1],"15":[2,2,2]}}
}
