TN:
SF:src\index.ts
FN:65,(anonymous_1)
FNF:1
FNH:0
FNDA:0,(anonymous_1)
DA:1,0
DA:2,0
DA:3,0
DA:4,0
DA:5,0
DA:6,0
DA:7,0
DA:8,0
DA:9,0
DA:10,0
DA:11,0
DA:12,0
DA:13,0
DA:14,0
DA:15,0
DA:16,0
DA:18,0
DA:21,0
DA:26,0
DA:27,0
DA:30,0
DA:42,0
DA:43,0
DA:45,0
DA:48,0
DA:49,0
DA:50,0
DA:51,0
DA:52,0
DA:53,0
DA:54,0
DA:55,0
DA:56,0
DA:57,0
DA:58,0
DA:59,0
DA:61,0
DA:63,0
DA:64,0
DA:65,0
DA:66,0
LF:41
LH:0
BRDA:22,0,0,0
BRDA:22,0,1,0
BRDA:31,1,0,0
BRDA:31,1,1,0
BRDA:38,2,0,0
BRDA:38,2,1,0
BRDA:63,3,0,0
BRDA:63,3,1,0
BRDA:64,4,0,0
BRDA:64,4,1,0
BRF:10
BRH:0
end_of_record
TN:
SF:src\auth\auth-controller.ts
FN:16,(anonymous_9)
FN:39,(anonymous_10)
FN:58,(anonymous_12)
FN:132,(anonymous_13)
FN:132,(anonymous_14)
FN:136,(anonymous_15)
FN:136,(anonymous_16)
FN:140,(anonymous_17)
FN:140,(anonymous_18)
FN:144,(anonymous_19)
FN:150,(anonymous_20)
FN:160,(anonymous_21)
FN:178,(anonymous_22)
FN:178,(anonymous_23)
FN:179,(anonymous_24)
FN:184,(anonymous_25)
FN:195,(anonymous_26)
FN:195,(anonymous_27)
FNF:18
FNH:18
FNDA:4,(anonymous_9)
FNDA:3,(anonymous_10)
FNDA:10,(anonymous_12)
FNDA:1,(anonymous_13)
FNDA:1,(anonymous_14)
FNDA:1,(anonymous_15)
FNDA:1,(anonymous_16)
FNDA:1,(anonymous_17)
FNDA:1,(anonymous_18)
FNDA:1,(anonymous_19)
FNDA:1,(anonymous_20)
FNDA:1,(anonymous_21)
FNDA:1,(anonymous_22)
FNDA:1,(anonymous_23)
FNDA:1,(anonymous_24)
FNDA:1,(anonymous_25)
FNDA:1,(anonymous_26)
FNDA:1,(anonymous_27)
DA:2,1
DA:3,1
DA:6,1
DA:15,1
DA:17,4
DA:40,3
DA:41,3
DA:43,3
DA:44,3
DA:45,3
DA:46,3
DA:48,3
DA:49,0
DA:55,3
DA:57,3
DA:58,10
DA:59,3
DA:60,0
DA:66,3
DA:68,3
DA:69,3
DA:75,3
DA:77,3
DA:78,3
DA:80,3
DA:84,0
DA:86,0
DA:88,0
DA:90,0
DA:91,0
DA:92,0
DA:95,0
DA:96,0
DA:101,0
DA:104,0
DA:105,0
DA:107,0
DA:108,0
DA:109,0
DA:110,0
DA:111,0
DA:112,0
DA:113,0
DA:116,0
DA:117,0
DA:118,0
DA:119,0
DA:121,0
DA:124,0
DA:132,1
DA:133,1
DA:136,1
DA:137,1
DA:140,1
DA:141,1
DA:144,1
DA:146,1
DA:147,0
DA:150,1
DA:151,1
DA:152,0
DA:155,1
DA:156,0
DA:160,1
DA:161,1
DA:162,0
DA:165,1
DA:178,1
DA:179,1
DA:180,1
DA:181,0
DA:184,1
DA:185,1
DA:186,0
DA:189,1
DA:190,1
DA:195,1
DA:196,1
DA:197,1
DA:198,0
DA:201,1
DA:202,1
DA:204,1
DA:208,1
DA:209,0
DA:212,1
DA:214,0
LF:87
LH:52
BRDA:48,0,0,0
BRDA:48,0,1,3
BRDA:48,1,0,3
BRDA:48,1,1,3
BRDA:57,2,0,3
BRDA:57,2,1,0
BRDA:59,3,0,0
BRDA:59,3,1,3
BRDA:84,4,0,0
BRDA:84,4,1,0
BRDA:84,5,0,0
BRDA:84,5,1,0
BRDA:84,5,2,0
BRDA:84,5,3,0
BRDA:84,6,0,0
BRDA:84,6,1,0
BRDA:84,7,0,0
BRDA:84,7,1,0
BRDA:85,8,0,0
BRDA:85,8,1,0
BRDA:85,9,0,0
BRDA:85,9,1,0
BRDA:85,10,0,0
BRDA:85,10,1,0
BRDA:85,11,0,0
BRDA:85,11,1,0
BRDA:85,12,0,0
BRDA:85,12,1,0
BRDA:85,13,0,0
BRDA:85,13,1,0
BRDA:95,14,0,0
BRDA:95,14,1,0
BRDA:104,15,0,0
BRDA:104,15,1,0
BRDA:107,16,0,0
BRDA:107,16,1,0
BRDA:109,17,0,0
BRDA:109,17,1,0
BRDA:109,18,0,0
BRDA:109,18,1,0
BRDA:111,19,0,0
BRDA:111,19,1,0
BRDA:111,20,0,0
BRDA:111,20,1,0
BRDA:111,21,0,0
BRDA:111,21,1,0
BRDA:113,22,0,0
BRDA:113,22,1,0
BRDA:116,23,0,0
BRDA:116,23,1,0
BRDA:118,24,0,0
BRDA:118,24,1,0
BRDA:146,25,0,0
BRDA:146,25,1,1
BRDA:151,26,0,0
BRDA:151,26,1,1
BRDA:155,27,0,0
BRDA:155,27,1,1
BRDA:156,28,0,0
BRDA:156,28,1,0
BRDA:156,29,0,0
BRDA:156,29,1,0
BRDA:156,30,0,0
BRDA:156,30,1,0
BRDA:161,31,0,0
BRDA:161,31,1,1
BRDA:180,32,0,0
BRDA:180,32,1,1
BRDA:185,33,0,0
BRDA:185,33,1,1
BRDA:197,34,0,0
BRDA:197,34,1,1
BRDA:208,35,0,0
BRDA:208,35,1,1
BRF:74
BRH:13
end_of_record
TN:
SF:src\auth\auth-middleware.ts
FN:25,(anonymous_0)
FN:26,(anonymous_1)
FNF:2
FNH:2
FNDA:2,(anonymous_0)
FNDA:3,(anonymous_1)
DA:25,1
DA:26,2
DA:28,3
DA:29,1
DA:32,2
DA:35,2
DA:36,0
DA:39,2
LF:8
LH:7
BRDA:28,0,0,1
BRDA:28,0,1,2
BRDA:35,1,0,0
BRDA:35,1,1,2
BRDA:35,2,0,2
BRDA:35,2,1,0
BRF:6
BRH:4
end_of_record
TN:
SF:src\auth\auth-routes.ts
FNF:0
FNH:0
DA:1,1
DA:2,1
DA:3,1
DA:5,1
DA:8,1
DA:9,1
DA:10,1
DA:13,1
DA:16,1
DA:19,1
DA:21,1
LF:11
LH:11
BRF:0
BRH:0
end_of_record
TN:
SF:src\customers\customers-controller.ts
FN:8,(anonymous_9)
FN:30,(anonymous_11)
FN:68,(anonymous_13)
FN:90,(anonymous_15)
FNF:4
FNH:4
FNDA:2,(anonymous_9)
FNDA:2,(anonymous_11)
FNDA:1,(anonymous_13)
FNDA:2,(anonymous_15)
DA:3,1
DA:5,1
DA:7,1
DA:9,2
DA:10,2
DA:12,2
DA:13,1
DA:16,1
DA:20,1
DA:21,0
DA:24,1
DA:26,0
DA:31,2
DA:32,2
DA:33,2
DA:35,2
DA:36,0
DA:39,2
DA:41,2
DA:42,0
DA:45,2
DA:46,2
DA:47,1
DA:50,2
DA:52,2
DA:56,2
DA:61,0
DA:62,0
DA:64,0
DA:69,1
DA:70,1
DA:72,1
DA:73,0
DA:76,1
DA:78,1
DA:79,0
DA:82,1
DA:84,1
DA:86,0
DA:91,2
DA:92,2
DA:94,2
DA:95,0
DA:98,2
DA:118,2
DA:120,0
LF:46
LH:34
BRDA:12,0,0,1
BRDA:12,0,1,1
BRDA:12,1,0,2
BRDA:12,1,1,2
BRDA:12,1,2,2
BRDA:20,2,0,0
BRDA:20,2,1,1
BRDA:35,3,0,0
BRDA:35,3,1,2
BRDA:35,4,0,2
BRDA:35,4,1,2
BRDA:35,4,2,2
BRDA:41,5,0,0
BRDA:41,5,1,2
BRDA:46,6,0,1
BRDA:46,6,1,1
BRDA:61,7,0,0
BRDA:61,7,1,0
BRDA:72,8,0,0
BRDA:72,8,1,1
BRDA:72,9,0,1
BRDA:72,9,1,1
BRDA:72,9,2,1
BRDA:78,10,0,0
BRDA:78,10,1,1
BRDA:94,11,0,0
BRDA:94,11,1,2
BRDA:94,12,0,2
BRDA:94,12,1,2
BRDA:94,12,2,2
BRF:30
BRH:22
end_of_record
TN:
SF:src\customers\customers-routes.ts
FN:8,(anonymous_7)
FN:8,(anonymous_8)
FN:9,(anonymous_9)
FN:9,(anonymous_10)
FN:10,(anonymous_11)
FN:10,(anonymous_12)
FN:11,(anonymous_13)
FN:11,(anonymous_14)
FNF:8
FNH:8
FNDA:2,(anonymous_7)
FNDA:2,(anonymous_8)
FNDA:2,(anonymous_9)
FNDA:2,(anonymous_10)
FNDA:1,(anonymous_11)
FNDA:1,(anonymous_12)
FNDA:2,(anonymous_13)
FNDA:2,(anonymous_14)
DA:1,1
DA:2,1
DA:3,1
DA:5,1
DA:6,1
DA:8,2
DA:9,2
DA:10,1
DA:11,2
DA:13,1
LF:10
LH:10
BRF:0
BRH:0
end_of_record
TN:
SF:src\dealers\dealers-controller.ts
FN:9,(anonymous_9)
FN:31,(anonymous_11)
FN:69,(anonymous_13)
FN:91,(anonymous_15)
FN:112,(anonymous_17)
FN:130,(anonymous_18)
FN:151,(anonymous_20)
FN:155,(anonymous_21)
FN:171,(anonymous_22)
FN:188,(anonymous_24)
FNF:10
FNH:9
FNDA:3,(anonymous_9)
FNDA:2,(anonymous_11)
FNDA:2,(anonymous_13)
FNDA:3,(anonymous_15)
FNDA:1,(anonymous_17)
FNDA:2,(anonymous_18)
FNDA:1,(anonymous_20)
FNDA:0,(anonymous_21)
FNDA:2,(anonymous_22)
FNDA:1,(anonymous_24)
DA:3,1
DA:4,1
DA:6,1
DA:8,1
DA:10,3
DA:11,3
DA:13,3
DA:14,1
DA:17,2
DA:21,1
DA:22,0
DA:25,1
DA:27,1
DA:32,2
DA:33,2
DA:34,2
DA:36,2
DA:37,0
DA:40,2
DA:42,2
DA:43,0
DA:46,2
DA:47,2
DA:48,1
DA:51,2
DA:53,2
DA:57,2
DA:62,0
DA:63,0
DA:65,0
DA:70,2
DA:71,2
DA:73,2
DA:74,0
DA:77,2
DA:79,2
DA:80,1
DA:83,1
DA:85,1
DA:87,0
DA:92,3
DA:93,3
DA:95,3
DA:96,1
DA:99,2
DA:100,0
DA:103,2
DA:112,2
DA:113,1
DA:114,0
DA:124,1
DA:126,1
DA:131,2
DA:132,2
DA:134,2
DA:135,1
DA:138,1
DA:151,1
DA:152,1
DA:153,0
DA:155,0
DA:165,0
DA:167,1
DA:172,2
DA:173,2
DA:175,2
DA:176,0
DA:179,2
DA:188,2
DA:189,1
DA:190,0
DA:199,1
DA:201,1
LF:73
LH:58
BRDA:13,0,0,1
BRDA:13,0,1,2
BRDA:13,1,0,3
BRDA:13,1,1,3
BRDA:13,1,2,3
BRDA:21,2,0,0
BRDA:21,2,1,1
BRDA:36,3,0,0
BRDA:36,3,1,2
BRDA:36,4,0,2
BRDA:36,4,1,2
BRDA:36,4,2,2
BRDA:42,5,0,0
BRDA:42,5,1,2
BRDA:47,6,0,1
BRDA:47,6,1,1
BRDA:62,7,0,0
BRDA:62,7,1,0
BRDA:73,8,0,0
BRDA:73,8,1,2
BRDA:73,9,0,2
BRDA:73,9,1,2
BRDA:73,9,2,2
BRDA:79,10,0,1
BRDA:79,10,1,1
BRDA:95,11,0,1
BRDA:95,11,1,2
BRDA:95,12,0,3
BRDA:95,12,1,3
BRDA:95,13,0,0
BRDA:95,13,1,3
BRDA:95,14,0,3
BRDA:95,14,1,3
BRDA:95,15,0,0
BRDA:95,15,1,3
BRDA:95,16,0,3
BRDA:95,16,1,3
BRDA:99,17,0,0
BRDA:99,17,1,2
BRDA:134,18,0,1
BRDA:134,18,1,1
BRDA:134,19,0,0
BRDA:134,19,1,2
BRDA:134,20,0,2
BRDA:134,20,1,2
BRDA:155,21,0,0
BRDA:155,21,1,0
BRDA:155,22,0,0
BRDA:155,22,1,0
BRDA:157,23,0,0
BRDA:157,23,1,0
BRDA:175,24,0,0
BRDA:175,24,1,2
BRDA:175,25,0,0
BRDA:175,25,1,2
BRDA:175,26,0,2
BRDA:175,26,1,2
BRDA:192,27,0,0
BRDA:192,27,1,0
BRF:59
BRH:39
end_of_record
TN:
SF:src\dealers\dealers-routes.ts
FN:8,(anonymous_0)
FN:9,(anonymous_1)
FN:10,(anonymous_2)
FN:11,(anonymous_3)
FN:12,(anonymous_4)
FN:13,(anonymous_5)
FNF:6
FNH:6
FNDA:3,(anonymous_0)
FNDA:2,(anonymous_1)
FNDA:2,(anonymous_2)
FNDA:3,(anonymous_3)
FNDA:2,(anonymous_4)
FNDA:2,(anonymous_5)
DA:1,1
DA:2,1
DA:3,1
DA:5,1
DA:6,1
DA:8,3
DA:9,2
DA:10,2
DA:11,3
DA:12,2
DA:13,2
DA:15,1
LF:12
LH:12
BRF:0
BRH:0
end_of_record
TN:
SF:src\file-upload\images-controller.ts
FN:9,(anonymous_8)
FN:9,(anonymous_9)
FN:50,(anonymous_10)
FN:50,(anonymous_11)
FN:91,(anonymous_12)
FN:91,(anonymous_13)
FN:123,(anonymous_14)
FN:123,(anonymous_15)
FN:155,(anonymous_16)
FN:155,(anonymous_17)
FNF:10
FNH:10
FNDA:6,(anonymous_8)
FNDA:6,(anonymous_9)
FNDA:1,(anonymous_10)
FNDA:1,(anonymous_11)
FNDA:3,(anonymous_12)
FNDA:3,(anonymous_13)
FNDA:2,(anonymous_14)
FNDA:2,(anonymous_15)
FNDA:7,(anonymous_16)
FNDA:7,(anonymous_17)
DA:3,1
DA:4,1
DA:6,1
DA:8,1
DA:9,6
DA:10,6
DA:11,6
DA:12,0
DA:13,0
DA:16,6
DA:18,6
DA:19,0
DA:22,6
DA:24,4
DA:25,1
DA:26,1
DA:29,3
DA:30,1
DA:31,1
DA:34,2
DA:36,2
DA:42,2
DA:43,2
DA:50,1
DA:51,1
DA:52,1
DA:53,0
DA:54,0
DA:57,1
DA:59,1
DA:60,0
DA:63,1
DA:65,1
DA:66,0
DA:67,0
DA:70,1
DA:71,0
DA:72,0
DA:75,1
DA:77,1
DA:83,0
DA:84,0
DA:91,3
DA:92,3
DA:93,3
DA:94,0
DA:97,3
DA:99,3
DA:101,2
DA:102,0
DA:105,2
DA:106,1
DA:109,1
DA:111,1
DA:116,1
DA:123,2
DA:124,2
DA:125,2
DA:126,0
DA:129,2
DA:131,2
DA:133,2
DA:134,0
DA:137,2
DA:138,0
DA:141,2
DA:143,2
DA:148,0
DA:155,7
DA:156,7
DA:157,7
DA:159,7
DA:160,7
DA:161,1
DA:164,6
DA:166,5
DA:167,1
DA:170,4
DA:176,1
LF:79
LH:61
BRDA:11,0,0,0
BRDA:11,0,1,6
BRDA:11,1,0,6
BRDA:11,1,1,6
BRDA:12,2,0,0
BRDA:12,2,1,0
BRDA:18,3,0,0
BRDA:18,3,1,6
BRDA:24,4,0,1
BRDA:24,4,1,3
BRDA:29,5,0,1
BRDA:29,5,1,2
BRDA:42,6,0,2
BRDA:42,6,1,0
BRDA:52,7,0,0
BRDA:52,7,1,1
BRDA:52,8,0,1
BRDA:52,8,1,1
BRDA:53,9,0,0
BRDA:53,9,1,0
BRDA:59,10,0,0
BRDA:59,10,1,1
BRDA:65,11,0,0
BRDA:65,11,1,1
BRDA:70,12,0,0
BRDA:70,12,1,1
BRDA:83,13,0,0
BRDA:83,13,1,0
BRDA:93,14,0,0
BRDA:93,14,1,3
BRDA:93,15,0,3
BRDA:93,15,1,3
BRDA:101,16,0,0
BRDA:101,16,1,2
BRDA:105,17,0,1
BRDA:105,17,1,1
BRDA:125,18,0,0
BRDA:125,18,1,2
BRDA:125,19,0,2
BRDA:125,19,1,2
BRDA:133,20,0,0
BRDA:133,20,1,2
BRDA:137,21,0,0
BRDA:137,21,1,2
BRDA:160,22,0,1
BRDA:160,22,1,6
BRDA:166,23,0,1
BRDA:166,23,1,4
BRF:48
BRH:30
end_of_record
TN:
SF:src\file-upload\images-routes.ts
FN:8,(anonymous_0)
FN:9,(anonymous_1)
FN:10,(anonymous_2)
FN:11,(anonymous_3)
FN:12,(anonymous_4)
FNF:5
FNH:5
FNDA:6,(anonymous_0)
FNDA:1,(anonymous_1)
FNDA:3,(anonymous_2)
FNDA:2,(anonymous_3)
FNDA:7,(anonymous_4)
DA:1,1
DA:2,1
DA:3,1
DA:4,1
DA:6,1
DA:8,6
DA:9,1
DA:10,3
DA:11,2
DA:12,7
DA:14,1
LF:11
LH:11
BRF:0
BRH:0
end_of_record
TN:
SF:src\file-upload\upload-middleware.ts
FN:5,(anonymous_1)
FN:14,(anonymous_2)
FN:24,(anonymous_3)
FN:37,(anonymous_4)
FN:40,(anonymous_5)
FN:59,(anonymous_6)
FN:77,(anonymous_7)
FN:89,(anonymous_8)
FN:98,(anonymous_9)
FN:110,(anonymous_10)
FN:115,(anonymous_11)
FNF:11
FNH:2
FNDA:1,(anonymous_1)
FNDA:5,(anonymous_2)
FNDA:0,(anonymous_3)
FNDA:0,(anonymous_4)
FNDA:0,(anonymous_5)
FNDA:0,(anonymous_6)
FNDA:0,(anonymous_7)
FNDA:0,(anonymous_8)
FNDA:0,(anonymous_9)
FNDA:0,(anonymous_10)
FNDA:0,(anonymous_11)
DA:1,1
DA:2,1
DA:3,1
DA:5,1
DA:6,1
DA:14,1
DA:15,5
DA:16,0
DA:17,0
DA:22,1
DA:24,1
DA:25,0
DA:26,0
DA:27,0
DA:29,0
DA:30,0
DA:32,0
DA:36,1
DA:38,0
DA:41,0
DA:42,0
DA:46,1
DA:47,1
DA:48,0
DA:51,1
DA:59,1
DA:64,0
DA:65,0
DA:66,0
DA:67,0
DA:69,0
DA:71,0
DA:72,0
DA:74,0
DA:77,1
DA:81,0
DA:82,0
DA:84,0
DA:86,0
DA:87,0
DA:89,0
DA:90,0
DA:91,0
DA:92,0
DA:93,0
DA:98,1
DA:102,0
DA:103,0
DA:105,0
DA:107,0
DA:108,0
DA:110,0
DA:112,0
DA:115,1
DA:119,0
LF:55
LH:17
BRDA:15,0,0,0
BRDA:15,0,1,5
BRDA:29,1,0,0
BRDA:29,1,1,0
BRDA:29,2,0,0
BRDA:29,2,1,0
BRDA:47,3,0,0
BRDA:47,3,1,1
BRDA:66,4,0,0
BRDA:66,4,1,0
BRDA:66,5,0,0
BRDA:66,5,1,0
BRDA:74,6,0,0
BRDA:74,6,1,0
BRDA:74,7,0,0
BRDA:74,7,1,0
BRDA:81,8,0,0
BRDA:81,8,1,0
BRDA:81,9,0,0
BRDA:81,9,1,0
BRDA:84,10,0,0
BRDA:84,10,1,0
BRDA:90,11,0,0
BRDA:90,11,1,0
BRDA:102,12,0,0
BRDA:102,12,1,0
BRDA:102,13,0,0
BRDA:102,13,1,0
BRDA:105,14,0,0
BRDA:105,14,1,0
BRDA:112,15,0,0
BRDA:112,15,1,0
BRF:32
BRH:2
end_of_record
TN:
SF:src\inventory\inventory-controller.ts
FN:8,(anonymous_8)
FN:8,(anonymous_9)
FN:85,(anonymous_10)
FN:85,(anonymous_11)
FN:104,(anonymous_12)
FN:122,(anonymous_13)
FN:122,(anonymous_14)
FN:163,(anonymous_15)
FN:163,(anonymous_16)
FN:200,(anonymous_17)
FN:200,(anonymous_18)
FNF:11
FNH:11
FNDA:2,(anonymous_8)
FNDA:2,(anonymous_9)
FNDA:1,(anonymous_10)
FNDA:1,(anonymous_11)
FNDA:1,(anonymous_12)
FNDA:2,(anonymous_13)
FNDA:2,(anonymous_14)
FNDA:2,(anonymous_15)
FNDA:2,(anonymous_16)
FNDA:2,(anonymous_17)
FNDA:2,(anonymous_18)
DA:3,1
DA:5,1
DA:7,1
DA:8,2
DA:9,2
DA:10,2
DA:12,2
DA:13,2
DA:14,2
DA:15,0
DA:18,2
DA:20,2
DA:21,2
DA:22,1
DA:28,1
DA:35,1
DA:36,0
DA:41,1
DA:48,1
DA:60,1
DA:65,0
DA:67,0
DA:68,0
DA:69,0
DA:70,0
DA:72,0
DA:73,0
DA:78,0
DA:80,0
DA:85,1
DA:86,1
DA:87,1
DA:104,1
DA:105,1
DA:106,1
DA:116,1
DA:118,0
DA:122,2
DA:123,2
DA:124,2
DA:126,2
DA:143,2
DA:144,1
DA:147,1
DA:148,1
DA:157,1
DA:159,0
DA:163,2
DA:164,2
DA:165,2
DA:167,2
DA:169,2
DA:170,0
DA:173,2
DA:174,1
DA:177,1
DA:179,1
DA:191,1
DA:196,0
DA:200,2
DA:201,2
DA:202,2
DA:204,2
DA:206,2
DA:207,1
DA:210,1
DA:211,0
DA:214,1
DA:215,1
DA:217,1
DA:219,0
LF:71
LH:54
BRDA:14,0,0,0
BRDA:14,0,1,2
BRDA:14,1,0,2
BRDA:14,1,1,2
BRDA:20,2,0,2
BRDA:20,2,1,0
BRDA:21,3,0,1
BRDA:21,3,1,1
BRDA:21,4,0,2
BRDA:21,4,1,1
BRDA:35,5,0,0
BRDA:35,5,1,1
BRDA:45,6,0,1
BRDA:45,6,1,0
BRDA:65,7,0,0
BRDA:65,7,1,0
BRDA:65,8,0,0
BRDA:65,8,1,0
BRDA:65,8,2,0
BRDA:65,8,3,0
BRDA:65,9,0,0
BRDA:65,9,1,0
BRDA:65,10,0,0
BRDA:65,10,1,0
BRDA:66,11,0,0
BRDA:66,11,1,0
BRDA:66,12,0,0
BRDA:66,12,1,0
BRDA:66,13,0,0
BRDA:66,13,1,0
BRDA:66,14,0,0
BRDA:66,14,1,0
BRDA:66,15,0,0
BRDA:66,15,1,0
BRDA:66,16,0,0
BRDA:66,16,1,0
BRDA:72,17,0,0
BRDA:72,17,1,0
BRDA:143,18,0,1
BRDA:143,18,1,1
BRDA:169,19,0,0
BRDA:169,19,1,2
BRDA:173,20,0,1
BRDA:173,20,1,1
BRDA:173,21,0,2
BRDA:173,21,1,2
BRDA:173,22,0,0
BRDA:173,22,1,2
BRDA:173,23,0,2
BRDA:173,23,1,2
BRDA:206,24,0,1
BRDA:206,24,1,1
BRDA:210,25,0,0
BRDA:210,25,1,1
BRDA:210,26,0,1
BRDA:210,26,1,1
BRDA:210,27,0,0
BRDA:210,27,1,1
BRDA:210,28,0,1
BRDA:210,28,1,1
BRF:60
BRH:28
end_of_record
TN:
SF:src\inventory\inventory-routes.ts
FN:7,(anonymous_0)
FN:8,(anonymous_1)
FN:9,(anonymous_2)
FN:10,(anonymous_3)
FN:11,(anonymous_4)
FNF:5
FNH:5
FNDA:2,(anonymous_0)
FNDA:1,(anonymous_1)
FNDA:2,(anonymous_2)
FNDA:2,(anonymous_3)
FNDA:2,(anonymous_4)
DA:1,1
DA:2,1
DA:3,1
DA:5,1
DA:7,2
DA:8,1
DA:9,2
DA:10,2
DA:11,2
DA:13,1
LF:10
LH:10
BRF:0
BRH:0
end_of_record
TN:
SF:src\order-items\order-items-controller.ts
FN:7,(anonymous_8)
FN:7,(anonymous_9)
FN:65,(anonymous_10)
FN:111,(anonymous_11)
FN:111,(anonymous_12)
FN:141,(anonymous_13)
FN:141,(anonymous_14)
FN:185,(anonymous_15)
FN:185,(anonymous_16)
FN:224,(anonymous_17)
FN:224,(anonymous_18)
FN:272,(anonymous_19)
FN:302,(anonymous_20)
FN:302,(anonymous_21)
FN:337,(anonymous_22)
FNF:15
FNH:14
FNDA:3,(anonymous_8)
FNDA:3,(anonymous_9)
FNDA:1,(anonymous_10)
FNDA:1,(anonymous_11)
FNDA:1,(anonymous_12)
FNDA:4,(anonymous_13)
FNDA:4,(anonymous_14)
FNDA:3,(anonymous_15)
FNDA:3,(anonymous_16)
FNDA:2,(anonymous_17)
FNDA:2,(anonymous_18)
FNDA:1,(anonymous_19)
FNDA:2,(anonymous_20)
FNDA:2,(anonymous_21)
FNDA:0,(anonymous_22)
DA:4,1
DA:6,1
DA:7,3
DA:8,3
DA:9,3
DA:11,3
DA:12,3
DA:13,3
DA:14,0
DA:17,3
DA:19,3
DA:20,3
DA:21,1
DA:26,2
DA:27,0
DA:31,2
DA:33,2
DA:34,0
DA:37,2
DA:38,0
DA:41,2
DA:42,1
DA:47,1
DA:49,1
DA:50,0
DA:53,1
DA:55,1
DA:63,1
DA:65,1
DA:66,1
DA:69,1
DA:71,1
DA:86,1
DA:91,0
DA:93,0
DA:94,0
DA:95,0
DA:96,0
DA:98,0
DA:99,0
DA:104,0
DA:106,0
DA:111,1
DA:112,1
DA:113,1
DA:135,1
DA:137,0
DA:141,4
DA:142,4
DA:143,4
DA:145,4
DA:167,4
DA:168,1
DA:171,3
DA:172,1
DA:175,2
DA:176,0
DA:179,2
DA:181,0
DA:185,3
DA:186,3
DA:187,3
DA:189,3
DA:191,3
DA:192,1
DA:195,2
DA:196,1
DA:199,1
DA:200,0
DA:203,1
DA:218,1
DA:220,0
DA:224,2
DA:225,2
DA:226,2
DA:227,2
DA:229,2
DA:230,0
DA:233,2
DA:237,2
DA:238,1
DA:241,1
DA:242,0
DA:245,1
DA:246,0
DA:249,1
DA:250,0
DA:255,1
DA:257,1
DA:258,1
DA:260,1
DA:261,1
DA:262,1
DA:263,1
DA:266,1
DA:268,1
DA:272,1
DA:273,1
DA:276,1
DA:278,1
DA:293,1
DA:298,0
DA:302,2
DA:303,2
DA:304,2
DA:306,2
DA:310,2
DA:311,0
DA:314,2
DA:315,0
DA:318,2
DA:319,0
DA:322,2
DA:323,1
DA:328,1
DA:330,1
DA:332,1
DA:336,1
DA:337,0
DA:338,0
DA:341,0
DA:346,1
DA:352,1
DA:354,0
LF:124
LH:93
BRDA:13,0,0,0
BRDA:13,0,1,3
BRDA:13,1,0,3
BRDA:13,1,1,3
BRDA:19,2,0,3
BRDA:19,2,1,0
BRDA:20,3,0,1
BRDA:20,3,1,2
BRDA:20,4,0,3
BRDA:20,4,1,2
BRDA:20,4,2,2
BRDA:20,4,3,2
BRDA:26,5,0,0
BRDA:26,5,1,2
BRDA:33,6,0,0
BRDA:33,6,1,2
BRDA:37,7,0,0
BRDA:37,7,1,2
BRDA:41,8,0,1
BRDA:41,8,1,1
BRDA:49,9,0,0
BRDA:49,9,1,1
BRDA:91,10,0,0
BRDA:91,10,1,0
BRDA:91,11,0,0
BRDA:91,11,1,0
BRDA:91,11,2,0
BRDA:91,11,3,0
BRDA:91,12,0,0
BRDA:91,12,1,0
BRDA:91,13,0,0
BRDA:91,13,1,0
BRDA:92,14,0,0
BRDA:92,14,1,0
BRDA:92,15,0,0
BRDA:92,15,1,0
BRDA:92,16,0,0
BRDA:92,16,1,0
BRDA:92,17,0,0
BRDA:92,17,1,0
BRDA:92,18,0,0
BRDA:92,18,1,0
BRDA:92,19,0,0
BRDA:92,19,1,0
BRDA:98,20,0,0
BRDA:98,20,1,0
BRDA:167,21,0,1
BRDA:167,21,1,3
BRDA:171,22,0,1
BRDA:171,22,1,2
BRDA:171,23,0,3
BRDA:171,23,1,2
BRDA:171,24,0,0
BRDA:171,24,1,3
BRDA:171,25,0,3
BRDA:171,25,1,3
BRDA:175,26,0,0
BRDA:175,26,1,2
BRDA:175,27,0,2
BRDA:175,27,1,1
BRDA:175,28,0,0
BRDA:175,28,1,2
BRDA:175,29,0,2
BRDA:175,29,1,2
BRDA:191,30,0,1
BRDA:191,30,1,2
BRDA:195,31,0,1
BRDA:195,31,1,1
BRDA:195,32,0,2
BRDA:195,32,1,2
BRDA:195,33,0,0
BRDA:195,33,1,2
BRDA:195,34,0,2
BRDA:195,34,1,2
BRDA:199,35,0,0
BRDA:199,35,1,1
BRDA:199,36,0,1
BRDA:199,36,1,0
BRDA:199,37,0,0
BRDA:199,37,1,1
BRDA:199,38,0,1
BRDA:199,38,1,1
BRDA:229,39,0,0
BRDA:229,39,1,2
BRDA:229,40,0,2
BRDA:229,40,1,1
BRDA:237,41,0,1
BRDA:237,41,1,1
BRDA:241,42,0,0
BRDA:241,42,1,1
BRDA:241,43,0,0
BRDA:241,43,1,1
BRDA:241,44,0,1
BRDA:241,44,1,1
BRDA:245,45,0,0
BRDA:245,45,1,1
BRDA:249,46,0,0
BRDA:249,46,1,1
BRDA:257,47,0,1
BRDA:257,47,1,0
BRDA:258,48,0,0
BRDA:258,48,1,1
BRDA:260,49,0,1
BRDA:260,49,1,0
BRDA:260,50,0,1
BRDA:260,50,1,0
BRDA:261,51,0,1
BRDA:261,51,1,0
BRDA:262,52,0,0
BRDA:262,52,1,1
BRDA:310,53,0,0
BRDA:310,53,1,2
BRDA:314,54,0,0
BRDA:314,54,1,2
BRDA:314,55,0,0
BRDA:314,55,1,2
BRDA:314,56,0,2
BRDA:314,56,1,2
BRDA:318,57,0,0
BRDA:318,57,1,2
BRDA:322,58,0,1
BRDA:322,58,1,1
BRDA:336,59,0,0
BRDA:336,59,1,1
BRF:124
BRH:71
end_of_record
TN:
SF:src\order-items\order-items-routes.ts
FN:7,(anonymous_0)
FN:8,(anonymous_1)
FN:9,(anonymous_2)
FN:10,(anonymous_3)
FN:11,(anonymous_4)
FN:12,(anonymous_5)
FNF:6
FNH:6
FNDA:3,(anonymous_0)
FNDA:1,(anonymous_1)
FNDA:4,(anonymous_2)
FNDA:3,(anonymous_3)
FNDA:2,(anonymous_4)
FNDA:2,(anonymous_5)
DA:1,1
DA:2,1
DA:3,1
DA:5,1
DA:7,3
DA:8,1
DA:9,4
DA:10,3
DA:11,2
DA:12,2
DA:14,1
LF:11
LH:11
BRF:0
BRH:0
end_of_record
TN:
SF:src\orders\orders-controller.ts
FN:7,(anonymous_8)
FN:7,(anonymous_9)
FN:49,(anonymous_10)
FN:127,(anonymous_11)
FN:127,(anonymous_12)
FN:159,(anonymous_13)
FN:159,(anonymous_14)
FN:197,(anonymous_15)
FN:197,(anonymous_16)
FN:246,(anonymous_17)
FN:246,(anonymous_18)
FNF:11
FNH:11
FNDA:7,(anonymous_8)
FNDA:7,(anonymous_9)
FNDA:4,(anonymous_10)
FNDA:2,(anonymous_11)
FNDA:2,(anonymous_12)
FNDA:2,(anonymous_13)
FNDA:2,(anonymous_14)
FNDA:4,(anonymous_15)
FNDA:4,(anonymous_16)
FNDA:4,(anonymous_17)
FNDA:4,(anonymous_18)
DA:4,1
DA:6,1
DA:7,7
DA:8,7
DA:9,7
DA:11,7
DA:12,8
DA:13,8
DA:14,0
DA:17,8
DA:19,8
DA:20,7
DA:21,2
DA:26,5
DA:27,5
DA:28,1
DA:34,4
DA:35,4
DA:36,1
DA:39,3
DA:40,3
DA:41,3
DA:42,0
DA:49,4
DA:50,4
DA:53,4
DA:54,1
DA:57,4
DA:69,2
DA:70,2
DA:79,2
DA:99,2
DA:104,2
DA:106,1
DA:107,1
DA:108,1
DA:109,1
DA:111,0
DA:112,0
DA:117,0
DA:119,1
DA:127,2
DA:128,2
DA:129,2
DA:153,1
DA:155,1
DA:159,2
DA:160,2
DA:161,2
DA:163,2
DA:187,2
DA:188,1
DA:191,1
DA:193,0
DA:197,4
DA:198,4
DA:199,4
DA:201,4
DA:203,4
DA:204,0
DA:207,4
DA:208,1
DA:211,3
DA:212,1
DA:215,2
DA:217,2
DA:237,2
DA:242,0
DA:246,4
DA:247,4
DA:248,4
DA:250,4
DA:252,4
DA:253,1
DA:256,3
DA:257,1
DA:260,2
DA:261,1
DA:264,1
DA:266,1
DA:268,0
LF:81
LH:72
BRDA:13,0,0,0
BRDA:13,0,1,8
BRDA:13,1,0,8
BRDA:13,1,1,8
BRDA:19,2,0,7
BRDA:19,2,1,1
BRDA:20,3,0,2
BRDA:20,3,1,5
BRDA:20,4,0,7
BRDA:20,4,1,6
BRDA:20,4,2,6
BRDA:20,4,3,6
BRDA:20,4,4,5
BRDA:20,4,5,5
BRDA:27,5,0,1
BRDA:27,5,1,4
BRDA:27,6,0,5
BRDA:27,6,1,5
BRDA:27,6,2,4
BRDA:35,7,0,1
BRDA:35,7,1,3
BRDA:41,8,0,0
BRDA:41,8,1,3
BRDA:53,9,0,1
BRDA:53,9,1,3
BRDA:64,10,0,4
BRDA:64,10,1,3
BRDA:104,11,0,1
BRDA:104,11,1,1
BRDA:104,12,0,2
BRDA:104,12,1,1
BRDA:104,12,2,1
BRDA:104,12,3,0
BRDA:104,13,0,1
BRDA:104,13,1,0
BRDA:104,14,0,1
BRDA:104,14,1,1
BRDA:105,15,0,0
BRDA:105,15,1,1
BRDA:105,16,0,1
BRDA:105,16,1,1
BRDA:105,17,0,0
BRDA:105,17,1,0
BRDA:105,18,0,0
BRDA:105,18,1,0
BRDA:105,19,0,0
BRDA:105,19,1,0
BRDA:105,20,0,0
BRDA:105,20,1,0
BRDA:111,21,0,0
BRDA:111,21,1,0
BRDA:187,22,0,1
BRDA:187,22,1,1
BRDA:203,23,0,0
BRDA:203,23,1,4
BRDA:207,24,0,1
BRDA:207,24,1,3
BRDA:207,25,0,4
BRDA:207,25,1,2
BRDA:207,26,0,0
BRDA:207,26,1,4
BRDA:207,27,0,4
BRDA:207,27,1,4
BRDA:211,28,0,1
BRDA:211,28,1,2
BRDA:211,29,0,3
BRDA:211,29,1,2
BRDA:211,30,0,0
BRDA:211,30,1,3
BRDA:211,31,0,3
BRDA:211,31,1,3
BRDA:252,32,0,1
BRDA:252,32,1,3
BRDA:256,33,0,1
BRDA:256,33,1,2
BRDA:256,34,0,3
BRDA:256,34,1,3
BRDA:256,35,0,0
BRDA:256,35,1,3
BRDA:256,36,0,3
BRDA:256,36,1,3
BRDA:260,37,0,1
BRDA:260,37,1,1
BRF:83
BRH:64
end_of_record
TN:
SF:src\orders\orders-routes.ts
FN:7,(anonymous_0)
FN:8,(anonymous_1)
FN:9,(anonymous_2)
FN:10,(anonymous_3)
FN:11,(anonymous_4)
FNF:5
FNH:5
FNDA:7,(anonymous_0)
FNDA:2,(anonymous_1)
FNDA:2,(anonymous_2)
FNDA:4,(anonymous_3)
FNDA:4,(anonymous_4)
DA:1,1
DA:2,1
DA:3,1
DA:5,1
DA:7,7
DA:8,2
DA:9,2
DA:10,4
DA:11,4
DA:13,1
LF:10
LH:10
BRF:0
BRH:0
end_of_record
TN:
SF:src\passport\passport.ts
FN:11,(anonymous_8)
FN:35,(anonymous_9)
FN:35,(anonymous_10)
FN:93,(anonymous_11)
FN:101,(anonymous_12)
FN:101,(anonymous_13)
FNF:6
FNH:0
FNDA:0,(anonymous_8)
FNDA:0,(anonymous_9)
FNDA:0,(anonymous_10)
FNDA:0,(anonymous_11)
FNDA:0,(anonymous_12)
FNDA:0,(anonymous_13)
DA:1,0
DA:2,0
DA:3,0
DA:4,0
DA:11,0
DA:12,0
DA:29,0
DA:35,0
DA:36,0
DA:37,0
DA:38,0
DA:39,0
DA:41,0
DA:43,0
DA:44,0
DA:45,0
DA:48,0
DA:49,0
DA:51,0
DA:52,0
DA:54,0
DA:55,0
DA:56,0
DA:59,0
DA:60,0
DA:62,0
DA:63,0
DA:64,0
DA:67,0
DA:68,0
DA:71,0
DA:73,0
DA:74,0
DA:77,0
DA:79,0
DA:86,0
DA:87,0
DA:93,0
DA:94,0
DA:101,0
DA:102,0
DA:103,0
DA:104,0
DA:105,0
DA:107,0
DA:108,0
DA:111,0
DA:115,0
DA:116,0
DA:119,0
DA:120,0
DA:123,0
DA:125,0
DA:132,0
DA:136,0
LF:55
LH:0
BRDA:39,0,0,0
BRDA:39,0,1,0
BRDA:39,1,0,0
BRDA:39,1,1,0
BRDA:43,2,0,0
BRDA:43,2,1,0
BRDA:54,3,0,0
BRDA:54,3,1,0
BRDA:62,4,0,0
BRDA:62,4,1,0
BRDA:67,5,0,0
BRDA:67,5,1,0
BRDA:73,6,0,0
BRDA:73,6,1,0
BRDA:107,7,0,0
BRDA:107,7,1,0
BRDA:115,8,0,0
BRDA:115,8,1,0
BRDA:119,9,0,0
BRDA:119,9,1,0
BRF:20
BRH:0
end_of_record
TN:
SF:src\provider-transports\provider-transports-controller.ts
FN:7,(anonymous_8)
FN:7,(anonymous_9)
FN:59,(anonymous_10)
FN:59,(anonymous_11)
FN:75,(anonymous_12)
FN:75,(anonymous_13)
FN:97,(anonymous_14)
FN:97,(anonymous_15)
FN:122,(anonymous_16)
FN:122,(anonymous_17)
FNF:10
FNH:10
FNDA:5,(anonymous_8)
FNDA:5,(anonymous_9)
FNDA:3,(anonymous_10)
FNDA:3,(anonymous_11)
FNDA:3,(anonymous_12)
FNDA:3,(anonymous_13)
FNDA:4,(anonymous_14)
FNDA:4,(anonymous_15)
FNDA:4,(anonymous_16)
FNDA:4,(anonymous_17)
DA:4,1
DA:6,1
DA:7,5
DA:8,5
DA:9,5
DA:11,5
DA:12,25
DA:13,25
DA:14,0
DA:17,25
DA:19,25
DA:20,5
DA:21,1
DA:27,24
DA:34,2
DA:39,22
DA:41,21
DA:42,21
DA:43,21
DA:44,21
DA:46,0
DA:47,0
DA:52,0
DA:54,1
DA:59,3
DA:60,3
DA:61,3
DA:69,2
DA:71,1
DA:75,3
DA:76,3
DA:77,3
DA:79,3
DA:87,2
DA:88,1
DA:91,1
DA:93,1
DA:97,4
DA:98,4
DA:99,4
DA:101,4
DA:103,4
DA:104,1
DA:107,3
DA:108,1
DA:111,2
DA:113,1
DA:118,1
DA:122,4
DA:123,4
DA:124,4
DA:126,4
DA:128,4
DA:129,1
DA:132,3
DA:133,1
DA:136,2
DA:138,1
DA:140,1
LF:59
LH:55
BRDA:13,0,0,0
BRDA:13,0,1,25
BRDA:13,1,0,25
BRDA:13,1,1,25
BRDA:19,2,0,5
BRDA:19,2,1,20
BRDA:20,3,0,1
BRDA:20,3,1,4
BRDA:20,4,0,5
BRDA:20,4,1,4
BRDA:20,4,2,4
BRDA:39,5,0,21
BRDA:39,5,1,1
BRDA:39,6,0,22
BRDA:39,6,1,1
BRDA:39,6,2,21
BRDA:39,6,3,0
BRDA:39,7,0,1
BRDA:39,7,1,0
BRDA:39,8,0,1
BRDA:39,8,1,1
BRDA:40,9,0,0
BRDA:40,9,1,21
BRDA:40,10,0,21
BRDA:40,10,1,21
BRDA:40,11,0,0
BRDA:40,11,1,0
BRDA:40,12,0,0
BRDA:40,12,1,0
BRDA:40,13,0,0
BRDA:40,13,1,0
BRDA:40,14,0,0
BRDA:40,14,1,0
BRDA:46,15,0,0
BRDA:46,15,1,0
BRDA:87,16,0,1
BRDA:87,16,1,1
BRDA:103,17,0,1
BRDA:103,17,1,3
BRDA:107,18,0,1
BRDA:107,18,1,2
BRDA:107,19,0,3
BRDA:107,19,1,3
BRDA:107,20,0,0
BRDA:107,20,1,3
BRDA:107,21,0,3
BRDA:107,21,1,3
BRDA:128,22,0,1
BRDA:128,22,1,3
BRDA:132,23,0,1
BRDA:132,23,1,2
BRDA:132,24,0,3
BRDA:132,24,1,3
BRDA:132,25,0,0
BRDA:132,25,1,3
BRDA:132,26,0,3
BRDA:132,26,1,3
BRF:57
BRH:41
end_of_record
TN:
SF:src\provider-transports\provider-transports-routes.ts
FN:7,(anonymous_0)
FN:8,(anonymous_1)
FN:9,(anonymous_2)
FN:10,(anonymous_3)
FN:11,(anonymous_4)
FNF:5
FNH:5
FNDA:5,(anonymous_0)
FNDA:3,(anonymous_1)
FNDA:3,(anonymous_2)
FNDA:4,(anonymous_3)
FNDA:4,(anonymous_4)
DA:1,1
DA:2,1
DA:3,1
DA:5,1
DA:7,5
DA:8,3
DA:9,3
DA:10,4
DA:11,4
DA:13,1
LF:10
LH:10
BRF:0
BRH:0
end_of_record
TN:
SF:src\providers\providers-controller.ts
FN:8,(anonymous_9)
FN:30,(anonymous_11)
FN:68,(anonymous_13)
FN:90,(anonymous_15)
FN:104,(anonymous_17)
FN:118,(anonymous_19)
FNF:6
FNH:6
FNDA:4,(anonymous_9)
FNDA:5,(anonymous_11)
FNDA:4,(anonymous_13)
FNDA:3,(anonymous_15)
FNDA:2,(anonymous_17)
FNDA:4,(anonymous_19)
DA:3,1
DA:5,1
DA:7,1
DA:9,4
DA:10,4
DA:12,4
DA:13,2
DA:16,2
DA:20,1
DA:21,0
DA:24,1
DA:26,1
DA:31,5
DA:32,5
DA:33,5
DA:35,5
DA:36,1
DA:39,4
DA:41,4
DA:42,0
DA:45,4
DA:46,4
DA:47,1
DA:50,4
DA:52,2
DA:56,2
DA:61,2
DA:62,1
DA:64,1
DA:69,4
DA:70,4
DA:72,4
DA:73,2
DA:76,2
DA:78,2
DA:79,0
DA:82,2
DA:84,1
DA:86,1
DA:91,3
DA:92,3
DA:94,3
DA:98,2
DA:100,1
DA:105,2
DA:106,2
DA:108,2
DA:112,1
DA:114,1
DA:119,4
DA:120,4
DA:122,4
DA:123,1
DA:126,3
DA:135,2
DA:137,1
LF:56
LH:53
BRDA:12,0,0,2
BRDA:12,0,1,2
BRDA:12,1,0,4
BRDA:12,1,1,4
BRDA:12,1,2,4
BRDA:20,2,0,0
BRDA:20,2,1,1
BRDA:35,3,0,1
BRDA:35,3,1,4
BRDA:35,4,0,5
BRDA:35,4,1,5
BRDA:35,4,2,5
BRDA:41,5,0,0
BRDA:41,5,1,4
BRDA:46,6,0,1
BRDA:46,6,1,3
BRDA:61,7,0,1
BRDA:61,7,1,1
BRDA:72,8,0,2
BRDA:72,8,1,2
BRDA:72,9,0,4
BRDA:72,9,1,4
BRDA:72,9,2,4
BRDA:78,10,0,0
BRDA:78,10,1,2
BRDA:122,11,0,1
BRDA:122,11,1,3
BRDA:122,12,0,4
BRDA:122,12,1,4
BRDA:122,13,0,0
BRDA:122,13,1,4
BRDA:122,14,0,4
BRDA:122,14,1,4
BRDA:122,15,0,0
BRDA:122,15,1,4
BRDA:122,16,0,4
BRDA:122,16,1,4
BRF:37
BRH:32
end_of_record
TN:
SF:src\providers\providers-routes.ts
FN:8,(anonymous_0)
FN:9,(anonymous_1)
FN:10,(anonymous_2)
FN:11,(anonymous_3)
FN:12,(anonymous_4)
FN:13,(anonymous_5)
FNF:6
FNH:6
FNDA:4,(anonymous_0)
FNDA:5,(anonymous_1)
FNDA:4,(anonymous_2)
FNDA:3,(anonymous_3)
FNDA:2,(anonymous_4)
FNDA:4,(anonymous_5)
DA:1,1
DA:2,1
DA:3,1
DA:5,1
DA:6,1
DA:8,4
DA:9,5
DA:10,4
DA:11,3
DA:12,2
DA:13,4
DA:15,1
LF:12
LH:12
BRF:0
BRH:0
end_of_record
TN:
SF:src\purchase-orders\purchase-orders-controller.ts
FN:7,(anonymous_8)
FN:7,(anonymous_9)
FN:94,(anonymous_10)
FN:94,(anonymous_11)
FN:111,(anonymous_12)
FN:111,(anonymous_13)
FN:134,(anonymous_14)
FN:134,(anonymous_15)
FN:163,(anonymous_16)
FN:163,(anonymous_17)
FNF:10
FNH:10
FNDA:7,(anonymous_8)
FNDA:7,(anonymous_9)
FNDA:2,(anonymous_10)
FNDA:2,(anonymous_11)
FNDA:2,(anonymous_12)
FNDA:2,(anonymous_13)
FNDA:5,(anonymous_14)
FNDA:5,(anonymous_15)
FNDA:3,(anonymous_16)
FNDA:3,(anonymous_17)
DA:4,1
DA:6,1
DA:7,7
DA:8,7
DA:9,7
DA:11,7
DA:12,8
DA:13,8
DA:14,0
DA:17,8
DA:19,8
DA:20,7
DA:21,1
DA:27,7
DA:29,7
DA:30,1
DA:33,6
DA:34,1
DA:39,5
DA:40,5
DA:42,5
DA:43,5
DA:44,5
DA:46,5
DA:60,3
DA:69,3
DA:74,2
DA:76,1
DA:77,1
DA:78,1
DA:79,1
DA:81,0
DA:82,0
DA:87,0
DA:89,1
DA:94,2
DA:95,2
DA:96,2
DA:105,1
DA:107,1
DA:111,2
DA:112,2
DA:113,2
DA:115,2
DA:124,2
DA:125,1
DA:128,1
DA:130,0
DA:134,5
DA:135,5
DA:136,5
DA:138,5
DA:140,5
DA:141,0
DA:144,5
DA:145,1
DA:148,4
DA:149,1
DA:152,3
DA:154,2
DA:159,1
DA:163,3
DA:164,3
DA:165,3
DA:167,3
DA:169,3
DA:170,1
DA:173,2
DA:174,1
DA:177,1
DA:179,1
DA:181,0
LF:72
LH:65
BRDA:13,0,0,0
BRDA:13,0,1,8
BRDA:13,1,0,8
BRDA:13,1,1,8
BRDA:19,2,0,7
BRDA:19,2,1,1
BRDA:20,3,0,1
BRDA:20,3,1,6
BRDA:20,4,0,7
BRDA:20,4,1,6
BRDA:20,4,2,6
BRDA:20,4,3,6
BRDA:20,4,4,6
BRDA:20,4,5,6
BRDA:29,5,0,1
BRDA:29,5,1,6
BRDA:33,6,0,1
BRDA:33,6,1,5
BRDA:74,7,0,1
BRDA:74,7,1,1
BRDA:74,8,0,2
BRDA:74,8,1,1
BRDA:74,8,2,1
BRDA:74,8,3,0
BRDA:74,9,0,1
BRDA:74,9,1,0
BRDA:74,10,0,1
BRDA:74,10,1,1
BRDA:75,11,0,0
BRDA:75,11,1,1
BRDA:75,12,0,1
BRDA:75,12,1,1
BRDA:75,13,0,0
BRDA:75,13,1,0
BRDA:75,14,0,0
BRDA:75,14,1,0
BRDA:75,15,0,0
BRDA:75,15,1,0
BRDA:75,16,0,0
BRDA:75,16,1,0
BRDA:81,17,0,0
BRDA:81,17,1,0
BRDA:124,18,0,1
BRDA:124,18,1,1
BRDA:140,19,0,0
BRDA:140,19,1,5
BRDA:144,20,0,1
BRDA:144,20,1,4
BRDA:144,21,0,5
BRDA:144,21,1,3
BRDA:144,22,0,0
BRDA:144,22,1,5
BRDA:144,23,0,5
BRDA:144,23,1,5
BRDA:148,24,0,1
BRDA:148,24,1,3
BRDA:148,25,0,4
BRDA:148,25,1,2
BRDA:148,26,0,0
BRDA:148,26,1,4
BRDA:148,27,0,4
BRDA:148,27,1,4
BRDA:169,28,0,1
BRDA:169,28,1,2
BRDA:173,29,0,1
BRDA:173,29,1,1
BRDA:173,30,0,2
BRDA:173,30,1,2
BRDA:173,31,0,0
BRDA:173,31,1,2
BRDA:173,32,0,2
BRDA:173,32,1,2
BRF:72
BRH:54
end_of_record
TN:
SF:src\purchase-orders\purchase-orders-routes.ts
FN:7,(anonymous_0)
FN:8,(anonymous_1)
FN:9,(anonymous_2)
FN:10,(anonymous_3)
FN:11,(anonymous_4)
FNF:5
FNH:5
FNDA:7,(anonymous_0)
FNDA:2,(anonymous_1)
FNDA:2,(anonymous_2)
FNDA:5,(anonymous_3)
FNDA:3,(anonymous_4)
DA:1,1
DA:2,1
DA:3,1
DA:5,1
DA:7,7
DA:8,2
DA:9,2
DA:10,5
DA:11,3
DA:13,1
LF:10
LH:10
BRF:0
BRH:0
end_of_record
TN:
SF:src\shipments\shipments-controller.ts
FN:7,(anonymous_8)
FN:7,(anonymous_9)
FN:125,(anonymous_10)
FN:125,(anonymous_11)
FN:149,(anonymous_12)
FN:149,(anonymous_13)
FN:187,(anonymous_14)
FN:187,(anonymous_15)
FN:226,(anonymous_16)
FN:226,(anonymous_17)
FN:303,(anonymous_18)
FN:303,(anonymous_19)
FNF:12
FNH:12
FNDA:9,(anonymous_8)
FNDA:9,(anonymous_9)
FNDA:1,(anonymous_10)
FNDA:1,(anonymous_11)
FNDA:4,(anonymous_12)
FNDA:4,(anonymous_13)
FNDA:2,(anonymous_14)
FNDA:2,(anonymous_15)
FNDA:3,(anonymous_16)
FNDA:3,(anonymous_17)
FNDA:2,(anonymous_18)
FNDA:2,(anonymous_19)
DA:4,1
DA:6,1
DA:7,9
DA:8,9
DA:9,9
DA:11,9
DA:12,10
DA:13,10
DA:14,0
DA:17,10
DA:19,10
DA:20,9
DA:21,1
DA:26,8
DA:27,1
DA:33,8
DA:35,8
DA:36,1
DA:39,7
DA:40,1
DA:43,6
DA:47,6
DA:48,1
DA:53,5
DA:58,5
DA:59,2
DA:62,5
DA:64,3
DA:65,3
DA:67,3
DA:68,1
DA:69,2
DA:70,0
DA:71,2
DA:72,0
DA:75,3
DA:77,3
DA:93,3
DA:98,2
DA:100,1
DA:101,1
DA:102,1
DA:103,1
DA:105,0
DA:106,0
DA:111,0
DA:114,1
DA:115,0
DA:120,1
DA:125,1
DA:126,1
DA:127,1
DA:143,1
DA:145,0
DA:149,4
DA:150,4
DA:151,4
DA:153,4
DA:169,4
DA:170,1
DA:173,3
DA:174,1
DA:177,2
DA:178,0
DA:181,2
DA:183,0
DA:187,2
DA:188,2
DA:189,2
DA:191,2
DA:208,2
DA:209,1
DA:212,1
DA:213,0
DA:216,1
DA:217,0
DA:220,1
DA:222,0
DA:226,3
DA:227,3
DA:228,3
DA:229,3
DA:231,3
DA:232,1
DA:237,2
DA:241,2
DA:242,0
DA:245,2
DA:246,0
DA:249,2
DA:250,1
DA:253,1
DA:254,1
DA:255,1
DA:257,1
DA:259,1
DA:260,1
DA:262,1
DA:263,1
DA:264,0
DA:265,0
DA:266,0
DA:267,0
DA:268,0
DA:269,0
DA:272,1
DA:278,1
DA:294,1
DA:299,0
DA:303,2
DA:304,2
DA:305,2
DA:307,2
DA:311,2
DA:312,0
DA:315,2
DA:316,0
DA:319,2
DA:320,2
DA:323,0
DA:324,0
DA:327,0
DA:328,0
DA:330,0
DA:332,0
LF:125
LH:95
BRDA:13,0,0,0
BRDA:13,0,1,10
BRDA:13,1,0,10
BRDA:13,1,1,10
BRDA:19,2,0,9
BRDA:19,2,1,1
BRDA:20,3,0,1
BRDA:20,3,1,8
BRDA:20,4,0,9
BRDA:20,4,1,8
BRDA:26,5,0,1
BRDA:26,5,1,7
BRDA:26,6,0,8
BRDA:26,6,1,3
BRDA:35,7,0,1
BRDA:35,7,1,7
BRDA:39,8,0,1
BRDA:39,8,1,6
BRDA:47,9,0,1
BRDA:47,9,1,5
BRDA:58,10,0,2
BRDA:58,10,1,3
BRDA:67,11,0,1
BRDA:67,11,1,2
BRDA:69,12,0,0
BRDA:69,12,1,2
BRDA:71,13,0,0
BRDA:71,13,1,2
BRDA:98,14,0,1
BRDA:98,14,1,1
BRDA:98,15,0,2
BRDA:98,15,1,1
BRDA:98,15,2,1
BRDA:98,15,3,0
BRDA:98,16,0,1
BRDA:98,16,1,0
BRDA:98,17,0,1
BRDA:98,17,1,1
BRDA:99,18,0,0
BRDA:99,18,1,1
BRDA:99,19,0,1
BRDA:99,19,1,1
BRDA:99,20,0,0
BRDA:99,20,1,0
BRDA:99,21,0,0
BRDA:99,21,1,0
BRDA:99,22,0,0
BRDA:99,22,1,0
BRDA:99,23,0,0
BRDA:99,23,1,0
BRDA:105,24,0,0
BRDA:105,24,1,0
BRDA:114,25,0,0
BRDA:114,25,1,1
BRDA:114,26,0,1
BRDA:114,26,1,0
BRDA:114,27,0,0
BRDA:114,27,1,0
BRDA:114,28,0,0
BRDA:114,28,1,0
BRDA:169,29,0,1
BRDA:169,29,1,3
BRDA:173,30,0,1
BRDA:173,30,1,2
BRDA:173,31,0,3
BRDA:173,31,1,2
BRDA:173,32,0,0
BRDA:173,32,1,3
BRDA:173,33,0,3
BRDA:173,33,1,3
BRDA:177,34,0,0
BRDA:177,34,1,2
BRDA:177,35,0,2
BRDA:177,35,1,1
BRDA:177,36,0,0
BRDA:177,36,1,2
BRDA:177,37,0,2
BRDA:177,37,1,2
BRDA:208,38,0,1
BRDA:208,38,1,1
BRDA:212,39,0,0
BRDA:212,39,1,1
BRDA:212,40,0,1
BRDA:212,40,1,1
BRDA:212,41,0,0
BRDA:212,41,1,1
BRDA:212,42,0,1
BRDA:212,42,1,1
BRDA:216,43,0,0
BRDA:216,43,1,1
BRDA:216,44,0,1
BRDA:216,44,1,0
BRDA:216,45,0,0
BRDA:216,45,1,1
BRDA:216,46,0,1
BRDA:216,46,1,1
BRDA:231,47,0,1
BRDA:231,47,1,2
BRDA:231,48,0,3
BRDA:231,48,1,3
BRDA:241,49,0,0
BRDA:241,49,1,2
BRDA:245,50,0,0
BRDA:245,50,1,2
BRDA:245,51,0,0
BRDA:245,51,1,2
BRDA:245,52,0,2
BRDA:245,52,1,2
BRDA:249,53,0,1
BRDA:249,53,1,1
BRDA:254,54,0,1
BRDA:254,54,1,0
BRDA:255,55,0,1
BRDA:255,55,1,0
BRDA:259,56,0,1
BRDA:259,56,1,0
BRDA:262,57,0,1
BRDA:262,57,1,0
BRDA:264,58,0,0
BRDA:264,58,1,0
BRDA:266,59,0,0
BRDA:266,59,1,0
BRDA:268,60,0,0
BRDA:268,60,1,0
BRDA:311,61,0,0
BRDA:311,61,1,2
BRDA:315,62,0,0
BRDA:315,62,1,2
BRDA:315,63,0,0
BRDA:315,63,1,2
BRDA:315,64,0,2
BRDA:315,64,1,2
BRDA:319,65,0,2
BRDA:319,65,1,0
BRDA:323,66,0,0
BRDA:323,66,1,0
BRF:136
BRH:87
end_of_record
TN:
SF:src\shipments\shipments-routes.ts
FN:7,(anonymous_0)
FN:8,(anonymous_1)
FN:9,(anonymous_2)
FN:10,(anonymous_3)
FN:11,(anonymous_4)
FN:12,(anonymous_5)
FNF:6
FNH:6
FNDA:9,(anonymous_0)
FNDA:1,(anonymous_1)
FNDA:4,(anonymous_2)
FNDA:2,(anonymous_3)
FNDA:3,(anonymous_4)
FNDA:2,(anonymous_5)
DA:1,1
DA:2,1
DA:3,1
DA:5,1
DA:7,9
DA:8,1
DA:9,4
DA:10,2
DA:11,3
DA:12,2
DA:14,1
LF:11
LH:11
BRF:0
BRH:0
end_of_record
TN:
SF:src\substance\substances-controller.ts
FN:8,(anonymous_8)
FN:8,(anonymous_9)
FN:62,(anonymous_10)
FN:62,(anonymous_11)
FN:72,(anonymous_12)
FN:86,(anonymous_13)
FN:86,(anonymous_14)
FN:114,(anonymous_15)
FN:114,(anonymous_16)
FN:139,(anonymous_17)
FN:139,(anonymous_18)
FNF:11
FNH:11
FNDA:6,(anonymous_8)
FNDA:6,(anonymous_9)
FNDA:3,(anonymous_10)
FNDA:3,(anonymous_11)
FNDA:1,(anonymous_12)
FNDA:4,(anonymous_13)
FNDA:4,(anonymous_14)
FNDA:4,(anonymous_15)
FNDA:4,(anonymous_16)
FNDA:4,(anonymous_17)
FNDA:4,(anonymous_18)
DA:3,1
DA:5,1
DA:7,1
DA:8,6
DA:9,6
DA:10,6
DA:12,6
DA:13,26
DA:14,26
DA:15,0
DA:18,26
DA:20,26
DA:21,6
DA:22,1
DA:28,25
DA:37,3
DA:42,22
DA:44,21
DA:45,21
DA:46,21
DA:47,21
DA:49,0
DA:50,0
DA:55,0
DA:57,1
DA:62,3
DA:63,3
DA:64,3
DA:72,2
DA:73,1
DA:74,1
DA:80,2
DA:82,1
DA:86,4
DA:87,4
DA:88,4
DA:90,4
DA:98,3
DA:99,1
DA:102,2
DA:103,2
DA:108,2
DA:110,1
DA:114,4
DA:115,4
DA:116,4
DA:118,4
DA:120,4
DA:121,1
DA:124,3
DA:125,1
DA:128,2
DA:130,1
DA:135,1
DA:139,4
DA:140,4
DA:141,4
DA:142,4
DA:144,4
DA:145,1
DA:148,3
DA:149,1
DA:152,2
DA:153,2
DA:155,1
DA:157,1
LF:66
LH:62
BRDA:14,0,0,0
BRDA:14,0,1,26
BRDA:14,1,0,26
BRDA:14,1,1,26
BRDA:20,2,0,6
BRDA:20,2,1,20
BRDA:21,3,0,1
BRDA:21,3,1,5
BRDA:21,4,0,6
BRDA:21,4,1,5
BRDA:21,4,2,5
BRDA:34,5,0,25
BRDA:34,5,1,24
BRDA:42,6,0,21
BRDA:42,6,1,1
BRDA:42,7,0,22
BRDA:42,7,1,1
BRDA:42,7,2,21
BRDA:42,7,3,0
BRDA:42,8,0,1
BRDA:42,8,1,0
BRDA:42,9,0,1
BRDA:42,9,1,1
BRDA:43,10,0,0
BRDA:43,10,1,21
BRDA:43,11,0,21
BRDA:43,11,1,21
BRDA:43,12,0,0
BRDA:43,12,1,0
BRDA:43,13,0,0
BRDA:43,13,1,0
BRDA:43,14,0,0
BRDA:43,14,1,0
BRDA:43,15,0,0
BRDA:43,15,1,0
BRDA:49,16,0,0
BRDA:49,16,1,0
BRDA:98,17,0,1
BRDA:98,17,1,2
BRDA:120,18,0,1
BRDA:120,18,1,3
BRDA:124,19,0,1
BRDA:124,19,1,2
BRDA:124,20,0,3
BRDA:124,20,1,3
BRDA:124,21,0,0
BRDA:124,21,1,3
BRDA:124,22,0,3
BRDA:124,22,1,3
BRDA:144,23,0,1
BRDA:144,23,1,3
BRDA:148,24,0,1
BRDA:148,24,1,2
BRDA:148,25,0,3
BRDA:148,25,1,3
BRDA:148,26,0,0
BRDA:148,26,1,3
BRDA:148,27,0,3
BRDA:148,27,1,3
BRF:59
BRH:43
end_of_record
TN:
SF:src\substance\substances-routes.ts
FN:7,(anonymous_0)
FN:8,(anonymous_1)
FN:9,(anonymous_2)
FN:10,(anonymous_3)
FN:11,(anonymous_4)
FNF:5
FNH:5
FNDA:6,(anonymous_0)
FNDA:3,(anonymous_1)
FNDA:4,(anonymous_2)
FNDA:4,(anonymous_3)
FNDA:4,(anonymous_4)
DA:1,1
DA:2,1
DA:3,1
DA:5,1
DA:7,6
DA:8,3
DA:9,4
DA:10,4
DA:11,4
DA:13,1
LF:10
LH:10
BRF:0
BRH:0
end_of_record
TN:
SF:src\test\mock-auth.ts
FN:1,(anonymous_0)
FN:2,(anonymous_1)
FN:4,(anonymous_2)
FNF:3
FNH:0
FNDA:0,(anonymous_0)
FNDA:0,(anonymous_1)
FNDA:0,(anonymous_2)
DA:1,0
DA:2,0
DA:4,0
DA:5,0
DA:6,0
LF:5
LH:0
BRF:0
BRH:0
end_of_record
TN:
SF:src\utils\utils.ts
FN:3,(anonymous_8)
FN:3,(anonymous_9)
FN:7,(anonymous_10)
FN:7,(anonymous_11)
FNF:4
FNH:0
FNDA:0,(anonymous_8)
FNDA:0,(anonymous_9)
FNDA:0,(anonymous_10)
FNDA:0,(anonymous_11)
DA:1,0
DA:3,0
DA:4,0
DA:7,0
DA:8,0
LF:5
LH:0
BRF:0
BRH:0
end_of_record
