TN:
SF:models\customer.js
FN:4,(anonymous_0)
FN:6,(anonymous_1)
FNF:2
FNH:2
FNDA:1,(anonymous_0)
FNDA:1,(anonymous_1)
DA:2,1
DA:4,1
DA:7,1
DA:14,1
DA:51,1
LF:5
LH:5
BRF:0
BRH:0
end_of_record
TN:
SF:models\dealer.js
FN:4,(anonymous_0)
FN:6,(anonymous_1)
FNF:2
FNH:2
FNDA:1,(anonymous_0)
FNDA:1,(anonymous_1)
DA:2,1
DA:4,1
DA:7,1
DA:11,1
DA:15,1
DA:22,1
DA:67,1
LF:7
LH:7
BRF:0
BRH:0
end_of_record
TN:
SF:models\index.js
FN:21,(anonymous_0)
FN:29,(anonymous_1)
FN:34,(anonymous_2)
FNF:3
FNH:3
FNDA:11,(anonymous_0)
FNDA:10,(anonymous_1)
FNDA:10,(anonymous_2)
DA:3,1
DA:4,1
DA:5,1
DA:6,1
DA:7,1
DA:8,1
DA:9,1
DA:10,1
DA:13,1
DA:14,0
DA:16,1
DA:19,1
DA:22,11
DA:30,10
DA:31,10
DA:34,1
DA:35,10
DA:36,10
DA:40,1
DA:41,1
DA:43,1
LF:21
LH:20
BRDA:8,0,0,1
BRDA:8,0,1,0
BRDA:13,1,0,0
BRDA:13,1,1,1
BRDA:23,2,0,11
BRDA:23,2,1,11
BRDA:23,2,2,10
BRDA:23,2,3,10
BRDA:35,3,0,10
BRDA:35,3,1,0
BRF:10
BRH:7
end_of_record
TN:
SF:models\inventory.js
FN:4,(anonymous_0)
FN:6,(anonymous_1)
FNF:2
FNH:2
FNDA:1,(anonymous_0)
FNDA:1,(anonymous_1)
DA:2,1
DA:4,1
DA:7,1
DA:11,1
DA:18,1
DA:49,1
LF:6
LH:6
BRF:0
BRH:0
end_of_record
TN:
SF:models\order.js
FN:4,(anonymous_0)
FN:6,(anonymous_1)
FNF:2
FNH:2
FNDA:1,(anonymous_0)
FNDA:1,(anonymous_1)
DA:2,1
DA:4,1
DA:7,1
DA:11,1
DA:15,1
DA:19,1
DA:26,1
DA:79,1
LF:8
LH:8
BRF:0
BRH:0
end_of_record
TN:
SF:models\orders_item.js
FN:4,(anonymous_0)
FN:6,(anonymous_1)
FNF:2
FNH:2
FNDA:1,(anonymous_0)
FNDA:1,(anonymous_1)
DA:2,1
DA:4,1
DA:7,1
DA:11,1
DA:18,1
DA:54,1
LF:6
LH:6
BRF:0
BRH:0
end_of_record
TN:
SF:models\provider.js
FN:4,(anonymous_0)
FN:6,(anonymous_1)
FNF:2
FNH:2
FNDA:1,(anonymous_0)
FNDA:1,(anonymous_1)
DA:2,1
DA:4,1
DA:7,1
DA:11,1
DA:15,1
DA:22,1
DA:60,1
LF:7
LH:7
BRF:0
BRH:0
end_of_record
TN:
SF:models\provider_transport.js
FN:4,(anonymous_0)
FN:6,(anonymous_1)
FNF:2
FNH:2
FNDA:1,(anonymous_0)
FNDA:1,(anonymous_1)
DA:2,1
DA:4,1
DA:7,1
DA:11,1
DA:18,1
DA:47,1
LF:6
LH:6
BRF:0
BRH:0
end_of_record
TN:
SF:models\purchase_order.js
FN:4,(anonymous_0)
FN:6,(anonymous_1)
FNF:2
FNH:2
FNDA:1,(anonymous_0)
FNDA:1,(anonymous_1)
DA:2,1
DA:4,1
DA:7,1
DA:11,1
DA:15,1
DA:19,1
DA:26,1
DA:87,1
LF:8
LH:8
BRF:0
BRH:0
end_of_record
TN:
SF:models\shipment.js
FN:4,(anonymous_0)
FN:6,(anonymous_1)
FNF:2
FNH:2
FNDA:1,(anonymous_0)
FNDA:1,(anonymous_1)
DA:2,1
DA:4,1
DA:7,1
DA:14,1
DA:39,1
LF:5
LH:5
BRF:0
BRH:0
end_of_record
TN:
SF:models\substance.js
FN:4,(anonymous_0)
FN:6,(anonymous_1)
FNF:2
FNH:2
FNDA:1,(anonymous_0)
FNDA:1,(anonymous_1)
DA:2,1
DA:4,1
DA:7,1
DA:11,1
DA:15,1
DA:22,1
DA:49,1
LF:7
LH:7
BRF:0
BRH:0
end_of_record
TN:
SF:src\auth\auth-middleware.ts
FN:15,(anonymous_8)
FN:15,(anonymous_9)
FN:19,(anonymous_10)
FN:19,(anonymous_11)
FN:23,(anonymous_12)
FN:29,(anonymous_13)
FN:33,(anonymous_14)
FN:37,(anonymous_15)
FN:38,(anonymous_16)
FNF:9
FNH:0
FNDA:0,(anonymous_8)
FNDA:0,(anonymous_9)
FNDA:0,(anonymous_10)
FNDA:0,(anonymous_11)
FNDA:0,(anonymous_12)
FNDA:0,(anonymous_13)
FNDA:0,(anonymous_14)
FNDA:0,(anonymous_15)
FNDA:0,(anonymous_16)
DA:2,1
DA:13,1
DA:15,1
DA:16,0
DA:19,1
DA:20,0
DA:23,1
DA:24,0
DA:25,0
DA:26,0
DA:29,1
DA:30,0
DA:33,1
DA:34,0
DA:37,1
DA:38,0
DA:40,0
DA:42,0
DA:43,0
DA:46,0
DA:48,0
DA:49,0
DA:52,0
DA:53,0
DA:56,0
DA:62,0
LF:26
LH:8
BRDA:40,0,0,0
BRDA:40,0,1,0
BRDA:40,1,0,0
BRDA:40,1,1,0
BRDA:42,2,0,0
BRDA:42,2,1,0
BRDA:48,3,0,0
BRDA:48,3,1,0
BRDA:52,4,0,0
BRDA:52,4,1,0
BRDA:52,5,0,0
BRDA:52,5,1,0
BRF:12
BRH:0
end_of_record
TN:
SF:src\customers\customers-controller.ts
FN:11,(anonymous_7)
FN:41,(anonymous_9)
FN:84,(anonymous_11)
FN:108,(anonymous_13)
FNF:4
FNH:4
FNDA:3,(anonymous_7)
FNDA:2,(anonymous_9)
FNDA:2,(anonymous_11)
FNDA:2,(anonymous_13)
DA:4,1
DA:5,1
DA:7,1
DA:12,3
DA:13,3
DA:16,3
DA:17,1
DA:20,2
DA:30,2
DA:31,1
DA:34,1
DA:36,0
DA:42,2
DA:43,2
DA:44,2
DA:47,2
DA:48,1
DA:51,1
DA:53,1
DA:54,0
DA:57,1
DA:58,1
DA:59,1
DA:60,1
DA:63,1
DA:65,1
DA:67,1
DA:71,1
DA:76,0
DA:77,0
DA:79,0
DA:85,2
DA:86,2
DA:89,2
DA:90,1
DA:93,1
DA:95,1
DA:96,0
DA:99,1
DA:101,1
DA:103,0
DA:109,2
DA:110,2
DA:113,2
DA:114,1
DA:117,1
DA:142,1
DA:144,0
LF:48
LH:40
BRDA:16,0,0,1
BRDA:16,0,1,2
BRDA:16,1,0,3
BRDA:16,1,1,3
BRDA:16,1,2,3
BRDA:30,2,0,1
BRDA:30,2,1,1
BRDA:47,3,0,1
BRDA:47,3,1,1
BRDA:47,4,0,2
BRDA:47,4,1,2
BRDA:47,4,2,2
BRDA:53,5,0,0
BRDA:53,5,1,1
BRDA:58,6,0,1
BRDA:58,6,1,0
BRDA:59,7,0,0
BRDA:59,7,1,1
BRDA:60,8,0,0
BRDA:60,8,1,1
BRDA:63,9,0,0
BRDA:63,9,1,1
BRDA:76,10,0,0
BRDA:76,10,1,0
BRDA:89,11,0,1
BRDA:89,11,1,1
BRDA:89,12,0,2
BRDA:89,12,1,2
BRDA:89,12,2,2
BRDA:95,13,0,0
BRDA:95,13,1,1
BRDA:113,14,0,1
BRDA:113,14,1,1
BRDA:113,15,0,2
BRDA:113,15,1,2
BRDA:113,15,2,2
BRF:36
BRH:28
end_of_record
